#
# A fatal error has been detected by the Java Runtime Environment:
#
#  SIGSEGV (0xb) at pc=0x0000000101fe1275, pid=40807, tid=0x0000000000002c03
#
# JRE version: Java(TM) SE Runtime Environment (8.0_172-b11) (build 1.8.0_172-b11)
# Java VM: Java HotSpot(TM) 64-Bit Server VM (25.172-b11 mixed mode bsd-amd64 compressed oops)
# Problematic frame:
# V  [libjvm.dylib+0x458275]
#
# Failed to write core dump. Core dumps have been disabled. To enable core dumping, try "ulimit -c unlimited" before starting Java again
#
# If you would like to submit a bug report, please visit:
#   http://bugreport.java.com/bugreport/crash.jsp
#

---------------  T H R E A D  ---------------

Current thread (0x00007ff01e00f000):  VMThread [stack: 0x0000700002e26000,0x0000700002f26000] [id=11267]

siginfo: si_signo: 11 (SIGSEGV), si_code: 0 (unknown), si_addr: 0x0000000000000000

Registers:
RAX=0x000000011c1e4bac, RBX=0x0000000102483aa0, RCX=0x0000000000000001, RDX=0x0000000000000000
RSP=0x0000700002f25520, RBP=0x0000700002f25540, RSI=0x0000000102483aa0, RDI=0x1c1ed67800000001
R8 =0x0000000000000000, R9 =0x00007ff01ee51c00, R10=0x0000000000000000, R11=0x00000000000032ce
R12=0x00000007c0381358, R13=0x0000000000000000, R14=0x00000007c0381568, R15=0x0000000000000007
RIP=0x0000000101fe1275, EFLAGS=0x0000000000010202, ERR=0x0000000000000000
  TRAPNO=0x000000000000000d

Top of Stack: (sp=0x0000700002f25520)
0x0000700002f25520:   00000007c0381358 0000000102483aa0
0x0000700002f25530:   00000007c0381568 0000000000000007
0x0000700002f25540:   0000700002f25570 0000000101e46718
0x0000700002f25550:   0000700002f25570 0000000102483aa0
0x0000700002f25560:   00000007c0381568 00000007c0381568
0x0000700002f25570:   0000700002f25590 0000000101e467b1
0x0000700002f25580:   0000000102483aa0 0000700002f255b0
0x0000700002f25590:   0000700002f25620 0000000101f3b50c
0x0000700002f255a0:   0000000102468ad0 0000000102f25530
0x0000700002f255b0:   00000001023c4e20 00000000000001fe
0x0000700002f255c0:   ffffffffffffff00 0000000000000004
0x0000700002f255d0:   0000000000000066 0000000000000000
0x0000700002f255e0:   0000000000000000 00007ff01f552600
0x0000700002f255f0:   0000000000000000 0000700002f25700
0x0000700002f25600:   0000000000000000 00007ff01f6f6a90
0x0000700002f25610:   0000000102483aa0 0000700002f25750
0x0000700002f25620:   0000700002f257d0 0000000102051f4b
0x0000700002f25630:   0000000102483d20 0000000000000123
0x0000700002f25640:   000000000000007d 00000000000004ca
0x0000700002f25650:   000000000000392b 000000000000003b
0x0000700002f25660:   0000000102172853 0000000000000080
0x0000700002f25670:   0000700002f256b0 00007fff984909f3
0x0000700002f25680:   0000700002f25798 000000000000007d
0x0000700002f25690:   00000000000004ca 000000000000392b
0x0000700002f256a0:   000000000000003b 00000001021a39e5
0x0000700002f256b0:   0000700002f20100 0000000102483d20
0x0000700002f256c0:   0000072c81d2cbdc 0000112d96f2a74c
0x0000700002f256d0:   0000700002f25601 00000001021a39dc
0x0000700002f256e0:   0000700002f20100 0000000102483d20
0x0000700002f256f0:   0000072c67096f9e 0000112d56ce6840
0x0000700002f25700:   000000010217287e 0000000000000100
0x0000700002f25710:   0000000102483d20 0000072c85fb734d 

Instructions: (pc=0x0000000101fe1275)
0x0000000101fe1255:   ff 48 81 c4 08 01 00 00 5b 41 5c 41 5d 41 5e 41
0x0000000101fe1265:   5f 5d c3 55 48 89 e5 41 57 41 56 53 48 83 ec 08
0x0000000101fe1275:   83 bf f8 00 00 00 00 48 89 f3 49 89 fe 7e 36 49
0x0000000101fe1285:   8d be 00 01 00 00 e8 f4 fa ff ff 48 85 c0 74 25 

Register to memory mapping:

RAX=0x000000011c1e4bac is pointing into metadata
RBX=0x0000000102483aa0: _ZN17PSParallelCompact17_is_alive_closureE+0 in /Library/Java/JavaVirtualMachines/jdk1.8.0_172.jdk/Contents/Home/jre/lib/server/libjvm.dylib at 0x0000000101b89000
RCX=0x0000000000000001 is an unknown value
RDX=0x0000000000000000 is an unknown value
RSP=0x0000700002f25520 is an unknown value
RBP=0x0000700002f25540 is an unknown value
RSI=0x0000000102483aa0: _ZN17PSParallelCompact17_is_alive_closureE+0 in /Library/Java/JavaVirtualMachines/jdk1.8.0_172.jdk/Contents/Home/jre/lib/server/libjvm.dylib at 0x0000000101b89000
RDI=0x1c1ed67800000001 is an unknown value
R8 =0x0000000000000000 is an unknown value
R9 =0x00007ff01ee51c00 is an unknown value
R10=0x0000000000000000 is an unknown value
R11=0x00000000000032ce is an unknown value
R12=0x00000007c0381358 is pointing into metadata
R13=0x0000000000000000 is an unknown value
R14=0x00000007c0381568 is pointing into metadata
R15=0x0000000000000007 is an unknown value


Stack: [0x0000700002e26000,0x0000700002f26000],  sp=0x0000700002f25520,  free space=1021k
Native frames: (J=compiled Java code, j=interpreted, Vv=VM code, C=native code)
V  [libjvm.dylib+0x458275]
V  [libjvm.dylib+0x2bd718]
V  [libjvm.dylib+0x2bd7b1]
V  [libjvm.dylib+0x3b250c]
V  [libjvm.dylib+0x4c8f4b]
V  [libjvm.dylib+0x4ca41f]
V  [libjvm.dylib+0x4cea40]
V  [libjvm.dylib+0x4a16dd]
V  [libjvm.dylib+0x5b7b9c]
V  [libjvm.dylib+0x5be449]
V  [libjvm.dylib+0x5bc9e1]
V  [libjvm.dylib+0x5bce2e]
V  [libjvm.dylib+0x5bc74d]
V  [libjvm.dylib+0x48f2f6]
C  [libsystem_pthread.dylib+0x3abb]  _pthread_body+0xb4
C  [libsystem_pthread.dylib+0x3a07]  _pthread_body+0x0
C  [libsystem_pthread.dylib+0x3231]  thread_start+0xd

VM_Operation (0x00007000042e0398): ParallelGCFailedAllocation, mode: safepoint, requested by thread 0x00007ff023828800


---------------  P R O C E S S  ---------------

Java Threads: ( => current thread )
  0x00007ff01e0e5000 JavaThread "JMX client heartbeat 4" daemon [_thread_blocked, id=29967, stack(0x0000700004d03000,0x0000700004e03000)]
  0x00007ff023d3b000 JavaThread "RMI RenewClean-[192.168.254.111:64803]" daemon [_thread_blocked, id=29447, stack(0x0000700004c00000,0x0000700004d00000)]
  0x00007ff01e61d000 JavaThread "elastic-9" daemon [_thread_blocked, id=25351, stack(0x00007000043e8000,0x00007000044e8000)]
  0x00007ff01f8d0800 JavaThread "elastic-7" daemon [_thread_blocked, id=28931, stack(0x0000700004afd000,0x0000700004bfd000)]
  0x00007ff023821800 JavaThread "elastic-6" daemon [_thread_blocked, id=28419, stack(0x00007000049fa000,0x0000700004afa000)]
  0x00007ff01e374800 JavaThread "elastic-5" daemon [_thread_blocked, id=27399, stack(0x00007000048f7000,0x00007000049f7000)]
  0x00007ff022c8a800 JavaThread "elastic-4" daemon [_thread_blocked, id=15883, stack(0x00007000047f4000,0x00007000048f4000)]
  0x00007ff022b6c000 JavaThread "RMI Scheduler(0)" daemon [_thread_blocked, id=26371, stack(0x00007000045ee000,0x00007000046ee000)]
  0x00007ff022858800 JavaThread "GC Daemon" daemon [_thread_blocked, id=25859, stack(0x00007000044eb000,0x00007000045eb000)]
  0x00007ff023086800 JavaThread "parallel-4" daemon [_thread_blocked, id=21767, stack(0x0000700003cd3000,0x0000700003dd3000)]
  0x00007ff022a4d000 JavaThread "parallel-3" daemon [_thread_blocked, id=24835, stack(0x00007000042e5000,0x00007000043e5000)]
  0x00007ff023828800 JavaThread "Timer-0" daemon [_thread_blocked, id=24323, stack(0x00007000041e2000,0x00007000042e2000)]
  0x00007ff023bf1000 JavaThread "pool-2-thread-1" [_thread_blocked, id=23811, stack(0x00007000040df000,0x00007000041df000)]
  0x00007ff01e8b7800 JavaThread "Reconciler-1" daemon [_thread_blocked, id=23299, stack(0x0000700003fdc000,0x00007000040dc000)]
  0x00007ff01fa46800 JavaThread "elastic-3" daemon [_thread_blocked, id=22787, stack(0x0000700003ed9000,0x0000700003fd9000)]
  0x00007ff01fa45800 JavaThread "parallel-2" daemon [_thread_blocked, id=22275, stack(0x0000700003dd6000,0x0000700003ed6000)]
  0x00007ff023b3a000 JavaThread "parallel-1" daemon [_thread_blocked, id=21251, stack(0x0000700003bd0000,0x0000700003cd0000)]
  0x00007ff023bf1800 JavaThread "Attach Listener" daemon [_thread_blocked, id=20739, stack(0x0000700003acd000,0x0000700003bcd000)]
  0x00007ff0213c9000 JavaThread "elastic-evictor-1" daemon [_thread_blocked, id=20227, stack(0x00007000039ca000,0x0000700003aca000)]
  0x00007ff022476800 JavaThread "SimpleLanguaserver main thread" daemon [_thread_blocked, id=19719, stack(0x00007000038c7000,0x00007000039c7000)]
  0x00007ff01db31000 JavaThread "pool-3-thread-1" [_thread_in_native, id=3851, stack(0x00007000037c4000,0x00007000038c4000)]
  0x00007ff01f000000 JavaThread "DestroyJavaVM" [_thread_blocked, id=1551, stack(0x0000700002917000,0x0000700002a17000)]
  0x00007ff0213c6800 JavaThread "LanguageServerApp-lifecycle" [_thread_blocked, id=4111, stack(0x0000700002811000,0x0000700002911000)]
  0x00007ff01e019000 JavaThread "Service Thread" daemon [_thread_blocked, id=18691, stack(0x00007000035be000,0x00007000036be000)]
  0x00007ff01e813000 JavaThread "C1 CompilerThread2" daemon [_thread_blocked, id=18179, stack(0x00007000034bb000,0x00007000035bb000)]
  0x00007ff01e812800 JavaThread "C2 CompilerThread1" daemon [_thread_blocked, id=17667, stack(0x00007000033b8000,0x00007000034b8000)]
  0x00007ff01e80e800 JavaThread "C2 CompilerThread0" daemon [_thread_blocked, id=17155, stack(0x00007000032b5000,0x00007000033b5000)]
  0x00007ff01e018800 JavaThread "Signal Dispatcher" daemon [_thread_blocked, id=16643, stack(0x00007000031b2000,0x00007000032b2000)]
  0x00007ff01d83a800 JavaThread "Finalizer" daemon [_thread_blocked, id=12291, stack(0x000070000302c000,0x000070000312c000)]
  0x00007ff01e014800 JavaThread "Reference Handler" daemon [_thread_blocked, id=11779, stack(0x0000700002f29000,0x0000700003029000)]

Other Threads:
=>0x00007ff01e00f000 VMThread [stack: 0x0000700002e26000,0x0000700002f26000] [id=11267]
  0x00007ff01f042800 WatcherThread [stack: 0x00007000036c1000,0x00007000037c1000] [id=19203]

VM state:at safepoint (normal execution)

VM Mutex/Monitor currently owned by a thread:  ([mutex/lock_event])
[0x00007ff01d50f9e0] Threads_lock - owner thread: 0x00007ff01e00f000
[0x00007ff01d50fee0] Heap_lock - owner thread: 0x00007ff023828800

Heap:
 PSYoungGen      total 271360K, used 22505K [0x0000000795580000, 0x00000007abe00000, 0x00000007c0000000)
  eden space 248832K, 0% used [0x0000000795580000,0x0000000795580000,0x00000007a4880000)
  from space 22528K, 99% used [0x00000007a4880000,0x00000007a5e7a5f0,0x00000007a5e80000)
  to   space 39936K, 0% used [0x00000007a9700000,0x00000007a9700000,0x00000007abe00000)
 ParOldGen       total 232960K, used 232921K [0x0000000740000000, 0x000000074e380000, 0x0000000795580000)
  object space 232960K, 99% used [0x0000000740000000,0x000000074e3765a0,0x000000074e380000)
 Metaspace       used 45466K, capacity 47614K, committed 47872K, reserved 1091584K
  class space    used 4977K, capacity 5347K, committed 5376K, reserved 1048576K

Card table byte_map: [0x00000001037c0000,0x0000000103bc1000] byte_map_base: 0x00000000ffdc0000

Marking Bits: (ParMarkBitMap*) 0x0000000102483ae0
 Begin Bits: [0x0000000103e6c000, 0x0000000105e6c000)
 End Bits:   [0x0000000105e6c000, 0x0000000107e6c000)

Polling page: 0x0000000102b82000

CodeCache: size=245760Kb used=36774Kb max_used=36970Kb free=208985Kb
 bounds [0x000000010956d000, 0x000000010b9fd000, 0x000000011856d000]
 total_blobs=9800 nmethods=9324 adapters=386
 compilation: enabled

Compilation events (10 events):
Event: 7871.830 Thread 0x00007ff01e813000 nmethod 13628 0x0000000109744e10 code [0x0000000109744f60, 0x0000000109745070]
Event: 7871.836 Thread 0x00007ff01e813000 13631       1       org.eclipse.lsp4j.jsonrpc.messages.RequestMessage::setMethod (6 bytes)
Event: 7871.837 Thread 0x00007ff01e813000 nmethod 13631 0x0000000109f59b10 code [0x0000000109f59c60, 0x0000000109f59d90]
Event: 7871.842 Thread 0x00007ff01e813000 13632       1       org.eclipse.lsp4j.jsonrpc.messages.RequestMessage::setParams (6 bytes)
Event: 7871.843 Thread 0x00007ff01e813000 nmethod 13632 0x000000010a255490 code [0x000000010a2555e0, 0x000000010a255710]
Event: 7871.845 Thread 0x00007ff01e813000 13629       3       reactor.core.publisher.Mono::fromFuture (12 bytes)
Event: 7871.846 Thread 0x00007ff01e813000 nmethod 13629 0x000000010a3cfbd0 code [0x000000010a3cfda0, 0x000000010a3d0418]
Event: 7871.848 Thread 0x00007ff01e813000 13630       3       reactor.core.publisher.MonoCompletionStage::<init> (18 bytes)
Event: 7871.849 Thread 0x00007ff01e813000 nmethod 13630 0x0000000109955d90 code [0x0000000109955f20, 0x00000001099562a8]
Event: 7871.869 Thread 0x00007ff01e80e800 nmethod 13626 0x000000010a985e10 code [0x000000010a986040, 0x000000010a9872a8]

GC Heap History (10 events):
Event: 7843.751 GC heap after
Heap after GC invocations=287 (full 6):
 PSYoungGen      total 230400K, used 2560K [0x0000000795580000, 0x00000007a5c00000, 0x00000007c0000000)
  eden space 227840K, 0% used [0x0000000795580000,0x0000000795580000,0x00000007a3400000)
  from space 2560K, 100% used [0x00000007a4e00000,0x00000007a5080000,0x00000007a5080000)
  to   space 7168K, 0% used [0x00000007a5500000,0x00000007a5500000,0x00000007a5c00000)
 ParOldGen       total 216576K, used 164992K [0x0000000740000000, 0x000000074d380000, 0x0000000795580000)
  object space 216576K, 76% used [0x0000000740000000,0x000000074a120110,0x000000074d380000)
 Metaspace       used 45452K, capacity 47614K, committed 47872K, reserved 1091584K
  class space    used 4977K, capacity 5347K, committed 5376K, reserved 1048576K
}
Event: 7845.197 GC heap before
{Heap before GC invocations=288 (full 6):
 PSYoungGen      total 230400K, used 230400K [0x0000000795580000, 0x00000007a5c00000, 0x00000007c0000000)
  eden space 227840K, 100% used [0x0000000795580000,0x00000007a3400000,0x00000007a3400000)
  from space 2560K, 100% used [0x00000007a4e00000,0x00000007a5080000,0x00000007a5080000)
  to   space 7168K, 0% used [0x00000007a5500000,0x00000007a5500000,0x00000007a5c00000)
 ParOldGen       total 216576K, used 164992K [0x0000000740000000, 0x000000074d380000, 0x0000000795580000)
  object space 216576K, 76% used [0x0000000740000000,0x000000074a120110,0x000000074d380000)
 Metaspace       used 45452K, capacity 47614K, committed 47872K, reserved 1091584K
  class space    used 4977K, capacity 5347K, committed 5376K, reserved 1048576K
Event: 7845.209 GC heap after
Heap after GC invocations=288 (full 6):
 PSYoungGen      total 221184K, used 944K [0x0000000795580000, 0x00000007a5600000, 0x00000007c0000000)
  eden space 220160K, 0% used [0x0000000795580000,0x0000000795580000,0x00000007a2c80000)
  from space 1024K, 92% used [0x00000007a5500000,0x00000007a55ec010,0x00000007a5600000)
  to   space 6656K, 0% used [0x00000007a4900000,0x00000007a4900000,0x00000007a4f80000)
 ParOldGen       total 216576K, used 165888K [0x0000000740000000, 0x000000074d380000, 0x0000000795580000)
  object space 216576K, 76% used [0x0000000740000000,0x000000074a200110,0x000000074d380000)
 Metaspace       used 45452K, capacity 47614K, committed 47872K, reserved 1091584K
  class space    used 4977K, capacity 5347K, committed 5376K, reserved 1048576K
}
Event: 7847.196 GC heap before
{Heap before GC invocations=289 (full 6):
 PSYoungGen      total 221184K, used 221104K [0x0000000795580000, 0x00000007a5600000, 0x00000007c0000000)
  eden space 220160K, 100% used [0x0000000795580000,0x00000007a2c80000,0x00000007a2c80000)
  from space 1024K, 92% used [0x00000007a5500000,0x00000007a55ec010,0x00000007a5600000)
  to   space 6656K, 0% used [0x00000007a4900000,0x00000007a4900000,0x00000007a4f80000)
 ParOldGen       total 216576K, used 165888K [0x0000000740000000, 0x000000074d380000, 0x0000000795580000)
  object space 216576K, 76% used [0x0000000740000000,0x000000074a200110,0x000000074d380000)
 Metaspace       used 45464K, capacity 47614K, committed 47872K, reserved 1091584K
  class space    used 4977K, capacity 5347K, committed 5376K, reserved 1048576K
Event: 7847.309 GC heap after
Heap after GC invocations=289 (full 6):
 PSYoungGen      total 256000K, used 6646K [0x0000000795580000, 0x00000007a6d00000, 0x00000007c0000000)
  eden space 249344K, 0% used [0x0000000795580000,0x0000000795580000,0x00000007a4900000)
  from space 6656K, 99% used [0x00000007a4900000,0x00000007a4f7d890,0x00000007a4f80000)
  to   space 14848K, 0% used [0x00000007a5e80000,0x00000007a5e80000,0x00000007a6d00000)
 ParOldGen       total 216576K, used 184092K [0x0000000740000000, 0x000000074d380000, 0x0000000795580000)
  object space 216576K, 85% used [0x0000000740000000,0x000000074b3c73d0,0x000000074d380000)
 Metaspace       used 45464K, capacity 47614K, committed 47872K, reserved 1091584K
  class space    used 4977K, capacity 5347K, committed 5376K, reserved 1048576K
}
Event: 7852.895 GC heap before
{Heap before GC invocations=290 (full 6):
 PSYoungGen      total 256000K, used 255990K [0x0000000795580000, 0x00000007a6d00000, 0x00000007c0000000)
  eden space 249344K, 100% used [0x0000000795580000,0x00000007a4900000,0x00000007a4900000)
  from space 6656K, 99% used [0x00000007a4900000,0x00000007a4f7d890,0x00000007a4f80000)
  to   space 14848K, 0% used [0x00000007a5e80000,0x00000007a5e80000,0x00000007a6d00000)
 ParOldGen       total 216576K, used 184092K [0x0000000740000000, 0x000000074d380000, 0x0000000795580000)
  object space 216576K, 85% used [0x0000000740000000,0x000000074b3c73d0,0x000000074d380000)
 Metaspace       used 45465K, capacity 47614K, committed 47872K, reserved 1091584K
  class space    used 4977K, capacity 5347K, committed 5376K, reserved 1048576K
Event: 7852.985 GC heap after
Heap after GC invocations=290 (full 6):
 PSYoungGen      total 263680K, used 14841K [0x0000000795580000, 0x00000007a9d00000, 0x00000007c0000000)
  eden space 248832K, 0% used [0x0000000795580000,0x0000000795580000,0x00000007a4880000)
  from space 14848K, 99% used [0x00000007a5e80000,0x00000007a6cfe5f0,0x00000007a6d00000)
  to   space 22528K, 0% used [0x00000007a4880000,0x00000007a4880000,0x00000007a5e80000)
 ParOldGen       total 216576K, used 196952K [0x0000000740000000, 0x000000074d380000, 0x0000000795580000)
  object space 216576K, 90% used [0x0000000740000000,0x000000074c0563b8,0x000000074d380000)
 Metaspace       used 45465K, capacity 47614K, committed 47872K, reserved 1091584K
  class space    used 4977K, capacity 5347K, committed 5376K, reserved 1048576K
}
Event: 7886.878 GC heap before
{Heap before GC invocations=291 (full 6):
 PSYoungGen      total 263680K, used 263673K [0x0000000795580000, 0x00000007a9d00000, 0x00000007c0000000)
  eden space 248832K, 100% used [0x0000000795580000,0x00000007a4880000,0x00000007a4880000)
  from space 14848K, 99% used [0x00000007a5e80000,0x00000007a6cfe5f0,0x00000007a6d00000)
  to   space 22528K, 0% used [0x00000007a4880000,0x00000007a4880000,0x00000007a5e80000)
 ParOldGen       total 216576K, used 196952K [0x0000000740000000, 0x000000074d380000, 0x0000000795580000)
  object space 216576K, 90% used [0x0000000740000000,0x000000074c0563b8,0x000000074d380000)
 Metaspace       used 45466K, capacity 47614K, committed 47872K, reserved 1091584K
  class space    used 4977K, capacity 5347K, committed 5376K, reserved 1048576K
Event: 7887.288 GC heap after
Heap after GC invocations=291 (full 6):
 PSYoungGen      total 271360K, used 22505K [0x0000000795580000, 0x00000007abe00000, 0x00000007c0000000)
  eden space 248832K, 0% used [0x0000000795580000,0x0000000795580000,0x00000007a4880000)
  from space 22528K, 99% used [0x00000007a4880000,0x00000007a5e7a5f0,0x00000007a5e80000)
  to   space 39936K, 0% used [0x00000007a9700000,0x00000007a9700000,0x00000007abe00000)
 ParOldGen       total 232960K, used 232921K [0x0000000740000000, 0x000000074e380000, 0x0000000795580000)
  object space 232960K, 99% used [0x0000000740000000,0x000000074e3765a0,0x000000074e380000)
 Metaspace       used 45466K, capacity 47614K, committed 47872K, reserved 1091584K
  class space    used 4977K, capacity 5347K, committed 5376K, reserved 1048576K
}
Event: 7887.288 GC heap before
{Heap before GC invocations=292 (full 7):
 PSYoungGen      total 271360K, used 22505K [0x0000000795580000, 0x00000007abe00000, 0x00000007c0000000)
  eden space 248832K, 0% used [0x0000000795580000,0x0000000795580000,0x00000007a4880000)
  from space 22528K, 99% used [0x00000007a4880000,0x00000007a5e7a5f0,0x00000007a5e80000)
  to   space 39936K, 0% used [0x00000007a9700000,0x00000007a9700000,0x00000007abe00000)
 ParOldGen       total 232960K, used 232921K [0x0000000740000000, 0x000000074e380000, 0x0000000795580000)
  object space 232960K, 99% used [0x0000000740000000,0x000000074e3765a0,0x000000074e380000)
 Metaspace       used 45466K, capacity 47614K, committed 47872K, reserved 1091584K
  class space    used 4977K, capacity 5347K, committed 5376K, reserved 1048576K

Deoptimization events (10 events):
Event: 7821.374 Thread 0x00007ff01e61d000 Uncommon trap: reason=bimorphic action=maybe_recompile pc=0x00000001098fc798 method=org.eclipse.jdt.core.dom.TypeBinding.isInterface()Z @ 4
Event: 7832.927 Thread 0x00007ff022476800 Uncommon trap: reason=class_check action=maybe_recompile pc=0x000000010b598f0c method=org.eclipse.jdt.internal.compiler.parser.Parser.consumeToken(I)V @ 1223
Event: 7833.414 Thread 0x00007ff022476800 Uncommon trap: reason=class_check action=maybe_recompile pc=0x000000010b598f0c method=org.eclipse.jdt.internal.compiler.parser.Parser.consumeToken(I)V @ 1223
Event: 7838.903 Thread 0x00007ff022476800 Uncommon trap: reason=speculate_class_check action=maybe_recompile pc=0x000000010b6fe864 method=org.eclipse.jdt.core.dom.Name.isSimpleName()Z @ 1
Event: 7839.346 Thread 0x00007ff022476800 Uncommon trap: reason=speculate_class_check action=maybe_recompile pc=0x000000010b6fe864 method=org.eclipse.jdt.core.dom.Name.isSimpleName()Z @ 1
Event: 7839.933 Thread 0x00007ff022476800 Uncommon trap: reason=speculate_class_check action=maybe_recompile pc=0x000000010a687998 method=org.eclipse.jdt.core.dom.Name.getFullyQualifiedName()Ljava/lang/String; @ 27
Event: 7840.430 Thread 0x00007ff022476800 Uncommon trap: reason=speculate_class_check action=maybe_recompile pc=0x000000010a687998 method=org.eclipse.jdt.core.dom.Name.getFullyQualifiedName()Ljava/lang/String; @ 27
Event: 7840.766 Thread 0x00007ff022476800 Uncommon trap: reason=speculate_class_check action=maybe_recompile pc=0x000000010a687998 method=org.eclipse.jdt.core.dom.Name.getFullyQualifiedName()Ljava/lang/String; @ 27
Event: 7841.086 Thread 0x00007ff022476800 Uncommon trap: reason=speculate_class_check action=maybe_recompile pc=0x000000010a687998 method=org.eclipse.jdt.core.dom.Name.getFullyQualifiedName()Ljava/lang/String; @ 27
Event: 7876.748 Thread 0x00007ff023828800 Uncommon trap: reason=predicate action=maybe_recompile pc=0x000000010a986fb4 method=com.google.common.collect.RegularImmutableMap.fromEntryArray(I[Ljava/util/Map$Entry;)Lcom/google/common/collect/RegularImmutableMap; @ 51

Classes redefined (0 events):
No events

Internal exceptions (10 events):
Event: 7766.824 Thread 0x00007ff022476800 Exception <a 'java/lang/ArrayIndexOutOfBoundsException'> (0x000000079bdc3c08) thrown at [/Users/java_re/workspace/8-2-build-macosx-x86_64/jdk8u172/10810/hotspot/src/share/vm/runtime/sharedRuntime.cpp, line 605]
Event: 7768.512 Thread 0x00007ff022476800 Exception <a 'java/lang/ArrayIndexOutOfBoundsException'> (0x0000000797484910) thrown at [/Users/java_re/workspace/8-2-build-macosx-x86_64/jdk8u172/10810/hotspot/src/share/vm/runtime/sharedRuntime.cpp, line 605]
Event: 7776.924 Thread 0x00007ff022476800 Exception <a 'java/lang/ArrayIndexOutOfBoundsException'> (0x0000000799c33ef8) thrown at [/Users/java_re/workspace/8-2-build-macosx-x86_64/jdk8u172/10810/hotspot/src/share/vm/runtime/sharedRuntime.cpp, line 605]
Event: 7777.884 Thread 0x00007ff022476800 Exception <a 'java/lang/ArrayIndexOutOfBoundsException'> (0x00000007964d3070) thrown at [/Users/java_re/workspace/8-2-build-macosx-x86_64/jdk8u172/10810/hotspot/src/share/vm/runtime/sharedRuntime.cpp, line 605]
Event: 7778.370 Thread 0x00007ff022476800 Exception <a 'java/lang/ArrayIndexOutOfBoundsException'> (0x0000000798cae518) thrown at [/Users/java_re/workspace/8-2-build-macosx-x86_64/jdk8u172/10810/hotspot/src/share/vm/runtime/sharedRuntime.cpp, line 605]
Event: 7779.026 Thread 0x00007ff022476800 Exception <a 'java/lang/ArrayIndexOutOfBoundsException'> (0x000000079b80c6b0) thrown at [/Users/java_re/workspace/8-2-build-macosx-x86_64/jdk8u172/10810/hotspot/src/share/vm/runtime/sharedRuntime.cpp, line 605]
Event: 7784.917 Thread 0x00007ff022476800 Exception <a 'java/lang/ArrayIndexOutOfBoundsException'> (0x0000000796f9bda0) thrown at [/Users/java_re/workspace/8-2-build-macosx-x86_64/jdk8u172/10810/hotspot/src/share/vm/runtime/sharedRuntime.cpp, line 605]
Event: 7785.744 Thread 0x00007ff022476800 Exception <a 'java/lang/ArrayIndexOutOfBoundsException'> (0x0000000799ab0f40) thrown at [/Users/java_re/workspace/8-2-build-macosx-x86_64/jdk8u172/10810/hotspot/src/share/vm/runtime/sharedRuntime.cpp, line 605]
Event: 7786.003 Thread 0x00007ff022476800 Exception <a 'java/lang/ArrayIndexOutOfBoundsException'> (0x000000079c30f330) thrown at [/Users/java_re/workspace/8-2-build-macosx-x86_64/jdk8u172/10810/hotspot/src/share/vm/runtime/sharedRuntime.cpp, line 605]
Event: 7786.317 Thread 0x00007ff022476800 Exception <a 'java/lang/ArrayIndexOutOfBoundsException'> (0x0000000797243160) thrown at [/Users/java_re/workspace/8-2-build-macosx-x86_64/jdk8u172/10810/hotspot/src/share/vm/runtime/sharedRuntime.cpp, line 605]

Events (10 events):
Event: 7876.748 Thread 0x00007ff023828800 Uncommon trap: trap_request=0xffffff86 fr.pc=0x000000010a986fb4
Event: 7876.748 Thread 0x00007ff023828800 DEOPT PACKING pc=0x000000010a986fb4 sp=0x00007000042e1260
Event: 7876.748 Thread 0x00007ff023828800 DEOPT UNPACKING pc=0x00000001095b273a sp=0x00007000042e1210 mode 2
Event: 7876.750 Executing VM operation: RevokeBias
Event: 7876.751 Executing VM operation: RevokeBias done
Event: 7881.762 Executing VM operation: RevokeBias
Event: 7881.762 Executing VM operation: RevokeBias done
Event: 7886.758 Executing VM operation: RevokeBias
Event: 7886.758 Executing VM operation: RevokeBias done
Event: 7886.878 Executing VM operation: ParallelGCFailedAllocation


Dynamic libraries:
0x00007fff82ce6000 	/System/Library/Frameworks/Cocoa.framework/Versions/A/Cocoa
0x00007fff89556000 	/System/Library/Frameworks/Security.framework/Versions/A/Security
0x00007fff81c03000 	/System/Library/Frameworks/ApplicationServices.framework/Versions/A/ApplicationServices
0x00007fff9830b000 	/usr/lib/libz.1.dylib
0x00007fff96dbb000 	/usr/lib/libSystem.B.dylib
0x00007fff97ac3000 	/usr/lib/libobjc.A.dylib
0x00007fff83246000 	/System/Library/Frameworks/CoreFoundation.framework/Versions/A/CoreFoundation
0x00007fff84cc4000 	/System/Library/Frameworks/Foundation.framework/Versions/C/Foundation
0x00007fff80f1a000 	/System/Library/Frameworks/AppKit.framework/Versions/C/AppKit
0x00007fff82ebe000 	/System/Library/Frameworks/CoreData.framework/Versions/A/CoreData
0x00007fff9390e000 	/System/Library/PrivateFrameworks/RemoteViewServices.framework/Versions/A/RemoteViewServices
0x00007fff958d5000 	/System/Library/PrivateFrameworks/UIFoundation.framework/Versions/A/UIFoundation
0x00007fff97407000 	/usr/lib/libenergytrace.dylib
0x00007fff9468d000 	/System/Library/PrivateFrameworks/SkyLight.framework/Versions/A/SkyLight
0x00007fff836da000 	/System/Library/Frameworks/CoreGraphics.framework/Versions/A/CoreGraphics
0x00007fff96db7000 	/usr/lib/libScreenReader.dylib
0x00007fff7fddf000 	/System/Library/Frameworks/Accelerate.framework/Versions/A/Accelerate
0x00007fff852b6000 	/System/Library/Frameworks/IOSurface.framework/Versions/A/IOSurface
0x00007fff82122000 	/System/Library/Frameworks/AudioToolbox.framework/Versions/A/AudioToolbox
0x00007fff8232f000 	/System/Library/Frameworks/AudioUnit.framework/Versions/A/AudioUnit
0x00007fff8ef77000 	/System/Library/PrivateFrameworks/DataDetectorsCore.framework/Versions/A/DataDetectorsCore
0x00007fff8f068000 	/System/Library/PrivateFrameworks/DesktopServicesPriv.framework/Versions/A/DesktopServicesPriv
0x00007fff8283a000 	/System/Library/Frameworks/Carbon.framework/Versions/A/Frameworks/HIToolbox.framework/Versions/A/HIToolbox
0x00007fff97510000 	/usr/lib/libicucore.A.dylib
0x00007fff88df6000 	/System/Library/Frameworks/QuartzCore.framework/Versions/A/QuartzCore
0x00007fff82c00000 	/System/Library/Frameworks/Carbon.framework/Versions/A/Frameworks/SpeechRecognition.framework/Versions/A/SpeechRecognition
0x00007fff96f32000 	/usr/lib/libauto.dylib
0x00007fff981f1000 	/usr/lib/libxml2.2.dylib
0x00007fff8ec36000 	/System/Library/PrivateFrameworks/CoreUI.framework/Versions/A/CoreUI
0x00007fff82e19000 	/System/Library/Frameworks/CoreAudio.framework/Versions/A/CoreAudio
0x00007fff84b30000 	/System/Library/Frameworks/DiskArbitration.framework/Versions/A/DiskArbitration
0x00007fff9773b000 	/usr/lib/liblangid.dylib
0x00007fff9298b000 	/System/Library/PrivateFrameworks/MultitouchSupport.framework/Versions/A/MultitouchSupport
0x00007fff85220000 	/System/Library/Frameworks/IOKit.framework/Versions/A/IOKit
0x00007fff96b7d000 	/usr/lib/libDiagnosticMessagesClient.dylib
0x00007fff84115000 	/System/Library/Frameworks/CoreServices.framework/Versions/A/CoreServices
0x00007fff93209000 	/System/Library/PrivateFrameworks/PerformanceAnalysis.framework/Versions/A/PerformanceAnalysis
0x00007fff90e78000 	/System/Library/PrivateFrameworks/GenerationalStorage.framework/Versions/A/GenerationalStorage
0x00007fff880d7000 	/System/Library/Frameworks/OpenGL.framework/Versions/A/OpenGL
0x00007fff83d7b000 	/System/Library/Frameworks/CoreImage.framework/Versions/A/CoreImage
0x00007fff84842000 	/System/Library/Frameworks/CoreText.framework/Versions/A/CoreText
0x00007fff85310000 	/System/Library/Frameworks/ImageIO.framework/Versions/A/ImageIO
0x00007fff8c904000 	/System/Library/PrivateFrameworks/Backup.framework/Versions/A/Backup
0x00007fff96e28000 	/usr/lib/libarchive.2.dylib
0x00007fff82498000 	/System/Library/Frameworks/CFNetwork.framework/Versions/A/CFNetwork
0x00007fff89c9a000 	/System/Library/Frameworks/SystemConfiguration.framework/Versions/A/SystemConfiguration
0x00007fff96ac4000 	/usr/lib/libCRFSuite.dylib
0x00007fff96f53000 	/usr/lib/libc++.1.dylib
0x00007fff96faa000 	/usr/lib/libc++abi.dylib
0x00007fff9832b000 	/usr/lib/system/libcache.dylib
0x00007fff98330000 	/usr/lib/system/libcommonCrypto.dylib
0x00007fff9833b000 	/usr/lib/system/libcompiler_rt.dylib
0x00007fff98343000 	/usr/lib/system/libcopyfile.dylib
0x00007fff9834c000 	/usr/lib/system/libcorecrypto.dylib
0x00007fff983cf000 	/usr/lib/system/libdispatch.dylib
0x00007fff98402000 	/usr/lib/system/libdyld.dylib
0x00007fff98408000 	/usr/lib/system/libkeymgr.dylib
0x00007fff98416000 	/usr/lib/system/liblaunch.dylib
0x00007fff98417000 	/usr/lib/system/libmacho.dylib
0x00007fff9841d000 	/usr/lib/system/libquarantine.dylib
0x00007fff98420000 	/usr/lib/system/libremovefile.dylib
0x00007fff98422000 	/usr/lib/system/libsystem_asl.dylib
0x00007fff9843b000 	/usr/lib/system/libsystem_blocks.dylib
0x00007fff9843c000 	/usr/lib/system/libsystem_c.dylib
0x00007fff984ca000 	/usr/lib/system/libsystem_configuration.dylib
0x00007fff984ce000 	/usr/lib/system/libsystem_coreservices.dylib
0x00007fff984d2000 	/usr/lib/system/libsystem_coretls.dylib
0x00007fff984eb000 	/usr/lib/system/libsystem_dnssd.dylib
0x00007fff984f2000 	/usr/lib/system/libsystem_info.dylib
0x00007fff9851c000 	/usr/lib/system/libsystem_kernel.dylib
0x00007fff9853f000 	/usr/lib/system/libsystem_m.dylib
0x00007fff98587000 	/usr/lib/system/libsystem_malloc.dylib
0x00007fff985a6000 	/usr/lib/system/libsystem_network.dylib
0x00007fff985fd000 	/usr/lib/system/libsystem_networkextension.dylib
0x00007fff98607000 	/usr/lib/system/libsystem_notify.dylib
0x00007fff98611000 	/usr/lib/system/libsystem_platform.dylib
0x00007fff9861a000 	/usr/lib/system/libsystem_pthread.dylib
0x00007fff98625000 	/usr/lib/system/libsystem_sandbox.dylib
0x00007fff98629000 	/usr/lib/system/libsystem_secinit.dylib
0x00007fff9862b000 	/usr/lib/system/libsystem_symptoms.dylib
0x00007fff98633000 	/usr/lib/system/libsystem_trace.dylib
0x00007fff98654000 	/usr/lib/system/libunwind.dylib
0x00007fff9865a000 	/usr/lib/system/libxpc.dylib
0x00007fff96f33000 	/usr/lib/libbsm.0.dylib
0x00007fff98409000 	/usr/lib/system/libkxld.dylib
0x00007fff96ffc000 	/usr/lib/libcoretls.dylib
0x00007fff96ffd000 	/usr/lib/libcoretls_cfhelpers.dylib
0x00007fff981e0000 	/usr/lib/libxar.1.dylib
0x00007fff97f5a000 	/usr/lib/libsqlite3.dylib
0x00007fff97e9b000 	/usr/lib/libpam.2.dylib
0x00007fff96db6000 	/usr/lib/libOpenScriptingUtil.dylib
0x00007fff96f44000 	/usr/lib/libbz2.1.0.dylib
0x00007fff9773d000 	/usr/lib/liblzma.5.dylib
0x00007fff97a4a000 	/usr/lib/libnetwork.dylib
0x00007fff97ea0000 	/usr/lib/libpcap.A.dylib
0x00007fff84478000 	/System/Library/Frameworks/CoreServices.framework/Versions/A/Frameworks/FSEvents.framework/Versions/A/FSEvents
0x00007fff84168000 	/System/Library/Frameworks/CoreServices.framework/Versions/A/Frameworks/CarbonCore.framework/Versions/A/CarbonCore
0x00007fff845ed000 	/System/Library/Frameworks/CoreServices.framework/Versions/A/Frameworks/Metadata.framework/Versions/A/Metadata
0x00007fff8469e000 	/System/Library/Frameworks/CoreServices.framework/Versions/A/Frameworks/OSServices.framework/Versions/A/OSServices
0x00007fff846fe000 	/System/Library/Frameworks/CoreServices.framework/Versions/A/Frameworks/SearchKit.framework/Versions/A/SearchKit
0x00007fff84116000 	/System/Library/Frameworks/CoreServices.framework/Versions/A/Frameworks/AE.framework/Versions/A/AE
0x00007fff84481000 	/System/Library/Frameworks/CoreServices.framework/Versions/A/Frameworks/LaunchServices.framework/Versions/A/LaunchServices
0x00007fff84444000 	/System/Library/Frameworks/CoreServices.framework/Versions/A/Frameworks/DictionaryServices.framework/Versions/A/DictionaryServices
0x00007fff8476f000 	/System/Library/Frameworks/CoreServices.framework/Versions/A/Frameworks/SharedFileList.framework/Versions/A/SharedFileList
0x00007fff87139000 	/System/Library/Frameworks/NetFS.framework/Versions/A/NetFS
0x00007fff92a5e000 	/System/Library/PrivateFrameworks/NetAuth.framework/Versions/A/NetAuth
0x00007fff96a6d000 	/System/Library/PrivateFrameworks/login.framework/Versions/A/Frameworks/loginsupport.framework/Versions/A/loginsupport
0x00007fff9561a000 	/System/Library/PrivateFrameworks/TCC.framework/Versions/A/TCC
0x00007fff9776e000 	/usr/lib/libmecabra.dylib
0x00007fff81c04000 	/System/Library/Frameworks/ApplicationServices.framework/Versions/A/Frameworks/ATS.framework/Versions/A/ATS
0x00007fff81f80000 	/System/Library/Frameworks/ApplicationServices.framework/Versions/A/Frameworks/ColorSync.framework/Versions/A/ColorSync
0x00007fff8202b000 	/System/Library/Frameworks/ApplicationServices.framework/Versions/A/Frameworks/HIServices.framework/Versions/A/HIServices
0x00007fff8207c000 	/System/Library/Frameworks/ApplicationServices.framework/Versions/A/Frameworks/LangAnalysis.framework/Versions/A/LangAnalysis
0x00007fff8208c000 	/System/Library/Frameworks/ApplicationServices.framework/Versions/A/Frameworks/PrintCore.framework/Versions/A/PrintCore
0x00007fff820da000 	/System/Library/Frameworks/ApplicationServices.framework/Versions/A/Frameworks/QD.framework/Versions/A/QD
0x00007fff82116000 	/System/Library/Frameworks/ApplicationServices.framework/Versions/A/Frameworks/SpeechSynthesis.framework/Versions/A/SpeechSynthesis
0x00007fff7fdf8000 	/System/Library/Frameworks/Accelerate.framework/Versions/A/Frameworks/vImage.framework/Versions/A/vImage
0x00007fff80c5d000 	/System/Library/Frameworks/Accelerate.framework/Versions/A/Frameworks/vecLib.framework/Versions/A/vecLib
0x00007fff80a57000 	/System/Library/Frameworks/Accelerate.framework/Versions/A/Frameworks/vecLib.framework/Versions/A/libvDSP.dylib
0x00007fff80601000 	/System/Library/Frameworks/Accelerate.framework/Versions/A/Frameworks/vecLib.framework/Versions/A/libBNNS.dylib
0x00007fff80a3c000 	/System/Library/Frameworks/Accelerate.framework/Versions/A/Frameworks/vecLib.framework/Versions/A/libQuadrature.dylib
0x00007fff80ba5000 	/System/Library/Frameworks/Accelerate.framework/Versions/A/Frameworks/vecLib.framework/Versions/A/libvMisc.dylib
0x00007fff80619000 	/System/Library/Frameworks/Accelerate.framework/Versions/A/Frameworks/vecLib.framework/Versions/A/libLAPACK.dylib
0x00007fff80439000 	/System/Library/Frameworks/Accelerate.framework/Versions/A/Frameworks/vecLib.framework/Versions/A/libBLAS.dylib
0x00007fff80a25000 	/System/Library/Frameworks/Accelerate.framework/Versions/A/Frameworks/vecLib.framework/Versions/A/libLinearAlgebra.dylib
0x00007fff80a43000 	/System/Library/Frameworks/Accelerate.framework/Versions/A/Frameworks/vecLib.framework/Versions/A/libSparseBLAS.dylib
0x00007fff81d0c000 	/System/Library/Frameworks/ApplicationServices.framework/Versions/A/Frameworks/ATS.framework/Versions/A/Resources/libFontParser.dylib
0x00007fff81e3b000 	/System/Library/Frameworks/ApplicationServices.framework/Versions/A/Frameworks/ATS.framework/Versions/A/Resources/libFontRegistry.dylib
0x00007fff85561000 	/System/Library/Frameworks/ImageIO.framework/Versions/A/Resources/libJPEG.dylib
0x00007fff855af000 	/System/Library/Frameworks/ImageIO.framework/Versions/A/Resources/libTIFF.dylib
0x00007fff85585000 	/System/Library/Frameworks/ImageIO.framework/Versions/A/Resources/libPng.dylib
0x00007fff8546a000 	/System/Library/Frameworks/ImageIO.framework/Versions/A/Resources/libGIF.dylib
0x00007fff8546f000 	/System/Library/Frameworks/ImageIO.framework/Versions/A/Resources/libJP2.dylib
0x00007fff855ac000 	/System/Library/Frameworks/ImageIO.framework/Versions/A/Resources/libRadiance.dylib
0x00007fff96fe6000 	/usr/lib/libcompression.dylib
0x00007fff8c45d000 	/System/Library/PrivateFrameworks/AppleJPEG.framework/Versions/A/AppleJPEG
0x00007fff9733a000 	/usr/lib/libcups.2.dylib
0x00007fff861cf000 	/System/Library/Frameworks/Kerberos.framework/Versions/A/Kerberos
0x00007fff85097000 	/System/Library/Frameworks/GSS.framework/Versions/A/GSS
0x00007fff97eee000 	/usr/lib/libresolv.9.dylib
0x00007fff9741d000 	/usr/lib/libiconv.2.dylib
0x00007fff91586000 	/System/Library/PrivateFrameworks/Heimdal.framework/Versions/A/Heimdal
0x00007fff97417000 	/usr/lib/libheimdal-asn1.dylib
0x00007fff8754f000 	/System/Library/Frameworks/OpenDirectory.framework/Versions/A/OpenDirectory
0x00007fff8dee3000 	/System/Library/PrivateFrameworks/CommonAuth.framework/Versions/A/CommonAuth
0x00007fff87535000 	/System/Library/Frameworks/OpenDirectory.framework/Versions/A/Frameworks/CFOpenDirectory.framework/Versions/A/CFOpenDirectory
0x00007fff89872000 	/System/Library/Frameworks/SecurityFoundation.framework/Versions/A/SecurityFoundation
0x00007fff91d30000 	/System/Library/PrivateFrameworks/LanguageModeling.framework/Versions/A/LanguageModeling
0x00007fff97757000 	/usr/lib/libmarisa.dylib
0x00007fff96ae0000 	/usr/lib/libChineseTokenizer.dylib
0x00007fff96fd5000 	/usr/lib/libcmph.dylib
0x00007fff8e608000 	/System/Library/PrivateFrameworks/CoreEmoji.framework/Versions/A/CoreEmoji
0x00007fff89912000 	/System/Library/Frameworks/ServiceManagement.framework/Versions/A/ServiceManagement
0x00007fff982e1000 	/usr/lib/libxslt.1.dylib
0x00007fff82b48000 	/System/Library/Frameworks/Carbon.framework/Versions/A/Frameworks/Ink.framework/Versions/A/Ink
0x00007fff956ac000 	/System/Library/PrivateFrameworks/TextureIO.framework/Versions/A/TextureIO
0x00007fff869cc000 	/System/Library/Frameworks/Metal.framework/Versions/A/Metal
0x00007fff96e54000 	/usr/lib/libate.dylib
0x00007fff90bae000 	/System/Library/PrivateFrameworks/GPUCompiler.framework/libmetal_timestamp.dylib
0x00007fff8755e000 	/System/Library/Frameworks/OpenGL.framework/Versions/A/Libraries/libCoreFSCache.dylib
0x00007fff91c0e000 	/System/Library/PrivateFrameworks/IOAccelerator.framework/Versions/A/IOAccelerator
0x00007fff8498e000 	/System/Library/Frameworks/CoreVideo.framework/Versions/A/CoreVideo
0x00007fff96b7f000 	/usr/lib/libFosl_dynamic.dylib
0x00007fff9277a000 	/System/Library/PrivateFrameworks/MetalPerformanceShaders.framework/Versions/A/MetalPerformanceShaders
0x00007fff8f444000 	/System/Library/PrivateFrameworks/FaceCore.framework/Versions/A/FaceCore
0x00007fff874e6000 	/System/Library/Frameworks/OpenCL.framework/Versions/A/OpenCL
0x00007fff8772f000 	/System/Library/Frameworks/OpenGL.framework/Versions/A/Libraries/libGLU.dylib
0x00007fff87566000 	/System/Library/Frameworks/OpenGL.framework/Versions/A/Libraries/libGFXShared.dylib
0x00007fff8756f000 	/System/Library/Frameworks/OpenGL.framework/Versions/A/Libraries/libGL.dylib
0x00007fff8757b000 	/System/Library/Frameworks/OpenGL.framework/Versions/A/Libraries/libGLImage.dylib
0x00007fff8755b000 	/System/Library/Frameworks/OpenGL.framework/Versions/A/Libraries/libCVMSPluginSupport.dylib
0x00007fff87562000 	/System/Library/Frameworks/OpenGL.framework/Versions/A/Libraries/libCoreVMClient.dylib
0x00007fff8eec6000 	/System/Library/PrivateFrameworks/CrashReporterSupport.framework/Versions/A/CrashReporterSupport
0x00007fff945f1000 	/System/Library/PrivateFrameworks/Sharing.framework/Versions/A/Sharing
0x00007fff91c2c000 	/System/Library/PrivateFrameworks/IconServices.framework/Versions/A/IconServices
0x00007fff938da000 	/System/Library/PrivateFrameworks/ProtocolBuffer.framework/Versions/A/ProtocolBuffer
0x00007fff8c343000 	/System/Library/PrivateFrameworks/Apple80211.framework/Versions/A/Apple80211
0x00007fff849c4000 	/System/Library/Frameworks/CoreWLAN.framework/Versions/A/CoreWLAN
0x00007fff8ed71000 	/System/Library/PrivateFrameworks/CoreUtils.framework/Versions/A/CoreUtils
0x00007fff8517c000 	/System/Library/Frameworks/IOBluetooth.framework/Versions/A/IOBluetooth
0x00007fff8ee60000 	/System/Library/PrivateFrameworks/CoreWiFi.framework/Versions/A/CoreWiFi
0x00007fff82eaa000 	/System/Library/Frameworks/CoreBluetooth.framework/Versions/A/CoreBluetooth
0x00007fff831b9000 	/System/Library/Frameworks/CoreDisplay.framework/Versions/A/CoreDisplay
0x00007fff91c17000 	/System/Library/PrivateFrameworks/IOPresentment.framework/Versions/A/IOPresentment
0x00007fff8f028000 	/System/Library/PrivateFrameworks/DebugSymbols.framework/Versions/A/DebugSymbols
0x00007fff8ebab000 	/System/Library/PrivateFrameworks/CoreSymbolication.framework/Versions/A/CoreSymbolication
0x00007fff951b7000 	/System/Library/PrivateFrameworks/Symbolication.framework/Versions/A/Symbolication
0x00007fff8c366000 	/System/Library/PrivateFrameworks/AppleFSCompression.framework/Versions/A/AppleFSCompression
0x00007fff94ac8000 	/System/Library/PrivateFrameworks/SpeechRecognitionCore.framework/Versions/A/SpeechRecognitionCore
0x00007fff8d59c000 	/System/Library/PrivateFrameworks/ChunkingLibrary.framework/Versions/A/ChunkingLibrary
0x0000000101b89000 	/Library/Java/JavaVirtualMachines/jdk1.8.0_172.jdk/Contents/Home/jre/lib/server/libjvm.dylib
0x00007fff9814b000 	/usr/lib/libstdc++.6.dylib
0x0000000102b3e000 	/Library/Java/JavaVirtualMachines/jdk1.8.0_172.jdk/Contents/Home/jre/lib/libverify.dylib
0x0000000102b4c000 	/Library/Java/JavaVirtualMachines/jdk1.8.0_172.jdk/Contents/Home/jre/lib/libjava.dylib
0x0000000102b8c000 	/Library/Java/JavaVirtualMachines/jdk1.8.0_172.jdk/Contents/Home/jre/lib/libzip.dylib
0x000000011a70b000 	/Library/Java/JavaVirtualMachines/jdk1.8.0_172.jdk/Contents/Home/jre/lib/libmanagement.dylib
0x000000011a719000 	/Library/Java/JavaVirtualMachines/jdk1.8.0_172.jdk/Contents/Home/jre/lib/libnet.dylib
0x000000011a677000 	/Library/Java/JavaVirtualMachines/jdk1.8.0_172.jdk/Contents/Home/jre/lib/libnio.dylib
0x00000001094de000 	/Library/Java/JavaVirtualMachines/jdk1.8.0_172.jdk/Contents/Home/jre/lib/libattach.dylib

VM Arguments:
jvm_args: -Dloader.path=/Library/Java/JavaVirtualMachines/jdk1.8.0_172.jdk/Contents/Home/lib/tools.jar -Dspring.lsp.client-port=45556 -Dserver.port=45556 -Dsts.lsp.client=vscode -Dsts.log.file=/var/folders/qy/clppl6fx669gtfmb4dn8_jf80000gq/T/vscode-spring-boot-1547656498366.log -Dlogging.file=/var/folders/qy/clppl6fx669gtfmb4dn8_jf80000gq/T/vscode-spring-boot-1547656498366.log 
java_command: /Users/a0/.vscode/extensions/pivotal.vscode-spring-boot-1.2.0/jars/spring-boot-language-server-1.2.0-SNAPSHOT.jar
java_class_path (initial): /Users/a0/.vscode/extensions/pivotal.vscode-spring-boot-1.2.0/jars/spring-boot-language-server-1.2.0-SNAPSHOT.jar
Launcher Type: SUN_STANDARD

Environment Variables:
PATH=/Users/a0/.yarn/bin:/Users/a0/.rvm/gems/ruby-2.2.6/bin:/Users/a0/.rvm/gems/ruby-2.2.6@global/bin:/Users/a0/.rvm/rubies/ruby-2.2.6/bin:/usr/bin:/bin:/usr/sbin:/sbin:/usr/local/bin:/opt/X11/bin:/Users/a0/.rvm/bin
SHELL=/bin/zsh
DISPLAY=/private/tmp/com.apple.launchd.RdP3kqBXdy/org.macosforge.xquartz:0

Signal Handlers:
SIGSEGV: [libjvm.dylib+0x5b6fd9], sa_mask[0]=11111111011111110111111111111111, sa_flags=SA_ONSTACK|SA_RESTART|SA_SIGINFO
SIGBUS: [libjvm.dylib+0x5b6fd9], sa_mask[0]=11111111011111110111111111111111, sa_flags=SA_RESTART|SA_SIGINFO
SIGFPE: [libjvm.dylib+0x48c8e8], sa_mask[0]=11111111011111110111111111111111, sa_flags=SA_RESTART|SA_SIGINFO
SIGPIPE: [libjvm.dylib+0x48c8e8], sa_mask[0]=11111111011111110111111111111111, sa_flags=SA_RESTART|SA_SIGINFO
SIGXFSZ: [libjvm.dylib+0x48c8e8], sa_mask[0]=11111111011111110111111111111111, sa_flags=SA_RESTART|SA_SIGINFO
SIGILL: [libjvm.dylib+0x48c8e8], sa_mask[0]=11111111011111110111111111111111, sa_flags=SA_RESTART|SA_SIGINFO
SIGUSR1: SIG_DFL, sa_mask[0]=00000000000000000000000000000000, sa_flags=SA_RESTART
SIGUSR2: [libjvm.dylib+0x48c406], sa_mask[0]=00000000000000000000000000000000, sa_flags=SA_RESTART|SA_SIGINFO
SIGHUP: [libjvm.dylib+0x48a9d1], sa_mask[0]=11111111011111110111111111111111, sa_flags=SA_RESTART|SA_SIGINFO
SIGINT: [libjvm.dylib+0x48a9d1], sa_mask[0]=11111111011111110111111111111111, sa_flags=SA_RESTART|SA_SIGINFO
SIGTERM: [libjvm.dylib+0x48a9d1], sa_mask[0]=11111111011111110111111111111111, sa_flags=SA_RESTART|SA_SIGINFO
SIGQUIT: [libjvm.dylib+0x48a9d1], sa_mask[0]=11111111011111110111111111111111, sa_flags=SA_RESTART|SA_SIGINFO


---------------  S Y S T E M  ---------------

OS:Bsduname:Darwin 16.0.0 Darwin Kernel Version 16.0.0: Mon Aug 29 17:56:20 PDT 2016; root:xnu-3789.1.32~3/RELEASE_X86_64 x86_64
rlimit: STACK 8192k, CORE 0k, NPROC 709, NOFILE 10240, AS infinity
load average:5.01 3.96 3.70

CPU:total 4 (initial active 4) (2 cores per cpu, 2 threads per core) family 6 model 42 stepping 7, cmov, cx8, fxsr, mmx, sse, sse2, sse3, ssse3, sse4.1, sse4.2, popcnt, avx, aes, clmul, ht, tsc, tscinvbit

Memory: 4k page, physical 8388608k(23272k free)

/proc/meminfo:


vm_info: Java HotSpot(TM) 64-Bit Server VM (25.172-b11) for bsd-amd64 JRE (1.8.0_172-b11), built on Mar 28 2018 15:38:02 by "java_re" with gcc 4.2.1 (Based on Apple Inc. build 5658) (LLVM build 2336.11.00)

time: Thu Jan 17 02:46:26 2019
elapsed time: 7888 seconds (0d 2h 11m 28s)

