#
# A fatal error has been detected by the Java Runtime Environment:
#
#  SIGBUS (0xa) at pc=0x00007fffe2b3c12d, pid=34774, tid=0x0000000000002903
#
# JRE version: Java(TM) SE Runtime Environment (8.0_161-b12) (build 1.8.0_161-b12)
# Java VM: Java HotSpot(TM) 64-Bit Server VM (25.161-b12 mixed mode bsd-amd64 compressed oops)
# Problematic frame:
# C  [libsystem_platform.dylib+0x212d]  _platform_memmove$VARIANT$Nehalem+0xcd
#
# Failed to write core dump. Core dumps have been disabled. To enable core dumping, try "ulimit -c unlimited" before starting Java again
#
# If you would like to submit a bug report, please visit:
#   http://bugreport.java.com/bugreport/crash.jsp
#

---------------  T H R E A D  ---------------

Current thread (0x00007fb086805800):  GCTaskThread [stack: 0x000070000d44c000,0x000070000d54c000] [id=10499]

siginfo: si_signo: 10 (SIGBUS), si_code: 2 (BUS_ADRERR), si_addr: 0x00000007aec80000

Registers:
RAX=0x00000007aa6961b8, RBX=0x0000000000000041, RCX=0x0000000000000008, RDX=0x0000000000055dd8
RSP=0x000070000d54bbc0, RBP=0x000070000d54bbc0, RSI=0x00000007aec7ffc8, RDI=0x00000007ab6403c0
R8 =0x00000001054ed7a6, R9 =0x00000007aa6961b8, R10=0x00000007ab6961d8, R11=0xfffffffffc9c03f8
R12=0x0000000000000000, R13=0x00000007aa6961b8, R14=0x00007fb086836180, R15=0x0000000000200004
RIP=0x00007fffe2b3c12d, EFLAGS=0x0000000000010206, ERR=0x0000000000000004
  TRAPNO=0x000000000000000e

Top of Stack: (sp=0x000070000d54bbc0)
0x000070000d54bbc0:   000070000d54bbd0 0000000104d9d4b8
0x000070000d54bbd0:   000070000d54bc40 00000001050cab88
0x000070000d54bbe0:   000070000d54bc70 00000007adcd5dc0
0x000070000d54bbf0:   00000007aa67e1b8 0000000000001000
0x000070000d54bc00:   0000000745f14e38 0000000000000400
0x000070000d54bc10:   0000000000000059 00000007aa684d6d
0x000070000d54bc20:   00000001054ed7a6 00000007aa684d6d
0x000070000d54bc30:   00000007aa684d6c 00007fb086836218
0x000070000d54bc40:   000070000d54bc60 00000001050caea7
0x000070000d54bc50:   00007fb086836180 00007fb0868361e0
0x000070000d54bc60:   000070000d54bcc0 00000001050c9ec7
0x000070000d54bc70:   00007fb086836180 0000000000000240
0x000070000d54bc80:   00000007aa684d6d 0000000104ec56da
0x000070000d54bc90:   00007fb086836180 000000074128ea18
0x000070000d54bca0:   0000000105f77475 000000074128ea00
0x000070000d54bcb0:   0000000105f77481 0000000000000240
0x000070000d54bcc0:   000070000d54bd80 0000000104d584fa
0x000070000d54bcd0:   0000000000000000 0000000000000200
0x000070000d54bce0:   fffffffefa062767 0000000000000000
0x000070000d54bcf0:   0000000105f9d897 000000010256e000
0x000070000d54bd00:   0000000105f9d898 0000000003a09400
0x000070000d54bd10:   fffffffefa088b7f 0000000003a2f898
0x000070000d54bd20:   0000000105f77480 0000000105f77401
0x000070000d54bd30:   0000000745f12e38 0000000741290050
0x000070000d54bd40:   00007fb084c018e0 00007fb086836180
0x000070000d54bd50:   00007fb084c01660 00007fb084e0cb50
0x000070000d54bd60:   0000000000000000 0000000105218e03
0x000070000d54bd70:   00007fb086836180 0000000000000001
0x000070000d54bd80:   000070000d54bdb0 00000001050cda07
0x000070000d54bd90:   00007fb000000004 00007fb084c04b60
0x000070000d54bda0:   00007fb086805800 00007fb084e0cb50
0x000070000d54bdb0:   000070000d54be90 0000000104e77ccb 

Instructions: (pc=0x00007fffe2b3c12d)
0x00007fffe2b3c10d:   74 31 0f 29 0f 0f 29 57 10 0f 29 5f 20 0f 29 67
0x00007fffe2b3c11d:   30 48 83 c7 40 0f 10 0e 0f 10 56 10 0f 10 5e 20
0x00007fffe2b3c12d:   0f 10 66 30 48 83 c6 40 48 83 ea 40 77 d4 eb 33
0x00007fffe2b3c13d:   0f 1f 00 0f 29 0f 0f 29 57 10 0f 29 5f 20 0f 29 

Register to memory mapping:

RAX=0x00000007aa6961b8 is an oop
[Ljava.lang.String; 
 - klass: 'java/lang/String'[]
 - length: 4194308
RBX=0x0000000000000041 is an unknown value
RCX=0x0000000000000008 is an unknown value
RDX=0x0000000000055dd8 is an unknown value
RSP=0x000070000d54bbc0 is an unknown value
RBP=0x000070000d54bbc0 is an unknown value
RSI=0x00000007aec7ffc8 is an oop
