#
# A fatal error has been detected by the Java Runtime Environment:
#
#  SIGSEGV (0xb) at pc=0x000000010249a33f, pid=38431, tid=0x0000000000002703
#
# JRE version: Java(TM) SE Runtime Environment (8.0_161-b12) (build 1.8.0_161-b12)
# Java VM: Java HotSpot(TM) 64-Bit Server VM (25.161-b12 mixed mode bsd-amd64 compressed oops)
# Problematic frame:
# V  [libjvm.dylib+0x49a33f]  ParMarkBitMap::mark_obj(HeapWord*, unsigned long)+0xb1
#
# Failed to write core dump. Core dumps have been disabled. To enable core dumping, try "ulimit -c unlimited" before starting Java again
#
# If you would like to submit a bug report, please visit:
#   http://bugreport.java.com/bugreport/crash.jsp
#

---------------  T H R E A D  ---------------

Current thread (0x00007f8e20817000):  GCTaskThread [stack: 0x00007000095bc000,0x00007000096bc000] [id=9987]

siginfo: si_signo: 11 (SIGSEGV), si_code: 0 (unknown), si_addr: 0x0000000000000000

Registers:
RAX=0x0000000105a2b000, RBX=0x0000000240880000, RCX=0x00000001028f6c56, RDX=0x03fffffffa0957c8
RSP=0x00007000096bbbe0, RBP=0x00007000096bbbf0, RSI=0x0000000000400000, RDI=0x00000001028f76c0
R8 =0x0000000103ac07c8, R9 =0x00000001028ed7a6, R10=0x0000000240080000, R11=0x0000000000800000
R12=0x0000000000000001, R13=0x00000007a98a8844, R14=0x000000074255f201, R15=0xffffffffd0000000
RIP=0x000000010249a33f, EFLAGS=0x0000000000010202, ERR=0x0000000000000000
  TRAPNO=0x000000000000000d

Top of Stack: (sp=0x00007000096bbbe0)
0x00007000096bbbe0:   00007f8e1ff008d0 000000074255f2b8
0x00007000096bbbf0:   00007000096bbc20 00000001022c4ec5
0x00007000096bbc00:   00007000096bbc30 00000007a98a8830
0x00007000096bbc10:   0000000000000002 00007f8e1ff008d0
0x00007000096bbc20:   00007000096bbc90 000000010247cd9c
0x00007000096bbc30:   0000000000000002 00007f8e1ff008d0
0x00007000096bbc40:   00007000096bbc70 00000001022c4edb
0x00007000096bbc50:   00007000096bbcc0 00007f8e1ff008d0
0x00007000096bbc60:   00000007c016e5d8 00000007a98a8830
0x00007000096bbc70:   00000007a98a8830 0000000102843ad0
0x00007000096bbc80:   00007f8e1ff008d0 00000007c0012108
0x00007000096bbc90:   00007000096bbcc0 000000010247c140
0x00007000096bbca0:   0000000000000000 00007f8e1ff008d0
0x00007000096bbcb0:   00007f8e1ff008d8 0000000102843ad0
0x00007000096bbcc0:   00007000096bbd50 00000001024bf194
0x00007000096bbcd0:   00007000096bbd00 00007f8e1ff00910
0x00007000096bbce0:   00007f8e1ff00958 00007f8e1ff00990
0x00007000096bbcf0:   00000007c0034340 00000007c0034348
0x00007000096bbd00:   00000007a98a8830 00000001022c19d9
0x00007000096bbd10:   00007000096bbd50 0000000747241630
0x00007000096bbd20:   0000535a000005e6 0000000000000001
0x00007000096bbd30:   00007000096bbd80 0000000102843ad0
0x00007000096bbd40:   00007f8e1ff008d0 00007000096bbd6c
0x00007000096bbd50:   00007000096bbdb0 00000001024b1933
0x00007000096bbd60:   00007f8e22d59d90 2f12a38e02277753
0x00007000096bbd70:   0000000741ac2630 0000000000000200
0x00007000096bbd80:   0000000747241630 00007f8e20817000
0x00007000096bbd90:   0000000000000000 0000000102616dee
0x00007000096bbda0:   00007f8e22d59d90 0000000000000001
0x00007000096bbdb0:   00007000096bbe90 0000000102277ccb
0x00007000096bbdc0:   00007000096bbdf0 00007f8e1fc0c6a0
0x00007000096bbdd0:   00007f8e1fc0c6d0 00007f8e1fc0c6e0 

Instructions: (pc=0x000000010249a33f)
0x000000010249a31f:   05 04 df 38 00 8a 08 48 d3 ea 88 d1 be 01 00 00
0x000000010249a32f:   00 48 d3 e6 48 83 e2 c0 48 c1 ea 03 48 8b 47 60
0x000000010249a33f:   48 8b 0c 10 48 01 c2 48 8d 3d fb c8 45 00 4c 8d
0x000000010249a34f:   05 52 34 45 00 49 89 c9 49 09 f1 49 39 c9 74 28 

Register to memory mapping:

RAX=0x0000000105a2b000 is an unknown value
RBX=0x0000000240880000 is an unknown value
RCX=0x00000001028f6c56: _ZN2os20_serialize_page_maskE+0x6 in /Library/Java/JavaVirtualMachines/jdk1.8.0_161.jdk/Contents/Home/jre/lib/server/libjvm.dylib at 0x0000000102000000
RDX=0x03fffffffa0957c8 is an unknown value
RSP=0x00007000096bbbe0 is an unknown value
RBP=0x00007000096bbbf0 is an unknown value
RSI=0x0000000000400000 is an unknown value
RDI=0x00000001028f76c0: _ZN17PSParallelCompact12_mark_bitmapE+0 in /Library/Java/JavaVirtualMachines/jdk1.8.0_161.jdk/Contents/Home/jre/lib/server/libjvm.dylib at 0x0000000102000000
R8 =0x0000000103ac07c8 is an unknown value
R9 =0x00000001028ed7a6: AssumeMP+0 in /Library/Java/JavaVirtualMachines/jdk1.8.0_161.jdk/Contents/Home/jre/lib/server/libjvm.dylib at 0x0000000102000000
R10=0x0000000240080000 is an unknown value
R11=0x0000000000800000 is an unknown value
R12=0x0000000000000001 is an unknown value
R13=0x00000007a98a8844 is an unknown value
R14=0x000000074255f201 is pointing into object: 0x000000074255f190
[C 
 - klass: {type array char}
 - length: 103
R15=0xffffffffd0000000 is an unknown value


Stack: [0x00007000095bc000,0x00007000096bc000],  sp=0x00007000096bbbe0,  free space=1022k
Native frames: (J=compiled Java code, j=interpreted, Vv=VM code, C=native code)
V  [libjvm.dylib+0x49a33f]  ParMarkBitMap::mark_obj(HeapWord*, unsigned long)+0xb1
V  [libjvm.dylib+0x2c4ec5]  void PSParallelCompact::mark_and_push<unsigned int>(ParCompactionManager*, unsigned int*)+0x7f
V  [libjvm.dylib+0x47cd9c]  void ObjArrayKlass::objarray_follow_contents<unsigned int>(ParCompactionManager*, oopDesc*, int)+0x66
V  [libjvm.dylib+0x47c140]  ObjArrayKlass::oop_follow_contents(ParCompactionManager*, oopDesc*)+0x70
V  [libjvm.dylib+0x4bf194]  ParCompactionManager::follow_marking_stacks()+0xb4
V  [libjvm.dylib+0x4b1933]  StealMarkingTask::do_it(GCTaskManager*, unsigned int)+0xd1
V  [libjvm.dylib+0x277ccb]  GCTaskThread::run()+0x1a1
V  [libjvm.dylib+0x48d83a]  java_start(Thread*)+0xf6
C  [libsystem_pthread.dylib+0x3abb]  _pthread_body+0xb4
C  [libsystem_pthread.dylib+0x3a07]  _pthread_body+0x0
C  [libsystem_pthread.dylib+0x3231]  thread_start+0xd


---------------  P R O C E S S  ---------------

Java Threads: ( => current thread )
  0x00007f8e2131a000 JavaThread "Thread-22" [_thread_blocked, id=15371, stack(0x000070000a469000,0x000070000a569000)]
  0x00007f8e21c10800 JavaThread "http-nio-9000-AsyncTimeout" daemon [_thread_blocked, id=31763, stack(0x000070000bd31000,0x000070000be31000)]
  0x00007f8e2198d800 JavaThread "File Watcher" daemon [_thread_blocked, id=23583, stack(0x000070000a56c000,0x000070000a66c000)]
  0x00007f8e21a5c000 JavaThread "DestroyJavaVM" [_thread_blocked, id=7171, stack(0x00007000093b6000,0x00007000094b6000)]
  0x00007f8e22f16800 JavaThread "Live Reload Server" daemon [_thread_in_native, id=24327, stack(0x000070000abfe000,0x000070000acfe000)]
  0x00007f8e229b7800 JavaThread "Abandoned connection cleanup thread" daemon [_thread_blocked, id=22787, stack(0x000070000a8f5000,0x000070000a9f5000)]
  0x00007f8e21033000 JavaThread "RMI TCP Accept-0" daemon [_thread_in_native, id=19203, stack(0x000070000a1e0000,0x000070000a2e0000)]
  0x00007f8e20227000 JavaThread "RMI TCP Accept-58756" daemon [_thread_in_native, id=13831, stack(0x000070000a0dd000,0x000070000a1dd000)]
  0x00007f8e20d7e000 JavaThread "RMI TCP Accept-0" daemon [_thread_in_native, id=4359, stack(0x000070000922d000,0x000070000932d000)]
  0x00007f8e20881800 JavaThread "Service Thread" daemon [_thread_blocked, id=18691, stack(0x0000700009fda000,0x000070000a0da000)]
  0x00007f8e20029800 JavaThread "C1 CompilerThread2" daemon [_thread_blocked, id=18179, stack(0x0000700009ed7000,0x0000700009fd7000)]
  0x00007f8e20029000 JavaThread "C2 CompilerThread1" daemon [_thread_blocked, id=17667, stack(0x0000700009dd4000,0x0000700009ed4000)]
  0x00007f8e20880800 JavaThread "C2 CompilerThread0" daemon [_thread_blocked, id=17155, stack(0x0000700009cd1000,0x0000700009dd1000)]
  0x00007f8e20880000 JavaThread "Signal Dispatcher" daemon [_thread_blocked, id=16643, stack(0x0000700009bce000,0x0000700009cce000)]
  0x00007f8e20869800 JavaThread "Finalizer" daemon [_thread_blocked, id=11523, stack(0x0000700009acb000,0x0000700009bcb000)]
  0x00007f8e2001a000 JavaThread "Reference Handler" daemon [_thread_blocked, id=4871, stack(0x00007000099c8000,0x0000700009ac8000)]

Other Threads:
  0x00007f8e20019800 VMThread [stack: 0x00007000098c5000,0x00007000099c5000] [id=3847]
  0x00007f8e20d9f800 WatcherThread [stack: 0x000070000a2e3000,0x000070000a3e3000] [id=19715]

=>0x00007f8e20817000 (exited) GCTaskThread [stack: 0x00007000095bc000,0x00007000096bc000] [id=9987]

VM state:at safepoint (normal execution)

VM Mutex/Monitor currently owned by a thread:  ([mutex/lock_event])
[0x00007f8e1fd0a9f0] Threads_lock - owner thread: 0x00007f8e20019800
[0x00007f8e1fd0aef0] Heap_lock - owner thread: 0x00007f8e2131a000

Heap:
 PSYoungGen      total 382976K, used 25899K [0x0000000795580000, 0x00000007b0400000, 0x00000007c0000000)
  eden space 324096K, 0% used [0x0000000795580000,0x0000000795580000,0x00000007a9200000)
  from space 58880K, 43% used [0x00000007a9200000,0x00000007aab4ad10,0x00000007acb80000)
  to   space 56320K, 0% used [0x00000007acd00000,0x00000007acd00000,0x00000007b0400000)
 ParOldGen       total 156672K, used 120541K [0x0000000740000000, 0x0000000749900000, 0x0000000795580000)
  object space 156672K, 76% used [0x0000000740000000,0x00000007475b75f8,0x0000000749900000)
 Metaspace       used 77217K, capacity 79800K, committed 79960K, reserved 1120256K
  class space    used 9304K, capacity 9784K, committed 9856K, reserved 1048576K

Card table byte_map: [0x000000010337f000,0x0000000103780000] byte_map_base: 0x00000000ff97f000

Marking Bits: (ParMarkBitMap*) 0x00000001028f76c0
 Begin Bits: [0x0000000103a2b000, 0x0000000105a2b000)
 End Bits:   [0x0000000105a2b000, 0x0000000107a2b000)

Polling page: 0x00000001017fc000

CodeCache: size=245760Kb used=28580Kb max_used=28580Kb free=217179Kb
 bounds [0x000000010ded8000, 0x000000010fac8000, 0x000000011ced8000]
 total_blobs=14348 nmethods=13555 adapters=704
 compilation: enabled

Compilation events (10 events):
Event: 8845.067 Thread 0x00007f8e20029800 13808       1       org.h2.schema.Sequence::removeChildrenAndResources (17 bytes)
Event: 8845.067 Thread 0x00007f8e20029800 nmethod 13808 0x000000010fac45d0 code [0x000000010fac4740, 0x000000010fac48b8]
Event: 8845.132 Thread 0x00007f8e20029800 13809       1       org.h2.engine.Session::getId (5 bytes)
Event: 8845.132 Thread 0x00007f8e20029800 nmethod 13809 0x000000010fac4990 code [0x000000010fac4ae0, 0x000000010fac4bf0]
Event: 8845.141 Thread 0x00007f8e20029800 13810       1       java.net.InetAddress::holder (5 bytes)
Event: 8845.141 Thread 0x00007f8e20029800 nmethod 13810 0x000000010fac4c50 code [0x000000010fac4da0, 0x000000010fac4eb0]
Event: 8845.606 Thread 0x00007f8e20029800 13811       1       java.util.concurrent.atomic.AtomicInteger::compareAndSet (13 bytes)
Event: 8845.606 Thread 0x00007f8e20029800 nmethod 13811 0x000000010fac4f10 code [0x000000010fac5060, 0x000000010fac5190]
Event: 8845.610 Thread 0x00007f8e20029800 13812       1       java.util.concurrent.locks.AbstractQueuedSynchronizer$Node::predecessor (19 bytes)
Event: 8845.610 Thread 0x00007f8e20029800 nmethod 13812 0x000000010fac51d0 code [0x000000010fac5340, 0x000000010fac5508]

GC Heap History (10 events):
Event: 8821.182 GC heap after
Heap after GC invocations=82 (full 5):
 PSYoungGen      total 290816K, used 30185K [0x0000000795580000, 0x00000007ac700000, 0x00000007c0000000)
  eden space 246272K, 0% used [0x0000000795580000,0x0000000795580000,0x00000007a4600000)
  from space 44544K, 67% used [0x00000007a4600000,0x00000007a637a6a0,0x00000007a7180000)
  to   space 47104K, 0% used [0x00000007a9900000,0x00000007a9900000,0x00000007ac700000)
 ParOldGen       total 156672K, used 94238K [0x0000000740000000, 0x0000000749900000, 0x0000000795580000)
  object space 156672K, 60% used [0x0000000740000000,0x0000000745c07870,0x0000000749900000)
 Metaspace       used 73054K, capacity 75228K, committed 75480K, reserved 1116160K
  class space    used 9031K, capacity 9425K, committed 9472K, reserved 1048576K
}
Event: 8822.330 GC heap before
{Heap before GC invocations=83 (full 5):
 PSYoungGen      total 290816K, used 276457K [0x0000000795580000, 0x00000007ac700000, 0x00000007c0000000)
  eden space 246272K, 100% used [0x0000000795580000,0x00000007a4600000,0x00000007a4600000)
  from space 44544K, 67% used [0x00000007a4600000,0x00000007a637a6a0,0x00000007a7180000)
  to   space 47104K, 0% used [0x00000007a9900000,0x00000007a9900000,0x00000007ac700000)
 ParOldGen       total 156672K, used 94238K [0x0000000740000000, 0x0000000749900000, 0x0000000795580000)
  object space 156672K, 60% used [0x0000000740000000,0x0000000745c07870,0x0000000749900000)
 Metaspace       used 74193K, capacity 76360K, committed 76632K, reserved 1116160K
  class space    used 9100K, capacity 9523K, committed 9600K, reserved 1048576K
Event: 8822.515 GC heap after
Heap after GC invocations=83 (full 5):
 PSYoungGen      total 328192K, used 32497K [0x0000000795580000, 0x00000007ad200000, 0x00000007c0000000)
  eden space 281088K, 0% used [0x0000000795580000,0x0000000795580000,0x00000007a6800000)
  from space 47104K, 68% used [0x00000007a9900000,0x00000007ab8bc518,0x00000007ac700000)
  to   space 50176K, 0% used [0x00000007a6800000,0x00000007a6800000,0x00000007a9900000)
 ParOldGen       total 156672K, used 108238K [0x0000000740000000, 0x0000000749900000, 0x0000000795580000)
  object space 156672K, 69% used [0x0000000740000000,0x00000007469b3818,0x0000000749900000)
 Metaspace       used 74193K, capacity 76360K, committed 76632K, reserved 1116160K
  class space    used 9100K, capacity 9523K, committed 9600K, reserved 1048576K
}
Event: 8826.877 GC heap before
{Heap before GC invocations=84 (full 5):
 PSYoungGen      total 328192K, used 313585K [0x0000000795580000, 0x00000007ad200000, 0x00000007c0000000)
  eden space 281088K, 100% used [0x0000000795580000,0x00000007a6800000,0x00000007a6800000)
  from space 47104K, 68% used [0x00000007a9900000,0x00000007ab8bc518,0x00000007ac700000)
  to   space 50176K, 0% used [0x00000007a6800000,0x00000007a6800000,0x00000007a9900000)
 ParOldGen       total 156672K, used 108238K [0x0000000740000000, 0x0000000749900000, 0x0000000795580000)
  object space 156672K, 69% used [0x0000000740000000,0x00000007469b3818,0x0000000749900000)
 Metaspace       used 75470K, capacity 77706K, committed 77912K, reserved 1118208K
  class space    used 9172K, capacity 9582K, committed 9600K, reserved 1048576K
Event: 8826.953 GC heap after
Heap after GC invocations=84 (full 5):
 PSYoungGen      total 331264K, used 38362K [0x0000000795580000, 0x00000007b0080000, 0x00000007c0000000)
  eden space 281088K, 0% used [0x0000000795580000,0x0000000795580000,0x00000007a6800000)
  from space 50176K, 76% used [0x00000007a6800000,0x00000007a8d76a68,0x00000007a9900000)
  to   space 54272K, 0% used [0x00000007acb80000,0x00000007acb80000,0x00000007b0080000)
 ParOldGen       total 156672K, used 112638K [0x0000000740000000, 0x0000000749900000, 0x0000000795580000)
  object space 156672K, 71% used [0x0000000740000000,0x0000000746dff818,0x0000000749900000)
 Metaspace       used 75470K, capacity 77706K, committed 77912K, reserved 1118208K
  class space    used 9172K, capacity 9582K, committed 9600K, reserved 1048576K
}
Event: 8832.021 GC heap before
{Heap before GC invocations=85 (full 5):
 PSYoungGen      total 331264K, used 319450K [0x0000000795580000, 0x00000007b0080000, 0x00000007c0000000)
  eden space 281088K, 100% used [0x0000000795580000,0x00000007a6800000,0x00000007a6800000)
  from space 50176K, 76% used [0x00000007a6800000,0x00000007a8d76a68,0x00000007a9900000)
  to   space 54272K, 0% used [0x00000007acb80000,0x00000007acb80000,0x00000007b0080000)
 ParOldGen       total 156672K, used 112638K [0x0000000740000000, 0x0000000749900000, 0x0000000795580000)
  object space 156672K, 71% used [0x0000000740000000,0x0000000746dff818,0x0000000749900000)
 Metaspace       used 77146K, capacity 79650K, committed 79960K, reserved 1120256K
  class space    used 9291K, capacity 9758K, committed 9856K, reserved 1048576K
Event: 8832.233 GC heap after
Heap after GC invocations=85 (full 5):
 PSYoungGen      total 378368K, used 41383K [0x0000000795580000, 0x00000007b0900000, 0x00000007c0000000)
  eden space 324096K, 0% used [0x0000000795580000,0x0000000795580000,0x00000007a9200000)
  from space 54272K, 76% used [0x00000007acb80000,0x00000007af3e9f70,0x00000007b0080000)
  to   space 58880K, 0% used [0x00000007a9200000,0x00000007a9200000,0x00000007acb80000)
 ParOldGen       total 156672K, used 117854K [0x0000000740000000, 0x0000000749900000, 0x0000000795580000)
  object space 156672K, 75% used [0x0000000740000000,0x0000000747317818,0x0000000749900000)
 Metaspace       used 77146K, capacity 79650K, committed 79960K, reserved 1120256K
  class space    used 9291K, capacity 9758K, committed 9856K, reserved 1048576K
}
Event: 8845.615 GC heap before
{Heap before GC invocations=86 (full 5):
 PSYoungGen      total 378368K, used 258724K [0x0000000795580000, 0x00000007b0900000, 0x00000007c0000000)
  eden space 324096K, 67% used [0x0000000795580000,0x00000007a29bf2b0,0x00000007a9200000)
  from space 54272K, 76% used [0x00000007acb80000,0x00000007af3e9f70,0x00000007b0080000)
  to   space 58880K, 0% used [0x00000007a9200000,0x00000007a9200000,0x00000007acb80000)
 ParOldGen       total 156672K, used 117854K [0x0000000740000000, 0x0000000749900000, 0x0000000795580000)
  object space 156672K, 75% used [0x0000000740000000,0x0000000747317818,0x0000000749900000)
 Metaspace       used 77217K, capacity 79800K, committed 79960K, reserved 1120256K
  class space    used 9304K, capacity 9784K, committed 9856K, reserved 1048576K
Event: 8845.727 GC heap after
Heap after GC invocations=86 (full 5):
 PSYoungGen      total 382976K, used 25899K [0x0000000795580000, 0x00000007b0400000, 0x00000007c0000000)
  eden space 324096K, 0% used [0x0000000795580000,0x0000000795580000,0x00000007a9200000)
  from space 58880K, 43% used [0x00000007a9200000,0x00000007aab4ad10,0x00000007acb80000)
  to   space 56320K, 0% used [0x00000007acd00000,0x00000007acd00000,0x00000007b0400000)
 ParOldGen       total 156672K, used 120541K [0x0000000740000000, 0x0000000749900000, 0x0000000795580000)
  object space 156672K, 76% used [0x0000000740000000,0x00000007475b75f8,0x0000000749900000)
 Metaspace       used 77217K, capacity 79800K, committed 79960K, reserved 1120256K
  class space    used 9304K, capacity 9784K, committed 9856K, reserved 1048576K
}
Event: 8845.727 GC heap before
{Heap before GC invocations=87 (full 6):
 PSYoungGen      total 382976K, used 25899K [0x0000000795580000, 0x00000007b0400000, 0x00000007c0000000)
  eden space 324096K, 0% used [0x0000000795580000,0x0000000795580000,0x00000007a9200000)
  from space 58880K, 43% used [0x00000007a9200000,0x00000007aab4ad10,0x00000007acb80000)
  to   space 56320K, 0% used [0x00000007acd00000,0x00000007acd00000,0x00000007b0400000)
 ParOldGen       total 156672K, used 120541K [0x0000000740000000, 0x0000000749900000, 0x0000000795580000)
  object space 156672K, 76% used [0x0000000740000000,0x00000007475b75f8,0x0000000749900000)
 Metaspace       used 77217K, capacity 79800K, committed 79960K, reserved 1120256K
  class space    used 9304K, capacity 9784K, committed 9856K, reserved 1048576K

Deoptimization events (0 events):
No events

Classes redefined (0 events):
No events

Internal exceptions (10 events):
Event: 8833.546 Thread 0x00007f8e22c11800 Exception <a 'java/lang/ArrayIndexOutOfBoundsException'> (0x00000007999ee3c0) thrown at [/Users/java_re/workspace/8-2-build-macosx-x86_64/jdk8u161/10277/hotspot/src/share/vm/runtime/sharedRuntime.cpp, line 605]
Event: 8833.578 Thread 0x00007f8e22c11800 Exception <a 'java/lang/ArrayIndexOutOfBoundsException'> (0x0000000799a6b040) thrown at [/Users/java_re/workspace/8-2-build-macosx-x86_64/jdk8u161/10277/hotspot/src/share/vm/runtime/sharedRuntime.cpp, line 605]
Event: 8833.665 Thread 0x00007f8e22c11800 Exception <a 'java/lang/ArrayIndexOutOfBoundsException'> (0x0000000799f4c5a0) thrown at [/Users/java_re/workspace/8-2-build-macosx-x86_64/jdk8u161/10277/hotspot/src/share/vm/runtime/sharedRuntime.cpp, line 605]
Event: 8833.695 Thread 0x00007f8e22c11800 Exception <a 'java/lang/ArrayIndexOutOfBoundsException'> (0x000000079a04d1b0) thrown at [/Users/java_re/workspace/8-2-build-macosx-x86_64/jdk8u161/10277/hotspot/src/share/vm/runtime/sharedRuntime.cpp, line 605]
Event: 8833.762 Thread 0x00007f8e22c11800 Exception <a 'java/lang/ArrayIndexOutOfBoundsException'> (0x000000079a1f4d50) thrown at [/Users/java_re/workspace/8-2-build-macosx-x86_64/jdk8u161/10277/hotspot/src/share/vm/runtime/sharedRuntime.cpp, line 605]
Event: 8833.784 Thread 0x00007f8e22c11800 Exception <a 'java/lang/ArrayIndexOutOfBoundsException'> (0x000000079a3104f8) thrown at [/Users/java_re/workspace/8-2-build-macosx-x86_64/jdk8u161/10277/hotspot/src/share/vm/runtime/sharedRuntime.cpp, line 605]
Event: 8833.898 Thread 0x00007f8e22c11800 Exception <a 'java/lang/ArrayIndexOutOfBoundsException'> (0x000000079a877058) thrown at [/Users/java_re/workspace/8-2-build-macosx-x86_64/jdk8u161/10277/hotspot/src/share/vm/runtime/sharedRuntime.cpp, line 605]
Event: 8844.901 Thread 0x00007f8e205d9800 Exception <a 'java/net/SocketException': Socket closed> (0x00000007a0338580) thrown at [/Users/java_re/workspace/8-2-build-macosx-x86_64/jdk8u161/10277/hotspot/src/share/vm/prims/jni.cpp, line 735]
Event: 8845.196 Thread 0x00007f8e22fbc800 Exception <a 'java/lang/InterruptedException': sleep interrupted> (0x00000007a16d8668) thrown at [/Users/java_re/workspace/8-2-build-macosx-x86_64/jdk8u161/10277/hotspot/src/share/vm/prims/jvm.cpp, line 3228]
Event: 8845.610 Thread 0x00007f8e21c45000 Exception <a 'java/lang/InterruptedException': sleep interrupted> (0x00000007a282a100) thrown at [/Users/java_re/workspace/8-2-build-macosx-x86_64/jdk8u161/10277/hotspot/src/share/vm/prims/jvm.cpp, line 3228]

Events (10 events):
Event: 8845.610 Executing VM operation: RevokeBias done
Event: 8845.610 Executing VM operation: RevokeBias
Event: 8845.611 Executing VM operation: RevokeBias done
Event: 8845.611 Executing VM operation: RevokeBias
Event: 8845.611 Executing VM operation: RevokeBias done
Event: 8845.611 Thread 0x00007f8e22fbc800 Thread exited: 0x00007f8e22fbc800
Event: 8845.611 Executing VM operation: RevokeBias
Event: 8845.611 Executing VM operation: RevokeBias done
Event: 8845.612 Thread 0x00007f8e20618800 Thread exited: 0x00007f8e20618800
Event: 8845.615 Executing VM operation: ParallelGCSystemGC


Dynamic libraries:
0x000000000df6d000 	/System/Library/Frameworks/Cocoa.framework/Versions/A/Cocoa
0x000000000df6d000 	/System/Library/Frameworks/Security.framework/Versions/A/Security
0x000000000df6d000 	/System/Library/Frameworks/ApplicationServices.framework/Versions/A/ApplicationServices
0x000000000df6d000 	/usr/lib/libz.1.dylib
0x000000000df6d000 	/usr/lib/libSystem.B.dylib
0x000000000df6d000 	/usr/lib/libobjc.A.dylib
0x000000000df6d000 	/System/Library/Frameworks/CoreFoundation.framework/Versions/A/CoreFoundation
0x000000000df6d000 	/System/Library/Frameworks/Foundation.framework/Versions/C/Foundation
0x000000000df6d000 	/System/Library/Frameworks/AppKit.framework/Versions/C/AppKit
0x000000000df6d000 	/System/Library/Frameworks/CoreData.framework/Versions/A/CoreData
0x000000000df6d000 	/System/Library/PrivateFrameworks/RemoteViewServices.framework/Versions/A/RemoteViewServices
0x000000000df6d000 	/System/Library/PrivateFrameworks/UIFoundation.framework/Versions/A/UIFoundation
0x000000000df6d000 	/usr/lib/libenergytrace.dylib
0x000000000df6d000 	/System/Library/PrivateFrameworks/SkyLight.framework/Versions/A/SkyLight
0x000000000df6d000 	/System/Library/Frameworks/CoreGraphics.framework/Versions/A/CoreGraphics
0x000000000df6d000 	/usr/lib/libScreenReader.dylib
0x000000000df6d000 	/System/Library/Frameworks/Accelerate.framework/Versions/A/Accelerate
0x000000000df6d000 	/System/Library/Frameworks/IOSurface.framework/Versions/A/IOSurface
0x000000000df6d000 	/System/Library/Frameworks/AudioToolbox.framework/Versions/A/AudioToolbox
0x000000000df6d000 	/System/Library/Frameworks/AudioUnit.framework/Versions/A/AudioUnit
0x000000000df6d000 	/System/Library/PrivateFrameworks/DataDetectorsCore.framework/Versions/A/DataDetectorsCore
0x000000000df6d000 	/System/Library/PrivateFrameworks/DesktopServicesPriv.framework/Versions/A/DesktopServicesPriv
0x000000000df6d000 	/System/Library/Frameworks/Carbon.framework/Versions/A/Frameworks/HIToolbox.framework/Versions/A/HIToolbox
0x000000000df6d000 	/usr/lib/libicucore.A.dylib
0x000000000df6d000 	/System/Library/Frameworks/QuartzCore.framework/Versions/A/QuartzCore
0x000000000df6d000 	/System/Library/Frameworks/Carbon.framework/Versions/A/Frameworks/SpeechRecognition.framework/Versions/A/SpeechRecognition
0x000000000df6d000 	/usr/lib/libauto.dylib
0x000000000df6d000 	/usr/lib/libxml2.2.dylib
0x000000000df6d000 	/System/Library/PrivateFrameworks/CoreUI.framework/Versions/A/CoreUI
0x000000000df6d000 	/System/Library/Frameworks/CoreAudio.framework/Versions/A/CoreAudio
0x000000000df6d000 	/System/Library/Frameworks/DiskArbitration.framework/Versions/A/DiskArbitration
0x000000000df6d000 	/usr/lib/liblangid.dylib
0x000000000df6d000 	/System/Library/PrivateFrameworks/MultitouchSupport.framework/Versions/A/MultitouchSupport
0x000000000df6d000 	/System/Library/Frameworks/IOKit.framework/Versions/A/IOKit
0x000000000df6d000 	/usr/lib/libDiagnosticMessagesClient.dylib
0x000000000df6d000 	/System/Library/Frameworks/CoreServices.framework/Versions/A/CoreServices
0x000000000df6d000 	/System/Library/PrivateFrameworks/PerformanceAnalysis.framework/Versions/A/PerformanceAnalysis
0x000000000df6d000 	/System/Library/PrivateFrameworks/GenerationalStorage.framework/Versions/A/GenerationalStorage
0x000000000df6d000 	/System/Library/Frameworks/OpenGL.framework/Versions/A/OpenGL
0x000000000df6d000 	/System/Library/Frameworks/CoreImage.framework/Versions/A/CoreImage
0x000000000df6d000 	/System/Library/Frameworks/CoreText.framework/Versions/A/CoreText
0x000000000df6d000 	/System/Library/Frameworks/ImageIO.framework/Versions/A/ImageIO
0x000000000df6d000 	/System/Library/PrivateFrameworks/Backup.framework/Versions/A/Backup
0x000000000df6d000 	/usr/lib/libarchive.2.dylib
0x000000000df6d000 	/System/Library/Frameworks/CFNetwork.framework/Versions/A/CFNetwork
0x000000000df6d000 	/System/Library/Frameworks/SystemConfiguration.framework/Versions/A/SystemConfiguration
0x000000000df6d000 	/usr/lib/libCRFSuite.dylib
0x000000000df6d000 	/usr/lib/libc++.1.dylib
0x000000000df6d000 	/usr/lib/libc++abi.dylib
0x000000000df6d000 	/usr/lib/system/libcache.dylib
0x000000000df6d000 	/usr/lib/system/libcommonCrypto.dylib
0x000000000df6d000 	/usr/lib/system/libcompiler_rt.dylib
0x000000000df6d000 	/usr/lib/system/libcopyfile.dylib
0x000000000df6d000 	/usr/lib/system/libcorecrypto.dylib
0x000000000df6d000 	/usr/lib/system/libdispatch.dylib
0x000000000df6d000 	/usr/lib/system/libdyld.dylib
0x000000000df6d000 	/usr/lib/system/libkeymgr.dylib
0x000000000df6d000 	/usr/lib/system/liblaunch.dylib
0x000000000df6d000 	/usr/lib/system/libmacho.dylib
0x000000000df6d000 	/usr/lib/system/libquarantine.dylib
0x000000000df6d000 	/usr/lib/system/libremovefile.dylib
0x000000000df6d000 	/usr/lib/system/libsystem_asl.dylib
0x000000000df6d000 	/usr/lib/system/libsystem_blocks.dylib
0x000000000df6d000 	/usr/lib/system/libsystem_c.dylib
0x000000000df6d000 	/usr/lib/system/libsystem_configuration.dylib
0x000000000df6d000 	/usr/lib/system/libsystem_coreservices.dylib
0x000000000df6d000 	/usr/lib/system/libsystem_coretls.dylib
0x000000000df6d000 	/usr/lib/system/libsystem_dnssd.dylib
0x000000000df6d000 	/usr/lib/system/libsystem_info.dylib
0x000000000df6d000 	/usr/lib/system/libsystem_kernel.dylib
0x000000000df6d000 	/usr/lib/system/libsystem_m.dylib
0x000000000df6d000 	/usr/lib/system/libsystem_malloc.dylib
0x000000000df6d000 	/usr/lib/system/libsystem_network.dylib
0x000000000df6d000 	/usr/lib/system/libsystem_networkextension.dylib
0x000000000df6d000 	/usr/lib/system/libsystem_notify.dylib
0x000000000df6d000 	/usr/lib/system/libsystem_platform.dylib
0x000000000df6d000 	/usr/lib/system/libsystem_pthread.dylib
0x000000000df6d000 	/usr/lib/system/libsystem_sandbox.dylib
0x000000000df6d000 	/usr/lib/system/libsystem_secinit.dylib
0x000000000df6d000 	/usr/lib/system/libsystem_symptoms.dylib
0x000000000df6d000 	/usr/lib/system/libsystem_trace.dylib
0x000000000df6d000 	/usr/lib/system/libunwind.dylib
0x000000000df6d000 	/usr/lib/system/libxpc.dylib
0x000000000df6d000 	/usr/lib/libbsm.0.dylib
0x000000000df6d000 	/usr/lib/system/libkxld.dylib
0x000000000df6d000 	/usr/lib/libcoretls.dylib
0x000000000df6d000 	/usr/lib/libcoretls_cfhelpers.dylib
0x000000000df6d000 	/usr/lib/libxar.1.dylib
0x000000000df6d000 	/usr/lib/libsqlite3.dylib
0x000000000df6d000 	/usr/lib/libpam.2.dylib
0x000000000df6d000 	/usr/lib/libOpenScriptingUtil.dylib
0x000000000df6d000 	/usr/lib/libbz2.1.0.dylib
0x000000000df6d000 	/usr/lib/liblzma.5.dylib
0x000000000df6d000 	/usr/lib/libnetwork.dylib
0x000000000df6d000 	/usr/lib/libpcap.A.dylib
0x000000000df6d000 	/System/Library/Frameworks/CoreServices.framework/Versions/A/Frameworks/FSEvents.framework/Versions/A/FSEvents
0x000000000df6d000 	/System/Library/Frameworks/CoreServices.framework/Versions/A/Frameworks/CarbonCore.framework/Versions/A/CarbonCore
0x000000000df6d000 	/System/Library/Frameworks/CoreServices.framework/Versions/A/Frameworks/Metadata.framework/Versions/A/Metadata
0x000000000df6d000 	/System/Library/Frameworks/CoreServices.framework/Versions/A/Frameworks/OSServices.framework/Versions/A/OSServices
0x000000000df6d000 	/System/Library/Frameworks/CoreServices.framework/Versions/A/Frameworks/SearchKit.framework/Versions/A/SearchKit
0x000000000df6d000 	/System/Library/Frameworks/CoreServices.framework/Versions/A/Frameworks/AE.framework/Versions/A/AE
0x000000000df6d000 	/System/Library/Frameworks/CoreServices.framework/Versions/A/Frameworks/LaunchServices.framework/Versions/A/LaunchServices
0x000000000df6d000 	/System/Library/Frameworks/CoreServices.framework/Versions/A/Frameworks/DictionaryServices.framework/Versions/A/DictionaryServices
0x000000000df6d000 	/System/Library/Frameworks/CoreServices.framework/Versions/A/Frameworks/SharedFileList.framework/Versions/A/SharedFileList
0x000000000df6d000 	/System/Library/Frameworks/NetFS.framework/Versions/A/NetFS
0x000000000df6d000 	/System/Library/PrivateFrameworks/NetAuth.framework/Versions/A/NetAuth
0x000000000df6d000 	/System/Library/PrivateFrameworks/login.framework/Versions/A/Frameworks/loginsupport.framework/Versions/A/loginsupport
0x000000000df6d000 	/System/Library/PrivateFrameworks/TCC.framework/Versions/A/TCC
0x000000000df6d000 	/usr/lib/libmecabra.dylib
0x000000000df6d000 	/System/Library/Frameworks/ApplicationServices.framework/Versions/A/Frameworks/ATS.framework/Versions/A/ATS
0x000000000df6d000 	/System/Library/Frameworks/ApplicationServices.framework/Versions/A/Frameworks/ColorSync.framework/Versions/A/ColorSync
0x000000000df6d000 	/System/Library/Frameworks/ApplicationServices.framework/Versions/A/Frameworks/HIServices.framework/Versions/A/HIServices
0x000000000df6d000 	/System/Library/Frameworks/ApplicationServices.framework/Versions/A/Frameworks/LangAnalysis.framework/Versions/A/LangAnalysis
0x000000000df6d000 	/System/Library/Frameworks/ApplicationServices.framework/Versions/A/Frameworks/PrintCore.framework/Versions/A/PrintCore
0x000000000df6d000 	/System/Library/Frameworks/ApplicationServices.framework/Versions/A/Frameworks/QD.framework/Versions/A/QD
0x000000000df6d000 	/System/Library/Frameworks/ApplicationServices.framework/Versions/A/Frameworks/SpeechSynthesis.framework/Versions/A/SpeechSynthesis
0x000000000df6d000 	/System/Library/Frameworks/Accelerate.framework/Versions/A/Frameworks/vImage.framework/Versions/A/vImage
0x000000000df6d000 	/System/Library/Frameworks/Accelerate.framework/Versions/A/Frameworks/vecLib.framework/Versions/A/vecLib
0x000000000df6d000 	/System/Library/Frameworks/Accelerate.framework/Versions/A/Frameworks/vecLib.framework/Versions/A/libvDSP.dylib
0x000000000df6d000 	/System/Library/Frameworks/Accelerate.framework/Versions/A/Frameworks/vecLib.framework/Versions/A/libBNNS.dylib
0x000000000df6d000 	/System/Library/Frameworks/Accelerate.framework/Versions/A/Frameworks/vecLib.framework/Versions/A/libQuadrature.dylib
0x000000000df6d000 	/System/Library/Frameworks/Accelerate.framework/Versions/A/Frameworks/vecLib.framework/Versions/A/libvMisc.dylib
0x000000000df6d000 	/System/Library/Frameworks/Accelerate.framework/Versions/A/Frameworks/vecLib.framework/Versions/A/libLAPACK.dylib
0x000000000df6d000 	/System/Library/Frameworks/Accelerate.framework/Versions/A/Frameworks/vecLib.framework/Versions/A/libBLAS.dylib
0x000000000df6d000 	/System/Library/Frameworks/Accelerate.framework/Versions/A/Frameworks/vecLib.framework/Versions/A/libLinearAlgebra.dylib
0x000000000df6d000 	/System/Library/Frameworks/Accelerate.framework/Versions/A/Frameworks/vecLib.framework/Versions/A/libSparseBLAS.dylib
0x000000000df6d000 	/System/Library/Frameworks/ApplicationServices.framework/Versions/A/Frameworks/ATS.framework/Versions/A/Resources/libFontParser.dylib
0x000000000df6d000 	/System/Library/Frameworks/ApplicationServices.framework/Versions/A/Frameworks/ATS.framework/Versions/A/Resources/libFontRegistry.dylib
0x000000000df6d000 	/System/Library/Frameworks/ImageIO.framework/Versions/A/Resources/libJPEG.dylib
0x000000000df6d000 	/System/Library/Frameworks/ImageIO.framework/Versions/A/Resources/libTIFF.dylib
0x000000000df6d000 	/System/Library/Frameworks/ImageIO.framework/Versions/A/Resources/libPng.dylib
0x000000000df6d000 	/System/Library/Frameworks/ImageIO.framework/Versions/A/Resources/libGIF.dylib
0x000000000df6d000 	/System/Library/Frameworks/ImageIO.framework/Versions/A/Resources/libJP2.dylib
0x000000000df6d000 	/System/Library/Frameworks/ImageIO.framework/Versions/A/Resources/libRadiance.dylib
0x000000000df6d000 	/usr/lib/libcompression.dylib
0x000000000df6d000 	/System/Library/PrivateFrameworks/AppleJPEG.framework/Versions/A/AppleJPEG
0x000000000df6d000 	/usr/lib/libcups.2.dylib
0x000000000df6d000 	/System/Library/Frameworks/Kerberos.framework/Versions/A/Kerberos
0x000000000df6d000 	/System/Library/Frameworks/GSS.framework/Versions/A/GSS
0x000000000df6d000 	/usr/lib/libresolv.9.dylib
0x000000000df6d000 	/usr/lib/libiconv.2.dylib
0x000000000df6d000 	/System/Library/PrivateFrameworks/Heimdal.framework/Versions/A/Heimdal
0x000000000df6d000 	/usr/lib/libheimdal-asn1.dylib
0x000000000df6d000 	/System/Library/Frameworks/OpenDirectory.framework/Versions/A/OpenDirectory
0x000000000df6d000 	/System/Library/PrivateFrameworks/CommonAuth.framework/Versions/A/CommonAuth
0x000000000df6d000 	/System/Library/Frameworks/OpenDirectory.framework/Versions/A/Frameworks/CFOpenDirectory.framework/Versions/A/CFOpenDirectory
0x000000000df6d000 	/System/Library/Frameworks/SecurityFoundation.framework/Versions/A/SecurityFoundation
0x000000000df6d000 	/System/Library/PrivateFrameworks/LanguageModeling.framework/Versions/A/LanguageModeling
0x000000000df6d000 	/usr/lib/libmarisa.dylib
0x000000000df6d000 	/usr/lib/libChineseTokenizer.dylib
0x000000000df6d000 	/usr/lib/libcmph.dylib
0x000000000df6d000 	/System/Library/PrivateFrameworks/CoreEmoji.framework/Versions/A/CoreEmoji
0x000000000df6d000 	/System/Library/Frameworks/ServiceManagement.framework/Versions/A/ServiceManagement
0x000000000df6d000 	/usr/lib/libxslt.1.dylib
0x000000000df6d000 	/System/Library/Frameworks/Carbon.framework/Versions/A/Frameworks/Ink.framework/Versions/A/Ink
0x000000000df6d000 	/System/Library/PrivateFrameworks/TextureIO.framework/Versions/A/TextureIO
0x000000000df6d000 	/System/Library/Frameworks/Metal.framework/Versions/A/Metal
0x000000000df6d000 	/usr/lib/libate.dylib
0x000000000df6d000 	/System/Library/PrivateFrameworks/GPUCompiler.framework/libmetal_timestamp.dylib
0x000000000df6d000 	/System/Library/Frameworks/OpenGL.framework/Versions/A/Libraries/libCoreFSCache.dylib
0x000000000df6d000 	/System/Library/PrivateFrameworks/IOAccelerator.framework/Versions/A/IOAccelerator
0x000000000df6d000 	/System/Library/Frameworks/CoreVideo.framework/Versions/A/CoreVideo
0x000000000df6d000 	/usr/lib/libFosl_dynamic.dylib
0x000000000df6d000 	/System/Library/PrivateFrameworks/MetalPerformanceShaders.framework/Versions/A/MetalPerformanceShaders
0x000000000df6d000 	/System/Library/PrivateFrameworks/FaceCore.framework/Versions/A/FaceCore
0x000000000df6d000 	/System/Library/Frameworks/OpenCL.framework/Versions/A/OpenCL
0x000000000df6d000 	/System/Library/Frameworks/OpenGL.framework/Versions/A/Libraries/libGLU.dylib
0x000000000df6d000 	/System/Library/Frameworks/OpenGL.framework/Versions/A/Libraries/libGFXShared.dylib
0x000000000df6d000 	/System/Library/Frameworks/OpenGL.framework/Versions/A/Libraries/libGL.dylib
0x000000000df6d000 	/System/Library/Frameworks/OpenGL.framework/Versions/A/Libraries/libGLImage.dylib
0x000000000df6d000 	/System/Library/Frameworks/OpenGL.framework/Versions/A/Libraries/libCVMSPluginSupport.dylib
0x000000000df6d000 	/System/Library/Frameworks/OpenGL.framework/Versions/A/Libraries/libCoreVMClient.dylib
0x000000000df6d000 	/System/Library/PrivateFrameworks/CrashReporterSupport.framework/Versions/A/CrashReporterSupport
0x000000000df6d000 	/System/Library/PrivateFrameworks/Sharing.framework/Versions/A/Sharing
0x000000000df6d000 	/System/Library/PrivateFrameworks/IconServices.framework/Versions/A/IconServices
0x000000000df6d000 	/System/Library/PrivateFrameworks/ProtocolBuffer.framework/Versions/A/ProtocolBuffer
0x000000000df6d000 	/System/Library/PrivateFrameworks/Apple80211.framework/Versions/A/Apple80211
0x000000000df6d000 	/System/Library/Frameworks/CoreWLAN.framework/Versions/A/CoreWLAN
0x000000000df6d000 	/System/Library/PrivateFrameworks/CoreUtils.framework/Versions/A/CoreUtils
0x000000000df6d000 	/System/Library/Frameworks/IOBluetooth.framework/Versions/A/IOBluetooth
0x000000000df6d000 	/System/Library/PrivateFrameworks/CoreWiFi.framework/Versions/A/CoreWiFi
0x000000000df6d000 	/System/Library/Frameworks/CoreBluetooth.framework/Versions/A/CoreBluetooth
0x000000000df6d000 	/System/Library/Frameworks/CoreDisplay.framework/Versions/A/CoreDisplay
0x000000000df6d000 	/System/Library/PrivateFrameworks/IOPresentment.framework/Versions/A/IOPresentment
0x000000000df6d000 	/System/Library/PrivateFrameworks/DebugSymbols.framework/Versions/A/DebugSymbols
0x000000000df6d000 	/System/Library/PrivateFrameworks/CoreSymbolication.framework/Versions/A/CoreSymbolication
0x000000000df6d000 	/System/Library/PrivateFrameworks/Symbolication.framework/Versions/A/Symbolication
0x000000000df6d000 	/System/Library/PrivateFrameworks/AppleFSCompression.framework/Versions/A/AppleFSCompression
0x000000000df6d000 	/System/Library/PrivateFrameworks/SpeechRecognitionCore.framework/Versions/A/SpeechRecognitionCore
0x000000000df6d000 	/System/Library/PrivateFrameworks/ChunkingLibrary.framework/Versions/A/ChunkingLibrary
0x0000000102000000 	/Library/Java/JavaVirtualMachines/jdk1.8.0_161.jdk/Contents/Home/jre/lib/server/libjvm.dylib
0x000000000df6d000 	/usr/lib/libstdc++.6.dylib
0x00000001017b8000 	/Library/Java/JavaVirtualMachines/jdk1.8.0_161.jdk/Contents/Home/jre/lib/libverify.dylib
0x00000001017c6000 	/Library/Java/JavaVirtualMachines/jdk1.8.0_161.jdk/Contents/Home/jre/lib/libjava.dylib
0x0000000102fb6000 	/Library/Java/JavaVirtualMachines/jdk1.8.0_161.jdk/Contents/Home/jre/lib/libzip.dylib
0x000000010b221000 	/Library/Java/JavaVirtualMachines/jdk1.8.0_161.jdk/Contents/Home/jre/lib/libmanagement.dylib
0x000000010b22f000 	/Library/Java/JavaVirtualMachines/jdk1.8.0_161.jdk/Contents/Home/jre/lib/libnet.dylib
0x000000010b28e000 	/Library/Java/JavaVirtualMachines/jdk1.8.0_161.jdk/Contents/Home/jre/lib/libnio.dylib

VM Arguments:
jvm_args: -Dcom.sun.management.jmxremote -Dcom.sun.management.jmxremote.port=58756 -Dcom.sun.management.jmxremote.authenticate=false -Dcom.sun.management.jmxremote.ssl=false -Djava.rmi.server.hostname=localhost -Dspring.liveBeansView.mbeanDomain -Dspring.application.admin.enabled=true -Djava.security.egd=file:/dev/./urandom -Xverify:none -XX:TieredStopAtLevel=1 -Dfile.encoding=UTF-8 
java_command: com.wyvernlabs.ldicp.spring.events.superadmin.ApplicationProcessApplication --spring.output.ansi.enabled=always -Drun.jvmArguments=-Dserver.port=8081
java_class_path (initial): /Library/Java/JavaVirtualMachines/jdk1.8.0_161.jdk/Contents/Home/jre/lib/resources.jar:/Library/Java/JavaVirtualMachines/jdk1.8.0_161.jdk/Contents/Home/jre/lib/rt.jar:/Library/Java/JavaVirtualMachines/jdk1.8.0_161.jdk/Contents/Home/jre/lib/jsse.jar:/Library/Java/JavaVirtualMachines/jdk1.8.0_161.jdk/Contents/Home/jre/lib/jce.jar:/Library/Java/JavaVirtualMachines/jdk1.8.0_161.jdk/Contents/Home/jre/lib/charsets.jar:/Library/Java/JavaVirtualMachines/jdk1.8.0_161.jdk/Contents/Home/jre/lib/jfr.jar:/Library/Java/JavaVirtualMachines/jdk1.8.0_161.jdk/Contents/Home/jre/lib/ext/cldrdata.jar:/Library/Java/JavaVirtualMachines/jdk1.8.0_161.jdk/Contents/Home/jre/lib/ext/dnsns.jar:/Library/Java/JavaVirtualMachines/jdk1.8.0_161.jdk/Contents/Home/jre/lib/ext/jaccess.jar:/Library/Java/JavaVirtualMachines/jdk1.8.0_161.jdk/Contents/Home/jre/lib/ext/jfxrt.jar:/Library/Java/JavaVirtualMachines/jdk1.8.0_161.jdk/Contents/Home/jre/lib/ext/localedata.jar:/Library/Java/JavaVirtualMachines/jdk1.8.0_161.jdk/Contents/Home/jre/lib/ext/nashorn.jar:/Library/Java/JavaVirtualMachines/jdk1.8.0_161.jdk/Contents/Home/jre/lib/ext/sunec.jar:/Library/Java/JavaVirtualMachines/jdk1.8.0_161.jdk/Contents/Home/jre/lib/ext/sunjce_provider.jar:/Library/Java/JavaVirtualMachines/jdk1.8.0_161.jdk/Contents/Home/jre/lib/ext/sunpkcs11.jar:/Library/Java/JavaVirtualMachines/jdk1.8.0_161.jdk/Contents/Home/jre/lib/ext/zipfs.jar:/System/Library/Java/Extensions/MRJToolkit.jar:/Users/a0/Documents/workspace-sts-3.9.2.RELEASE/ldilcp/superadmin/target/classes:/Users/a0/.m2/repository/org/springframework/boot/spring-boot-starter-actuator/1.5.3.RELEASE/spring-boot-starter-actuator-1.5.3.RELEASE.jar:/Users/a0/.m2/repository/org/springframework/boot/spring-boot-starter/1.5.3.RELEASE/spring-boot-starter-1.5.3.RELEASE.jar:/Users/a0/.m2/repository/org/springframework/boot/spring-boot-starter-logging/1.5.3.RELEASE/spring-boot-starter-logging-1.5.3.RELEASE.jar:/Users/a0/.m2/repository/ch/qos/logback/logback-cl
Launcher Type: SUN_STANDARD

Environment Variables:
PATH=/usr/bin:/bin:/usr/sbin:/sbin
SHELL=/bin/zsh
DISPLAY=/private/tmp/com.apple.launchd.RdP3kqBXdy/org.macosforge.xquartz:0

Signal Handlers:
SIGSEGV: [libjvm.dylib+0x5b5439], sa_mask[0]=11111111011111110111111111111111, sa_flags=SA_ONSTACK|SA_RESTART|SA_SIGINFO
SIGBUS: [libjvm.dylib+0x5b5439], sa_mask[0]=11111111011111110111111111111111, sa_flags=SA_RESTART|SA_SIGINFO
SIGFPE: [libjvm.dylib+0x48ae24], sa_mask[0]=11111111011111110111111111111111, sa_flags=SA_RESTART|SA_SIGINFO
SIGPIPE: [libjvm.dylib+0x48ae24], sa_mask[0]=11111111011111110111111111111111, sa_flags=SA_RESTART|SA_SIGINFO
SIGXFSZ: [libjvm.dylib+0x48ae24], sa_mask[0]=11111111011111110111111111111111, sa_flags=SA_RESTART|SA_SIGINFO
SIGILL: [libjvm.dylib+0x48ae24], sa_mask[0]=11111111011111110111111111111111, sa_flags=SA_RESTART|SA_SIGINFO
SIGUSR1: SIG_DFL, sa_mask[0]=00000000000000000000000000000000, sa_flags=none
SIGUSR2: [libjvm.dylib+0x48a942], sa_mask[0]=00100000000000000000000000000000, sa_flags=SA_RESTART|SA_SIGINFO
SIGHUP: [libjvm.dylib+0x488f0d], sa_mask[0]=11111111011111110111111111111111, sa_flags=SA_RESTART|SA_SIGINFO
SIGINT: [libjvm.dylib+0x488f0d], sa_mask[0]=11111111011111110111111111111111, sa_flags=SA_RESTART|SA_SIGINFO
SIGTERM: [libjvm.dylib+0x488f0d], sa_mask[0]=11111111011111110111111111111111, sa_flags=SA_RESTART|SA_SIGINFO
SIGQUIT: [libjvm.dylib+0x488f0d], sa_mask[0]=11111111011111110111111111111111, sa_flags=SA_RESTART|SA_SIGINFO


---------------  S Y S T E M  ---------------

OS:Bsduname:Darwin 16.0.0 Darwin Kernel Version 16.0.0: Mon Aug 29 17:56:20 PDT 2016; root:xnu-3789.1.32~3/RELEASE_X86_64 x86_64
rlimit: STACK 8192k, CORE 0k, NPROC 709, NOFILE 10240, AS infinity
load average:9.81 6.51 4.80

CPU:total 4 (initial active 4) (2 cores per cpu, 2 threads per core) family 6 model 42 stepping 7, cmov, cx8, fxsr, mmx, sse, sse2, sse3, ssse3, sse4.1, sse4.2, popcnt, avx, aes, clmul, ht, tsc, tscinvbit

Memory: 4k page, physical 8388608k(22868k free)

/proc/meminfo:


vm_info: Java HotSpot(TM) 64-Bit Server VM (25.161-b12) for bsd-amd64 JRE (1.8.0_161-b12), built on Dec 19 2017 16:22:20 by "java_re" with gcc 4.2.1 (Based on Apple Inc. build 5658) (LLVM build 2336.11.00)

time: Thu Jan 17 00:19:11 2019
elapsed time: 8846 seconds (0d 2h 27m 26s)

