#
# A fatal error has been detected by the Java Runtime Environment:
#
#  SIGSEGV (0xb) at pc=0x0000000100faad79, pid=1982, tid=0x0000000000002703
#
# JRE version: Java(TM) SE Runtime Environment (8.0_161-b12) (build 1.8.0_161-b12)
# Java VM: Java HotSpot(TM) 64-Bit Server VM (25.161-b12 mixed mode bsd-amd64 compressed oops)
# Problematic frame:
# V  [libjvm.dylib+0x1aad79]
#
# Failed to write core dump. Core dumps have been disabled. To enable core dumping, try "ulimit -c unlimited" before starting Java again
#
# If you would like to submit a bug report, please visit:
#   http://bugreport.java.com/bugreport/crash.jsp
#

---------------  T H R E A D  ---------------

Current thread (0x00007ff738800000):  GCTaskThread [stack: 0x0000700002ae1000,0x0000700002be1000] [id=9987]

siginfo: si_signo: 11 (SIGSEGV), si_code: 1 (SEGV_MAPERR), si_addr: 0x0000000002980210

Registers:
RAX=0x0000000101643ad0, RBX=0x00007ff737510730, RCX=0x00000000000a1d03, RDX=0x000000000050ea01
RSP=0x0000700002be0c40, RBP=0x0000700002be0c40, RSI=0x00000007428752e8, RDI=0x0000000002980208
R8 =0x000000000000018f, R9 =0x0000000000009128, R10=0x0000000000000001, R11=0x0000000000000100
R12=0x000000074c7dcdcc, R13=0x000000074c7dce00, R14=0x00000007428752e8, R15=0x00000007c01a9428
RIP=0x0000000100faad79, EFLAGS=0x0000000000010202, ERR=0x0000000000000004
  TRAPNO=0x000000000000000e

Top of Stack: (sp=0x0000700002be0c40)
0x0000700002be0c40:   0000700002be0c70 00000001010c4eb0
0x0000700002be0c50:   0000700002be0cc0 00007ff737510730
0x0000700002be0c60:   00000007c01a9418 00000007c01a9428
0x0000700002be0c70:   0000700002be0cc0 00000001010c19d9
0x0000700002be0c80:   00007ff737510730 000000074c7dcda0
0x0000700002be0c90:   000000074047aab8 00007ff737510730
0x0000700002be0ca0:   000000074c7dcda0 0000000000000200
0x0000700002be0cb0:   00007ff737510738 0000000101643ad0
0x0000700002be0cc0:   0000700002be0d50 00000001012bf194
0x0000700002be0cd0:   0000700002be0d00 00007ff737510770
0x0000700002be0ce0:   00007ff7375107b8 00007ff7375107f0
0x0000700002be0cf0:   000000074c7d6c30 0000000700000200
0x0000700002be0d00:   000000074c7dcda0 00000001010c19d9
0x0000700002be0d10:   0000700002be0d50 0000000740469720
0x0000700002be0d20:   00025f430000b4b6 0000000000000001
0x0000700002be0d30:   0000700002be0d80 0000000101643ad0
0x0000700002be0d40:   00007ff737510730 0000700002be0d6c
0x0000700002be0d50:   0000700002be0db0 00000001012b1933
0x0000700002be0d60:   00007ff738f96990 26a71f6a01077753
0x0000700002be0d70:   000000074f7eec68 0000000000000200
0x0000700002be0d80:   0000000740469720 00007ff738800000
0x0000700002be0d90:   0000000000000000 0000000101416dee
0x0000700002be0da0:   00007ff738f96990 0000000000000001
0x0000700002be0db0:   0000700002be0e90 0000000101077ccb
0x0000700002be0dc0:   0000700002be0df0 00007ff737400490
0x0000700002be0dd0:   00007ff737401910 00007ff737401920
0x0000700002be0de0:   00007ff737401cf8 00000000000003d8
0x0000700002be0df0:   00007ff738800000 00007ff737400f80
0x0000700002be0e00:   00007ff7374013f0 00007ff737401400
0x0000700002be0e10:   00007ff7374014d8 00000000000000d8
0x0000700002be0e20:   0000700002be0e30 0000000000000000
0x0000700002be0e30:   00007ff738800000 00007ff737400f80 

Instructions: (pc=0x0000000100faad79)
0x0000000100faad59:   84 d2 48 89 fe 74 15 48 8d 05 69 8d 69 00 8a 48
0x0000000100faad69:   08 8b 7e 08 48 d3 e7 48 03 38 eb 04 48 8b 7e 08
0x0000000100faad79:   8b 47 08 85 c0 7e 09 a8 01 75 4e c1 f8 03 eb 47
0x0000000100faad89:   85 c0 7f 43 85 c0 79 41 84 d2 0f 94 c1 0f b6 c9 

Register to memory mapping:

RAX=0x0000000101643ad0: _ZN8Universe13_narrow_klassE+0 in /Library/Java/JavaVirtualMachines/jdk1.8.0_161.jdk/Contents/Home/jre/lib/server/libjvm.dylib at 0x0000000100e00000
RBX=0x00007ff737510730 is an unknown value
RCX=0x00000000000a1d03 is an unknown value
RDX=0x000000000050ea01 is an unknown value
RSP=0x0000700002be0c40 is an unknown value
RBP=0x0000700002be0c40 is an unknown value
RSI=0x00000007428752e8 is pointing into object: 0x00000007428752b0
[C 
 - klass: {type array char}
 - length: 196
RDI=0x0000000002980208 is an unknown value
R8 =0x000000000000018f is an unknown value
R9 =0x0000000000009128 is an unknown value
R10=0x0000000000000001 is an unknown value
R11=0x0000000000000100 is an unknown value
R12=0x000000074c7dcdcc is pointing into object: 0x000000074c7dcda0
org.springframework.beans.factory.support.RootBeanDefinition 
 - klass: 'org/springframework/beans/factory/support/RootBeanDefinition'
R13=0x000000074c7dce00 is pointing into object: 0x000000074c7dcda0
org.springframework.beans.factory.support.RootBeanDefinition 
 - klass: 'org/springframework/beans/factory/support/RootBeanDefinition'
R14=0x00000007428752e8 is pointing into object: 0x00000007428752b0
[C 
 - klass: {type array char}
 - length: 196
R15=0x00000007c01a9428 is pointing into metadata


Stack: [0x0000700002ae1000,0x0000700002be1000],  sp=0x0000700002be0c40,  free space=1023k
Native frames: (J=compiled Java code, j=interpreted, Vv=VM code, C=native code)
V  [libjvm.dylib+0x1aad79]
V  [libjvm.dylib+0x2c4eb0]
V  [libjvm.dylib+0x2c19d9]
V  [libjvm.dylib+0x4bf194]
V  [libjvm.dylib+0x4b1933]
V  [libjvm.dylib+0x277ccb]
V  [libjvm.dylib+0x48d83a]
C  [libsystem_pthread.dylib+0x3abb]  _pthread_body+0xb4
C  [libsystem_pthread.dylib+0x3a07]  _pthread_body+0x0
C  [libsystem_pthread.dylib+0x3231]  thread_start+0xd


---------------  P R O C E S S  ---------------

Java Threads: ( => current thread )
  0x00007ff7390de000 JavaThread "Thread-256" [_thread_blocked, id=13755, stack(0x0000700003a0e000,0x0000700003b0e000)]
  0x00007ff73a487000 JavaThread "http-nio-9000-AsyncTimeout" daemon [_thread_blocked, id=24735, stack(0x0000700005256000,0x0000700005356000)]
  0x00007ff739245800 JavaThread "DestroyJavaVM" [_thread_blocked, id=7171, stack(0x00007000028db000,0x00007000029db000)]
  0x00007ff739333800 JavaThread "Live Reload Server" daemon [_thread_in_native, id=5135, stack(0x0000700003d17000,0x0000700003e17000)]
  0x00007ff7384e7000 JavaThread "Abandoned connection cleanup thread" daemon [_thread_blocked, id=22787, stack(0x0000700003f1d000,0x000070000401d000)]
  0x00007ff737a64800 JavaThread "RMI TCP Accept-0" daemon [_thread_in_native, id=20227, stack(0x0000700003808000,0x0000700003908000)]
  0x00007ff738322000 JavaThread "RMI TCP Accept-50752" daemon [_thread_in_native, id=19715, stack(0x0000700003705000,0x0000700003805000)]
  0x00007ff738348000 JavaThread "RMI TCP Accept-0" daemon [_thread_in_native, id=19203, stack(0x0000700003602000,0x0000700003702000)]
  0x00007ff737862000 JavaThread "Service Thread" daemon [_thread_blocked, id=18691, stack(0x00007000034ff000,0x00007000035ff000)]
  0x00007ff73782c800 JavaThread "C1 CompilerThread2" daemon [_thread_blocked, id=18179, stack(0x00007000033fc000,0x00007000034fc000)]
  0x00007ff737828000 JavaThread "C2 CompilerThread1" daemon [_thread_blocked, id=17667, stack(0x00007000032f9000,0x00007000033f9000)]
  0x00007ff737827000 JavaThread "C2 CompilerThread0" daemon [_thread_blocked, id=17155, stack(0x00007000031f6000,0x00007000032f6000)]
  0x00007ff738059000 JavaThread "Signal Dispatcher" daemon [_thread_blocked, id=16643, stack(0x00007000030f3000,0x00007000031f3000)]
  0x00007ff738044000 JavaThread "Finalizer" daemon [_thread_blocked, id=12547, stack(0x0000700002ff0000,0x00007000030f0000)]
  0x00007ff738041800 JavaThread "Reference Handler" daemon [_thread_blocked, id=12035, stack(0x0000700002eed000,0x0000700002fed000)]

Other Threads:
  0x00007ff73803f000 VMThread [stack: 0x0000700002dea000,0x0000700002eea000] [id=11523]
  0x00007ff737a83800 WatcherThread [stack: 0x000070000390b000,0x0000700003a0b000] [id=20739]

=>0x00007ff738800000 (exited) GCTaskThread [stack: 0x0000700002ae1000,0x0000700002be1000] [id=9987]

VM state:at safepoint (normal execution)

VM Mutex/Monitor currently owned by a thread:  ([mutex/lock_event])
[0x00007ff737509980] Threads_lock - owner thread: 0x00007ff73803f000
[0x00007ff737509e80] Heap_lock - owner thread: 0x00007ff7390de000

Heap:
 PSYoungGen      total 603648K, used 1088K [0x0000000795580000, 0x00000007bdd00000, 0x00000007c0000000)
  eden space 550400K, 0% used [0x0000000795580000,0x0000000795580000,0x00000007b6f00000)
  from space 53248K, 2% used [0x00000007ba900000,0x00000007baa10000,0x00000007bdd00000)
  to   space 56320K, 0% used [0x00000007b6f00000,0x00000007b6f00000,0x00000007ba600000)
 ParOldGen       total 758272K, used 539133K [0x0000000740000000, 0x000000076e480000, 0x0000000795580000)
  object space 758272K, 71% used [0x0000000740000000,0x0000000760e7f600,0x000000076e480000)
 Metaspace       used 217807K, capacity 224532K, committed 226648K, reserved 1253376K
  class space    used 20677K, capacity 22013K, committed 22400K, reserved 1048576K

Card table byte_map: [0x000000010216e000,0x000000010256f000] byte_map_base: 0x00000000fe76e000

Marking Bits: (ParMarkBitMap*) 0x00000001016f76c0
 Begin Bits: [0x000000011489b000, 0x000000011689b000)
 End Bits:   [0x000000011689b000, 0x000000011889b000)

Polling page: 0x000000010054e000

CodeCache: size=245760Kb used=41828Kb max_used=41828Kb free=203931Kb
 bounds [0x000000010589b000, 0x000000010818b000, 0x000000011489b000]
 total_blobs=20135 nmethods=19341 adapters=704
 compilation: enabled

Compilation events (10 events):
Event: 80218.648 Thread 0x00007ff73782c800 19877       1       org.h2.expression.ConditionIn::setEvaluatable (48 bytes)
Event: 80218.650 Thread 0x00007ff73782c800 nmethod 19877 0x000000010817db50 code [0x000000010817dce0, 0x000000010817dfa8]
Event: 80722.891 Thread 0x00007ff73782c800 19878       1       org.hibernate.jpa.spi.AbstractEntityManagerImpl$TupleBuilderTransformer$HqlTupleElementImpl::getAlias (5 bytes)
Event: 80722.892 Thread 0x00007ff73782c800 nmethod 19878 0x000000010817e190 code [0x000000010817e2e0, 0x000000010817e3f0]
Event: 82586.252 Thread 0x00007ff73782c800 19879   !   1       org.apache.tomcat.jdbc.pool.FairBlockingQueue::poll (203 bytes)
Event: 82586.260 Thread 0x00007ff73782c800 nmethod 19879 0x000000010817e450 code [0x000000010817e6a0, 0x000000010817ece8]
Event: 82586.270 Thread 0x00007ff73782c800 19880       1       java.util.concurrent.locks.ReentrantLock::isHeldByCurrentThread (8 bytes)
Event: 82586.271 Thread 0x00007ff73782c800 nmethod 19880 0x000000010817f790 code [0x000000010817f8e0, 0x000000010817fa10]
Event: 82586.281 Thread 0x00007ff73782c800 19881       1       org.apache.tomcat.jdbc.pool.PooledConnection::setDiscarded (27 bytes)
Event: 82586.282 Thread 0x00007ff73782c800 nmethod 19881 0x000000010817fa90 code [0x000000010817fc00, 0x000000010817fdc8]

GC Heap History (10 events):
Event: 81588.061 GC heap after
Heap after GC invocations=3721 (full 35):
 PSYoungGen      total 614912K, used 1120K [0x0000000795580000, 0x00000007bf200000, 0x00000007c0000000)
  eden space 549376K, 0% used [0x0000000795580000,0x0000000795580000,0x00000007b6e00000)
  from space 65536K, 1% used [0x00000007bb200000,0x00000007bb318000,0x00000007bf200000)
  to   space 67584K, 0% used [0x00000007b6e00000,0x00000007b6e00000,0x00000007bb000000)
 ParOldGen       total 758272K, used 538853K [0x0000000740000000, 0x000000076e480000, 0x0000000795580000)
  object space 758272K, 71% used [0x0000000740000000,0x0000000760e39760,0x000000076e480000)
 Metaspace       used 217805K, capacity 224526K, committed 226648K, reserved 1253376K
  class space    used 20677K, capacity 22011K, committed 22400K, reserved 1048576K
}
Event: 81912.752 GC heap before
{Heap before GC invocations=3722 (full 35):
 PSYoungGen      total 614912K, used 550496K [0x0000000795580000, 0x00000007bf200000, 0x00000007c0000000)
  eden space 549376K, 100% used [0x0000000795580000,0x00000007b6e00000,0x00000007b6e00000)
  from space 65536K, 1% used [0x00000007bb200000,0x00000007bb318000,0x00000007bf200000)
  to   space 67584K, 0% used [0x00000007b6e00000,0x00000007b6e00000,0x00000007bb000000)
 ParOldGen       total 758272K, used 538853K [0x0000000740000000, 0x000000076e480000, 0x0000000795580000)
  object space 758272K, 71% used [0x0000000740000000,0x0000000760e39760,0x000000076e480000)
 Metaspace       used 217805K, capacity 224526K, committed 226648K, reserved 1253376K
  class space    used 20677K, capacity 22011K, committed 22400K, reserved 1048576K
Event: 81912.778 GC heap after
Heap after GC invocations=3722 (full 35):
 PSYoungGen      total 550400K, used 960K [0x0000000795580000, 0x00000007bed80000, 0x00000007c0000000)
  eden space 549376K, 0% used [0x0000000795580000,0x0000000795580000,0x00000007b6e00000)
  from space 1024K, 93% used [0x00000007b6e00000,0x00000007b6ef0000,0x00000007b6f00000)
  to   space 65024K, 0% used [0x00000007bae00000,0x00000007bae00000,0x00000007bed80000)
 ParOldGen       total 758272K, used 538853K [0x0000000740000000, 0x000000076e480000, 0x0000000795580000)
  object space 758272K, 71% used [0x0000000740000000,0x0000000760e39760,0x000000076e480000)
 Metaspace       used 217805K, capacity 224526K, committed 226648K, reserved 1253376K
  class space    used 20677K, capacity 22011K, committed 22400K, reserved 1048576K
}
Event: 82157.526 GC heap before
{Heap before GC invocations=3723 (full 35):
 PSYoungGen      total 550400K, used 550336K [0x0000000795580000, 0x00000007bed80000, 0x00000007c0000000)
  eden space 549376K, 100% used [0x0000000795580000,0x00000007b6e00000,0x00000007b6e00000)
  from space 1024K, 93% used [0x00000007b6e00000,0x00000007b6ef0000,0x00000007b6f00000)
  to   space 65024K, 0% used [0x00000007bae00000,0x00000007bae00000,0x00000007bed80000)
 ParOldGen       total 758272K, used 538853K [0x0000000740000000, 0x000000076e480000, 0x0000000795580000)
  object space 758272K, 71% used [0x0000000740000000,0x0000000760e39760,0x000000076e480000)
 Metaspace       used 217805K, capacity 224526K, committed 226648K, reserved 1253376K
  class space    used 20677K, capacity 22011K, committed 22400K, reserved 1048576K
Event: 82157.644 GC heap after
Heap after GC invocations=3723 (full 35):
 PSYoungGen      total 609792K, used 928K [0x0000000795580000, 0x00000007be880000, 0x00000007c0000000)
  eden space 549888K, 0% used [0x0000000795580000,0x0000000795580000,0x00000007b6e80000)
  from space 59904K, 1% used [0x00000007bae00000,0x00000007baee8000,0x00000007be880000)
  to   space 62464K, 0% used [0x00000007b6e80000,0x00000007b6e80000,0x00000007bab80000)
 ParOldGen       total 758272K, used 538989K [0x0000000740000000, 0x000000076e480000, 0x0000000795580000)
  object space 758272K, 71% used [0x0000000740000000,0x0000000760e5b6b0,0x000000076e480000)
 Metaspace       used 217805K, capacity 224526K, committed 226648K, reserved 1253376K
  class space    used 20677K, capacity 22011K, committed 22400K, reserved 1048576K
}
Event: 82404.542 GC heap before
{Heap before GC invocations=3724 (full 35):
 PSYoungGen      total 609792K, used 550816K [0x0000000795580000, 0x00000007be880000, 0x00000007c0000000)
  eden space 549888K, 100% used [0x0000000795580000,0x00000007b6e80000,0x00000007b6e80000)
  from space 59904K, 1% used [0x00000007bae00000,0x00000007baee8000,0x00000007be880000)
  to   space 62464K, 0% used [0x00000007b6e80000,0x00000007b6e80000,0x00000007bab80000)
 ParOldGen       total 758272K, used 538989K [0x0000000740000000, 0x000000076e480000, 0x0000000795580000)
  object space 758272K, 71% used [0x0000000740000000,0x0000000760e5b6b0,0x000000076e480000)
 Metaspace       used 217805K, capacity 224526K, committed 226648K, reserved 1253376K
  class space    used 20677K, capacity 22011K, committed 22400K, reserved 1048576K
Event: 82404.558 GC heap after
Heap after GC invocations=3724 (full 35):
 PSYoungGen      total 550912K, used 896K [0x0000000795580000, 0x00000007be300000, 0x00000007c0000000)
  eden space 549888K, 0% used [0x0000000795580000,0x0000000795580000,0x00000007b6e80000)
  from space 1024K, 87% used [0x00000007b6e80000,0x00000007b6f60000,0x00000007b6f80000)
  to   space 59392K, 0% used [0x00000007ba900000,0x00000007ba900000,0x00000007be300000)
 ParOldGen       total 758272K, used 539013K [0x0000000740000000, 0x000000076e480000, 0x0000000795580000)
  object space 758272K, 71% used [0x0000000740000000,0x0000000760e616b0,0x000000076e480000)
 Metaspace       used 217805K, capacity 224526K, committed 226648K, reserved 1253376K
  class space    used 20677K, capacity 22011K, committed 22400K, reserved 1048576K
}
Event: 82586.507 GC heap before
{Heap before GC invocations=3725 (full 35):
 PSYoungGen      total 550912K, used 439953K [0x0000000795580000, 0x00000007be300000, 0x00000007c0000000)
  eden space 549888K, 79% used [0x0000000795580000,0x00000007b0244418,0x00000007b6e80000)
  from space 1024K, 87% used [0x00000007b6e80000,0x00000007b6f60000,0x00000007b6f80000)
  to   space 59392K, 0% used [0x00000007ba900000,0x00000007ba900000,0x00000007be300000)
 ParOldGen       total 758272K, used 539013K [0x0000000740000000, 0x000000076e480000, 0x0000000795580000)
  object space 758272K, 71% used [0x0000000740000000,0x0000000760e616b0,0x000000076e480000)
 Metaspace       used 217807K, capacity 224532K, committed 226648K, reserved 1253376K
  class space    used 20677K, capacity 22013K, committed 22400K, reserved 1048576K
Event: 82586.654 GC heap after
Heap after GC invocations=3725 (full 35):
 PSYoungGen      total 603648K, used 1088K [0x0000000795580000, 0x00000007bdd00000, 0x00000007c0000000)
  eden space 550400K, 0% used [0x0000000795580000,0x0000000795580000,0x00000007b6f00000)
  from space 53248K, 2% used [0x00000007ba900000,0x00000007baa10000,0x00000007bdd00000)
  to   space 56320K, 0% used [0x00000007b6f00000,0x00000007b6f00000,0x00000007ba600000)
 ParOldGen       total 758272K, used 539133K [0x0000000740000000, 0x000000076e480000, 0x0000000795580000)
  object space 758272K, 71% used [0x0000000740000000,0x0000000760e7f600,0x000000076e480000)
 Metaspace       used 217807K, capacity 224532K, committed 226648K, reserved 1253376K
  class space    used 20677K, capacity 22013K, committed 22400K, reserved 1048576K
}
Event: 82586.654 GC heap before
{Heap before GC invocations=3726 (full 36):
 PSYoungGen      total 603648K, used 1088K [0x0000000795580000, 0x00000007bdd00000, 0x00000007c0000000)
  eden space 550400K, 0% used [0x0000000795580000,0x0000000795580000,0x00000007b6f00000)
  from space 53248K, 2% used [0x00000007ba900000,0x00000007baa10000,0x00000007bdd00000)
  to   space 56320K, 0% used [0x00000007b6f00000,0x00000007b6f00000,0x00000007ba600000)
 ParOldGen       total 758272K, used 539133K [0x0000000740000000, 0x000000076e480000, 0x0000000795580000)
  object space 758272K, 71% used [0x0000000740000000,0x0000000760e7f600,0x000000076e480000)
 Metaspace       used 217807K, capacity 224532K, committed 226648K, reserved 1253376K
  class space    used 20677K, capacity 22013K, committed 22400K, reserved 1048576K

Deoptimization events (0 events):
No events

Classes redefined (0 events):
No events

Internal exceptions (10 events):
Event: 78692.181 Thread 0x00007ff73a48c000 Exception <a 'java/io/FileNotFoundException'> (0x00000007a06c0eb0) thrown at [/Users/java_re/workspace/8-2-build-macosx-x86_64/jdk8u161/10277/hotspot/src/share/vm/prims/jni.cpp, line 709]
Event: 78935.401 Thread 0x00007ff73a308800 Exception <a 'java/lang/ArrayIndexOutOfBoundsException'> (0x00000007a058ab28) thrown at [/Users/java_re/workspace/8-2-build-macosx-x86_64/jdk8u161/10277/hotspot/src/share/vm/runtime/sharedRuntime.cpp, line 605]
Event: 78987.693 Thread 0x00007ff73a48e800 Exception <a 'java/lang/IllegalArgumentException': object is not an instance of declaring class> (0x00000007a8008038) thrown at [/Users/java_re/workspace/8-2-build-macosx-x86_64/jdk8u161/10277/hotspot/src/share/vm/runtime/reflection.cpp, line 926]
Event: 79364.030 Thread 0x00007ff73a481800 Exception <a 'java/lang/IllegalArgumentException': object is not an instance of declaring class> (0x00000007aeb48b70) thrown at [/Users/java_re/workspace/8-2-build-macosx-x86_64/jdk8u161/10277/hotspot/src/share/vm/runtime/reflection.cpp, line 926]
Event: 79497.955 Thread 0x00007ff73a483000 Exception <a 'java/lang/ClassCastException': org.springframework.security.web.servletapi.HttpServlet3RequestFactory$Servlet3SecurityContextHolderAwareRequestWrapper cannot be cast to org.apache.catalina.connector.RequestFacade> (0x000000079f6ad1f8) thrown
Event: 79590.119 Thread 0x00007ff73a481800 Exception <a 'java/lang/ClassCastException': org.springframework.security.web.servletapi.HttpServlet3RequestFactory$Servlet3SecurityContextHolderAwareRequestWrapper cannot be cast to org.apache.catalina.connector.RequestFacade> (0x00000007ad1465b0) thrown
Event: 80210.239 Thread 0x00007ff73a48f000 Exception <a 'java/lang/ClassCastException': org.springframework.security.web.servletapi.HttpServlet3RequestFactory$Servlet3SecurityContextHolderAwareRequestWrapper cannot be cast to org.apache.catalina.connector.RequestFacade> (0x000000079f9b6610) thrown
Event: 82586.072 Thread 0x00007ff737ef9000 Exception <a 'java/net/SocketException': Socket closed> (0x00000007ae467728) thrown at [/Users/java_re/workspace/8-2-build-macosx-x86_64/jdk8u161/10277/hotspot/src/share/vm/prims/jni.cpp, line 735]
Event: 82586.310 Thread 0x00007ff7384d9800 Exception <a 'java/lang/InterruptedException': sleep interrupted> (0x00000007ad820508) thrown at [/Users/java_re/workspace/8-2-build-macosx-x86_64/jdk8u161/10277/hotspot/src/share/vm/prims/jvm.cpp, line 3228]
Event: 82586.475 Thread 0x00007ff7390dd000 Exception <a 'java/lang/InterruptedException': sleep interrupted> (0x00000007b007a080) thrown at [/Users/java_re/workspace/8-2-build-macosx-x86_64/jdk8u161/10277/hotspot/src/share/vm/prims/jvm.cpp, line 3228]

Events (10 events):
Event: 82586.475 Executing VM operation: RevokeBias
Event: 82586.475 Executing VM operation: RevokeBias done
Event: 82586.475 Executing VM operation: RevokeBias
Event: 82586.475 Executing VM operation: RevokeBias done
Event: 82586.475 Thread 0x00007ff7390dd000 Thread exited: 0x00007ff7390dd000
Event: 82586.475 Executing VM operation: RevokeBias
Event: 82586.475 Executing VM operation: RevokeBias done
Event: 82586.475 Thread 0x00007ff739784800 Thread exited: 0x00007ff739784800
Event: 82586.475 Thread 0x00007ff737ef9000 Thread exited: 0x00007ff737ef9000
Event: 82586.507 Executing VM operation: ParallelGCSystemGC


Dynamic libraries:
0x000000005b8cd000 	/System/Library/Frameworks/Cocoa.framework/Versions/A/Cocoa
0x000000005b8cd000 	/System/Library/Frameworks/Security.framework/Versions/A/Security
0x000000005b8cd000 	/System/Library/Frameworks/ApplicationServices.framework/Versions/A/ApplicationServices
0x000000005b8cd000 	/usr/lib/libz.1.dylib
0x000000005b8cd000 	/usr/lib/libSystem.B.dylib
0x000000005b8cd000 	/usr/lib/libobjc.A.dylib
0x000000005b8cd000 	/System/Library/Frameworks/CoreFoundation.framework/Versions/A/CoreFoundation
0x000000005b8cd000 	/System/Library/Frameworks/Foundation.framework/Versions/C/Foundation
0x000000005b8cd000 	/System/Library/Frameworks/AppKit.framework/Versions/C/AppKit
0x000000005b8cd000 	/System/Library/Frameworks/CoreData.framework/Versions/A/CoreData
0x000000005b8cd000 	/System/Library/PrivateFrameworks/RemoteViewServices.framework/Versions/A/RemoteViewServices
0x000000005b8cd000 	/System/Library/PrivateFrameworks/UIFoundation.framework/Versions/A/UIFoundation
0x000000005b8cd000 	/usr/lib/libenergytrace.dylib
0x000000005b8cd000 	/System/Library/PrivateFrameworks/SkyLight.framework/Versions/A/SkyLight
0x000000005b8cd000 	/System/Library/Frameworks/CoreGraphics.framework/Versions/A/CoreGraphics
0x000000005b8cd000 	/usr/lib/libScreenReader.dylib
0x000000005b8cd000 	/System/Library/Frameworks/Accelerate.framework/Versions/A/Accelerate
0x000000005b8cd000 	/System/Library/Frameworks/IOSurface.framework/Versions/A/IOSurface
0x000000005b8cd000 	/System/Library/Frameworks/AudioToolbox.framework/Versions/A/AudioToolbox
0x000000005b8cd000 	/System/Library/Frameworks/AudioUnit.framework/Versions/A/AudioUnit
0x000000005b8cd000 	/System/Library/PrivateFrameworks/DataDetectorsCore.framework/Versions/A/DataDetectorsCore
0x000000005b8cd000 	/System/Library/PrivateFrameworks/DesktopServicesPriv.framework/Versions/A/DesktopServicesPriv
0x000000005b8cd000 	/System/Library/Frameworks/Carbon.framework/Versions/A/Frameworks/HIToolbox.framework/Versions/A/HIToolbox
0x000000005b8cd000 	/usr/lib/libicucore.A.dylib
0x000000005b8cd000 	/System/Library/Frameworks/QuartzCore.framework/Versions/A/QuartzCore
0x000000005b8cd000 	/System/Library/Frameworks/Carbon.framework/Versions/A/Frameworks/SpeechRecognition.framework/Versions/A/SpeechRecognition
0x000000005b8cd000 	/usr/lib/libauto.dylib
0x000000005b8cd000 	/usr/lib/libxml2.2.dylib
0x000000005b8cd000 	/System/Library/PrivateFrameworks/CoreUI.framework/Versions/A/CoreUI
0x000000005b8cd000 	/System/Library/Frameworks/CoreAudio.framework/Versions/A/CoreAudio
0x000000005b8cd000 	/System/Library/Frameworks/DiskArbitration.framework/Versions/A/DiskArbitration
0x000000005b8cd000 	/usr/lib/liblangid.dylib
0x000000005b8cd000 	/System/Library/PrivateFrameworks/MultitouchSupport.framework/Versions/A/MultitouchSupport
0x000000005b8cd000 	/System/Library/Frameworks/IOKit.framework/Versions/A/IOKit
0x000000005b8cd000 	/usr/lib/libDiagnosticMessagesClient.dylib
0x000000005b8cd000 	/System/Library/Frameworks/CoreServices.framework/Versions/A/CoreServices
0x000000005b8cd000 	/System/Library/PrivateFrameworks/PerformanceAnalysis.framework/Versions/A/PerformanceAnalysis
0x000000005b8cd000 	/System/Library/PrivateFrameworks/GenerationalStorage.framework/Versions/A/GenerationalStorage
0x000000005b8cd000 	/System/Library/Frameworks/OpenGL.framework/Versions/A/OpenGL
0x000000005b8cd000 	/System/Library/Frameworks/CoreImage.framework/Versions/A/CoreImage
0x000000005b8cd000 	/System/Library/Frameworks/CoreText.framework/Versions/A/CoreText
0x000000005b8cd000 	/System/Library/Frameworks/ImageIO.framework/Versions/A/ImageIO
0x000000005b8cd000 	/System/Library/PrivateFrameworks/Backup.framework/Versions/A/Backup
0x000000005b8cd000 	/usr/lib/libarchive.2.dylib
0x000000005b8cd000 	/System/Library/Frameworks/CFNetwork.framework/Versions/A/CFNetwork
0x000000005b8cd000 	/System/Library/Frameworks/SystemConfiguration.framework/Versions/A/SystemConfiguration
0x000000005b8cd000 	/usr/lib/libCRFSuite.dylib
0x000000005b8cd000 	/usr/lib/libc++.1.dylib
0x000000005b8cd000 	/usr/lib/libc++abi.dylib
0x000000005b8cd000 	/usr/lib/system/libcache.dylib
0x000000005b8cd000 	/usr/lib/system/libcommonCrypto.dylib
0x000000005b8cd000 	/usr/lib/system/libcompiler_rt.dylib
0x000000005b8cd000 	/usr/lib/system/libcopyfile.dylib
0x000000005b8cd000 	/usr/lib/system/libcorecrypto.dylib
0x000000005b8cd000 	/usr/lib/system/libdispatch.dylib
0x000000005b8cd000 	/usr/lib/system/libdyld.dylib
0x000000005b8cd000 	/usr/lib/system/libkeymgr.dylib
0x000000005b8cd000 	/usr/lib/system/liblaunch.dylib
0x000000005b8cd000 	/usr/lib/system/libmacho.dylib
0x000000005b8cd000 	/usr/lib/system/libquarantine.dylib
0x000000005b8cd000 	/usr/lib/system/libremovefile.dylib
0x000000005b8cd000 	/usr/lib/system/libsystem_asl.dylib
0x000000005b8cd000 	/usr/lib/system/libsystem_blocks.dylib
0x000000005b8cd000 	/usr/lib/system/libsystem_c.dylib
0x000000005b8cd000 	/usr/lib/system/libsystem_configuration.dylib
0x000000005b8cd000 	/usr/lib/system/libsystem_coreservices.dylib
0x000000005b8cd000 	/usr/lib/system/libsystem_coretls.dylib
0x000000005b8cd000 	/usr/lib/system/libsystem_dnssd.dylib
0x000000005b8cd000 	/usr/lib/system/libsystem_info.dylib
0x000000005b8cd000 	/usr/lib/system/libsystem_kernel.dylib
0x000000005b8cd000 	/usr/lib/system/libsystem_m.dylib
0x000000005b8cd000 	/usr/lib/system/libsystem_malloc.dylib
0x000000005b8cd000 	/usr/lib/system/libsystem_network.dylib
0x000000005b8cd000 	/usr/lib/system/libsystem_networkextension.dylib
0x000000005b8cd000 	/usr/lib/system/libsystem_notify.dylib
0x000000005b8cd000 	/usr/lib/system/libsystem_platform.dylib
0x000000005b8cd000 	/usr/lib/system/libsystem_pthread.dylib
0x000000005b8cd000 	/usr/lib/system/libsystem_sandbox.dylib
0x000000005b8cd000 	/usr/lib/system/libsystem_secinit.dylib
0x000000005b8cd000 	/usr/lib/system/libsystem_symptoms.dylib
0x000000005b8cd000 	/usr/lib/system/libsystem_trace.dylib
0x000000005b8cd000 	/usr/lib/system/libunwind.dylib
0x000000005b8cd000 	/usr/lib/system/libxpc.dylib
0x000000005b8cd000 	/usr/lib/libbsm.0.dylib
0x000000005b8cd000 	/usr/lib/system/libkxld.dylib
0x000000005b8cd000 	/usr/lib/libcoretls.dylib
0x000000005b8cd000 	/usr/lib/libcoretls_cfhelpers.dylib
0x000000005b8cd000 	/usr/lib/libxar.1.dylib
0x000000005b8cd000 	/usr/lib/libsqlite3.dylib
0x000000005b8cd000 	/usr/lib/libpam.2.dylib
0x000000005b8cd000 	/usr/lib/libOpenScriptingUtil.dylib
0x000000005b8cd000 	/usr/lib/libbz2.1.0.dylib
0x000000005b8cd000 	/usr/lib/liblzma.5.dylib
0x000000005b8cd000 	/usr/lib/libnetwork.dylib
0x000000005b8cd000 	/usr/lib/libpcap.A.dylib
0x000000005b8cd000 	/System/Library/Frameworks/CoreServices.framework/Versions/A/Frameworks/FSEvents.framework/Versions/A/FSEvents
0x000000005b8cd000 	/System/Library/Frameworks/CoreServices.framework/Versions/A/Frameworks/CarbonCore.framework/Versions/A/CarbonCore
0x000000005b8cd000 	/System/Library/Frameworks/CoreServices.framework/Versions/A/Frameworks/Metadata.framework/Versions/A/Metadata
0x000000005b8cd000 	/System/Library/Frameworks/CoreServices.framework/Versions/A/Frameworks/OSServices.framework/Versions/A/OSServices
0x000000005b8cd000 	/System/Library/Frameworks/CoreServices.framework/Versions/A/Frameworks/SearchKit.framework/Versions/A/SearchKit
0x000000005b8cd000 	/System/Library/Frameworks/CoreServices.framework/Versions/A/Frameworks/AE.framework/Versions/A/AE
0x000000005b8cd000 	/System/Library/Frameworks/CoreServices.framework/Versions/A/Frameworks/LaunchServices.framework/Versions/A/LaunchServices
0x000000005b8cd000 	/System/Library/Frameworks/CoreServices.framework/Versions/A/Frameworks/DictionaryServices.framework/Versions/A/DictionaryServices
0x000000005b8cd000 	/System/Library/Frameworks/CoreServices.framework/Versions/A/Frameworks/SharedFileList.framework/Versions/A/SharedFileList
0x000000005b8cd000 	/System/Library/Frameworks/NetFS.framework/Versions/A/NetFS
0x000000005b8cd000 	/System/Library/PrivateFrameworks/NetAuth.framework/Versions/A/NetAuth
0x000000005b8cd000 	/System/Library/PrivateFrameworks/login.framework/Versions/A/Frameworks/loginsupport.framework/Versions/A/loginsupport
0x000000005b8cd000 	/System/Library/PrivateFrameworks/TCC.framework/Versions/A/TCC
0x000000005b8cd000 	/usr/lib/libmecabra.dylib
0x000000005b8cd000 	/System/Library/Frameworks/ApplicationServices.framework/Versions/A/Frameworks/ATS.framework/Versions/A/ATS
0x000000005b8cd000 	/System/Library/Frameworks/ApplicationServices.framework/Versions/A/Frameworks/ColorSync.framework/Versions/A/ColorSync
0x000000005b8cd000 	/System/Library/Frameworks/ApplicationServices.framework/Versions/A/Frameworks/HIServices.framework/Versions/A/HIServices
0x000000005b8cd000 	/System/Library/Frameworks/ApplicationServices.framework/Versions/A/Frameworks/LangAnalysis.framework/Versions/A/LangAnalysis
0x000000005b8cd000 	/System/Library/Frameworks/ApplicationServices.framework/Versions/A/Frameworks/PrintCore.framework/Versions/A/PrintCore
0x000000005b8cd000 	/System/Library/Frameworks/ApplicationServices.framework/Versions/A/Frameworks/QD.framework/Versions/A/QD
0x000000005b8cd000 	/System/Library/Frameworks/ApplicationServices.framework/Versions/A/Frameworks/SpeechSynthesis.framework/Versions/A/SpeechSynthesis
0x000000005b8cd000 	/System/Library/Frameworks/Accelerate.framework/Versions/A/Frameworks/vImage.framework/Versions/A/vImage
0x000000005b8cd000 	/System/Library/Frameworks/Accelerate.framework/Versions/A/Frameworks/vecLib.framework/Versions/A/vecLib
0x000000005b8cd000 	/System/Library/Frameworks/Accelerate.framework/Versions/A/Frameworks/vecLib.framework/Versions/A/libvDSP.dylib
0x000000005b8cd000 	/System/Library/Frameworks/Accelerate.framework/Versions/A/Frameworks/vecLib.framework/Versions/A/libBNNS.dylib
0x000000005b8cd000 	/System/Library/Frameworks/Accelerate.framework/Versions/A/Frameworks/vecLib.framework/Versions/A/libQuadrature.dylib
0x000000005b8cd000 	/System/Library/Frameworks/Accelerate.framework/Versions/A/Frameworks/vecLib.framework/Versions/A/libvMisc.dylib
0x000000005b8cd000 	/System/Library/Frameworks/Accelerate.framework/Versions/A/Frameworks/vecLib.framework/Versions/A/libLAPACK.dylib
0x000000005b8cd000 	/System/Library/Frameworks/Accelerate.framework/Versions/A/Frameworks/vecLib.framework/Versions/A/libBLAS.dylib
0x000000005b8cd000 	/System/Library/Frameworks/Accelerate.framework/Versions/A/Frameworks/vecLib.framework/Versions/A/libLinearAlgebra.dylib
0x000000005b8cd000 	/System/Library/Frameworks/Accelerate.framework/Versions/A/Frameworks/vecLib.framework/Versions/A/libSparseBLAS.dylib
0x000000005b8cd000 	/System/Library/Frameworks/ApplicationServices.framework/Versions/A/Frameworks/ATS.framework/Versions/A/Resources/libFontParser.dylib
0x000000005b8cd000 	/System/Library/Frameworks/ApplicationServices.framework/Versions/A/Frameworks/ATS.framework/Versions/A/Resources/libFontRegistry.dylib
0x000000005b8cd000 	/System/Library/Frameworks/ImageIO.framework/Versions/A/Resources/libJPEG.dylib
0x000000005b8cd000 	/System/Library/Frameworks/ImageIO.framework/Versions/A/Resources/libTIFF.dylib
0x000000005b8cd000 	/System/Library/Frameworks/ImageIO.framework/Versions/A/Resources/libPng.dylib
0x000000005b8cd000 	/System/Library/Frameworks/ImageIO.framework/Versions/A/Resources/libGIF.dylib
0x000000005b8cd000 	/System/Library/Frameworks/ImageIO.framework/Versions/A/Resources/libJP2.dylib
0x000000005b8cd000 	/System/Library/Frameworks/ImageIO.framework/Versions/A/Resources/libRadiance.dylib
0x000000005b8cd000 	/usr/lib/libcompression.dylib
0x000000005b8cd000 	/System/Library/PrivateFrameworks/AppleJPEG.framework/Versions/A/AppleJPEG
0x000000005b8cd000 	/usr/lib/libcups.2.dylib
0x000000005b8cd000 	/System/Library/Frameworks/Kerberos.framework/Versions/A/Kerberos
0x000000005b8cd000 	/System/Library/Frameworks/GSS.framework/Versions/A/GSS
0x000000005b8cd000 	/usr/lib/libresolv.9.dylib
0x000000005b8cd000 	/usr/lib/libiconv.2.dylib
0x000000005b8cd000 	/System/Library/PrivateFrameworks/Heimdal.framework/Versions/A/Heimdal
0x000000005b8cd000 	/usr/lib/libheimdal-asn1.dylib
0x000000005b8cd000 	/System/Library/Frameworks/OpenDirectory.framework/Versions/A/OpenDirectory
0x000000005b8cd000 	/System/Library/PrivateFrameworks/CommonAuth.framework/Versions/A/CommonAuth
0x000000005b8cd000 	/System/Library/Frameworks/OpenDirectory.framework/Versions/A/Frameworks/CFOpenDirectory.framework/Versions/A/CFOpenDirectory
0x000000005b8cd000 	/System/Library/Frameworks/SecurityFoundation.framework/Versions/A/SecurityFoundation
0x000000005b8cd000 	/System/Library/PrivateFrameworks/LanguageModeling.framework/Versions/A/LanguageModeling
0x000000005b8cd000 	/usr/lib/libmarisa.dylib
0x000000005b8cd000 	/usr/lib/libChineseTokenizer.dylib
0x000000005b8cd000 	/usr/lib/libcmph.dylib
0x000000005b8cd000 	/System/Library/PrivateFrameworks/CoreEmoji.framework/Versions/A/CoreEmoji
0x000000005b8cd000 	/System/Library/Frameworks/ServiceManagement.framework/Versions/A/ServiceManagement
0x000000005b8cd000 	/usr/lib/libxslt.1.dylib
0x000000005b8cd000 	/System/Library/Frameworks/Carbon.framework/Versions/A/Frameworks/Ink.framework/Versions/A/Ink
0x000000005b8cd000 	/System/Library/PrivateFrameworks/TextureIO.framework/Versions/A/TextureIO
0x000000005b8cd000 	/System/Library/Frameworks/Metal.framework/Versions/A/Metal
0x000000005b8cd000 	/usr/lib/libate.dylib
0x000000005b8cd000 	/System/Library/PrivateFrameworks/GPUCompiler.framework/libmetal_timestamp.dylib
0x000000005b8cd000 	/System/Library/Frameworks/OpenGL.framework/Versions/A/Libraries/libCoreFSCache.dylib
0x000000005b8cd000 	/System/Library/PrivateFrameworks/IOAccelerator.framework/Versions/A/IOAccelerator
0x000000005b8cd000 	/System/Library/Frameworks/CoreVideo.framework/Versions/A/CoreVideo
0x000000005b8cd000 	/usr/lib/libFosl_dynamic.dylib
0x000000005b8cd000 	/System/Library/PrivateFrameworks/MetalPerformanceShaders.framework/Versions/A/MetalPerformanceShaders
0x000000005b8cd000 	/System/Library/PrivateFrameworks/FaceCore.framework/Versions/A/FaceCore
0x000000005b8cd000 	/System/Library/Frameworks/OpenCL.framework/Versions/A/OpenCL
0x000000005b8cd000 	/System/Library/Frameworks/OpenGL.framework/Versions/A/Libraries/libGLU.dylib
0x000000005b8cd000 	/System/Library/Frameworks/OpenGL.framework/Versions/A/Libraries/libGFXShared.dylib
0x000000005b8cd000 	/System/Library/Frameworks/OpenGL.framework/Versions/A/Libraries/libGL.dylib
0x000000005b8cd000 	/System/Library/Frameworks/OpenGL.framework/Versions/A/Libraries/libGLImage.dylib
0x000000005b8cd000 	/System/Library/Frameworks/OpenGL.framework/Versions/A/Libraries/libCVMSPluginSupport.dylib
0x000000005b8cd000 	/System/Library/Frameworks/OpenGL.framework/Versions/A/Libraries/libCoreVMClient.dylib
0x000000005b8cd000 	/System/Library/PrivateFrameworks/CrashReporterSupport.framework/Versions/A/CrashReporterSupport
0x000000005b8cd000 	/System/Library/PrivateFrameworks/Sharing.framework/Versions/A/Sharing
0x000000005b8cd000 	/System/Library/PrivateFrameworks/IconServices.framework/Versions/A/IconServices
0x000000005b8cd000 	/System/Library/PrivateFrameworks/ProtocolBuffer.framework/Versions/A/ProtocolBuffer
0x000000005b8cd000 	/System/Library/PrivateFrameworks/Apple80211.framework/Versions/A/Apple80211
0x000000005b8cd000 	/System/Library/Frameworks/CoreWLAN.framework/Versions/A/CoreWLAN
0x000000005b8cd000 	/System/Library/PrivateFrameworks/CoreUtils.framework/Versions/A/CoreUtils
0x000000005b8cd000 	/System/Library/Frameworks/IOBluetooth.framework/Versions/A/IOBluetooth
0x000000005b8cd000 	/System/Library/PrivateFrameworks/CoreWiFi.framework/Versions/A/CoreWiFi
0x000000005b8cd000 	/System/Library/Frameworks/CoreBluetooth.framework/Versions/A/CoreBluetooth
0x000000005b8cd000 	/System/Library/Frameworks/CoreDisplay.framework/Versions/A/CoreDisplay
0x000000005b8cd000 	/System/Library/PrivateFrameworks/IOPresentment.framework/Versions/A/IOPresentment
0x000000005b8cd000 	/System/Library/PrivateFrameworks/DebugSymbols.framework/Versions/A/DebugSymbols
0x000000005b8cd000 	/System/Library/PrivateFrameworks/CoreSymbolication.framework/Versions/A/CoreSymbolication
0x000000005b8cd000 	/System/Library/PrivateFrameworks/Symbolication.framework/Versions/A/Symbolication
0x000000005b8cd000 	/System/Library/PrivateFrameworks/AppleFSCompression.framework/Versions/A/AppleFSCompression
0x000000005b8cd000 	/System/Library/PrivateFrameworks/SpeechRecognitionCore.framework/Versions/A/SpeechRecognitionCore
0x000000005b8cd000 	/System/Library/PrivateFrameworks/ChunkingLibrary.framework/Versions/A/ChunkingLibrary
0x0000000100e00000 	/Library/Java/JavaVirtualMachines/jdk1.8.0_161.jdk/Contents/Home/jre/lib/server/libjvm.dylib
0x000000005b8cd000 	/usr/lib/libstdc++.6.dylib
0x000000010050a000 	/Library/Java/JavaVirtualMachines/jdk1.8.0_161.jdk/Contents/Home/jre/lib/libverify.dylib
0x0000000100518000 	/Library/Java/JavaVirtualMachines/jdk1.8.0_161.jdk/Contents/Home/jre/lib/libjava.dylib
0x0000000100558000 	/Library/Java/JavaVirtualMachines/jdk1.8.0_161.jdk/Contents/Home/jre/lib/libzip.dylib
0x00000001046c2000 	/Library/Java/JavaVirtualMachines/jdk1.8.0_161.jdk/Contents/Home/jre/lib/libmanagement.dylib
0x00000001046d0000 	/Library/Java/JavaVirtualMachines/jdk1.8.0_161.jdk/Contents/Home/jre/lib/libnet.dylib
0x000000010472f000 	/Library/Java/JavaVirtualMachines/jdk1.8.0_161.jdk/Contents/Home/jre/lib/libnio.dylib

VM Arguments:
jvm_args: -Dcom.sun.management.jmxremote -Dcom.sun.management.jmxremote.port=50752 -Dcom.sun.management.jmxremote.authenticate=false -Dcom.sun.management.jmxremote.ssl=false -Djava.rmi.server.hostname=localhost -Dspring.liveBeansView.mbeanDomain -Dspring.application.admin.enabled=true -Djava.security.egd=file:/dev/./urandom -Xverify:none -XX:TieredStopAtLevel=1 -Dfile.encoding=UTF-8 
java_command: com.wyvernlabs.ldicp.spring.events.superadmin.ApplicationProcessApplication --spring.output.ansi.enabled=always -Drun.jvmArguments=-Dserver.port=8081
java_class_path (initial): /Library/Java/JavaVirtualMachines/jdk1.8.0_161.jdk/Contents/Home/jre/lib/resources.jar:/Library/Java/JavaVirtualMachines/jdk1.8.0_161.jdk/Contents/Home/jre/lib/rt.jar:/Library/Java/JavaVirtualMachines/jdk1.8.0_161.jdk/Contents/Home/jre/lib/jsse.jar:/Library/Java/JavaVirtualMachines/jdk1.8.0_161.jdk/Contents/Home/jre/lib/jce.jar:/Library/Java/JavaVirtualMachines/jdk1.8.0_161.jdk/Contents/Home/jre/lib/charsets.jar:/Library/Java/JavaVirtualMachines/jdk1.8.0_161.jdk/Contents/Home/jre/lib/jfr.jar:/Library/Java/JavaVirtualMachines/jdk1.8.0_161.jdk/Contents/Home/jre/lib/ext/cldrdata.jar:/Library/Java/JavaVirtualMachines/jdk1.8.0_161.jdk/Contents/Home/jre/lib/ext/dnsns.jar:/Library/Java/JavaVirtualMachines/jdk1.8.0_161.jdk/Contents/Home/jre/lib/ext/jaccess.jar:/Library/Java/JavaVirtualMachines/jdk1.8.0_161.jdk/Contents/Home/jre/lib/ext/jfxrt.jar:/Library/Java/JavaVirtualMachines/jdk1.8.0_161.jdk/Contents/Home/jre/lib/ext/localedata.jar:/Library/Java/JavaVirtualMachines/jdk1.8.0_161.jdk/Contents/Home/jre/lib/ext/nashorn.jar:/Library/Java/JavaVirtualMachines/jdk1.8.0_161.jdk/Contents/Home/jre/lib/ext/sunec.jar:/Library/Java/JavaVirtualMachines/jdk1.8.0_161.jdk/Contents/Home/jre/lib/ext/sunjce_provider.jar:/Library/Java/JavaVirtualMachines/jdk1.8.0_161.jdk/Contents/Home/jre/lib/ext/sunpkcs11.jar:/Library/Java/JavaVirtualMachines/jdk1.8.0_161.jdk/Contents/Home/jre/lib/ext/zipfs.jar:/System/Library/Java/Extensions/MRJToolkit.jar:/Users/a0/Documents/workspace-sts-3.9.2.RELEASE/ldilcp/superadmin/target/classes:/Users/a0/.m2/repository/org/springframework/boot/spring-boot-starter-actuator/1.5.3.RELEASE/spring-boot-starter-actuator-1.5.3.RELEASE.jar:/Users/a0/.m2/repository/org/springframework/boot/spring-boot-starter/1.5.3.RELEASE/spring-boot-starter-1.5.3.RELEASE.jar:/Users/a0/.m2/repository/org/springframework/boot/spring-boot-starter-logging/1.5.3.RELEASE/spring-boot-starter-logging-1.5.3.RELEASE.jar:/Users/a0/.m2/repository/ch/qos/logback/logback-cl
Launcher Type: SUN_STANDARD

Environment Variables:
PATH=/usr/bin:/bin:/usr/sbin:/sbin
SHELL=/bin/zsh
DISPLAY=/private/tmp/com.apple.launchd.EdyC8pecfs/org.macosforge.xquartz:0

Signal Handlers:
SIGSEGV: [libjvm.dylib+0x5b5439], sa_mask[0]=11111111011111110111111111111111, sa_flags=SA_ONSTACK|SA_RESTART|SA_SIGINFO
SIGBUS: [libjvm.dylib+0x5b5439], sa_mask[0]=11111111011111110111111111111111, sa_flags=SA_RESTART|SA_SIGINFO
SIGFPE: [libjvm.dylib+0x48ae24], sa_mask[0]=11111111011111110111111111111111, sa_flags=SA_RESTART|SA_SIGINFO
SIGPIPE: [libjvm.dylib+0x48ae24], sa_mask[0]=11111111011111110111111111111111, sa_flags=SA_RESTART|SA_SIGINFO
SIGXFSZ: [libjvm.dylib+0x48ae24], sa_mask[0]=11111111011111110111111111111111, sa_flags=SA_RESTART|SA_SIGINFO
SIGILL: [libjvm.dylib+0x48ae24], sa_mask[0]=11111111011111110111111111111111, sa_flags=SA_RESTART|SA_SIGINFO
SIGUSR1: SIG_DFL, sa_mask[0]=00000000000000000000000000000000, sa_flags=none
SIGUSR2: [libjvm.dylib+0x48a942], sa_mask[0]=00100000000000000000000000000000, sa_flags=SA_RESTART|SA_SIGINFO
SIGHUP: [libjvm.dylib+0x488f0d], sa_mask[0]=11111111011111110111111111111111, sa_flags=SA_RESTART|SA_SIGINFO
SIGINT: [libjvm.dylib+0x488f0d], sa_mask[0]=11111111011111110111111111111111, sa_flags=SA_RESTART|SA_SIGINFO
SIGTERM: [libjvm.dylib+0x488f0d], sa_mask[0]=11111111011111110111111111111111, sa_flags=SA_RESTART|SA_SIGINFO
SIGQUIT: [libjvm.dylib+0x488f0d], sa_mask[0]=11111111011111110111111111111111, sa_flags=SA_RESTART|SA_SIGINFO


---------------  S Y S T E M  ---------------

OS:Bsduname:Darwin 16.0.0 Darwin Kernel Version 16.0.0: Mon Aug 29 17:56:20 PDT 2016; root:xnu-3789.1.32~3/RELEASE_X86_64 x86_64
rlimit: STACK 8192k, CORE 0k, NPROC 709, NOFILE 10240, AS infinity
load average:2.34 4.53 6.94

CPU:total 4 (initial active 4) (2 cores per cpu, 2 threads per core) family 6 model 42 stepping 7, cmov, cx8, fxsr, mmx, sse, sse2, sse3, ssse3, sse4.1, sse4.2, popcnt, avx, aes, clmul, ht, tsc, tscinvbit

Memory: 4k page, physical 8388608k(25760k free)

/proc/meminfo:


vm_info: Java HotSpot(TM) 64-Bit Server VM (25.161-b12) for bsd-amd64 JRE (1.8.0_161-b12), built on Dec 19 2017 16:22:20 by "java_re" with gcc 4.2.1 (Based on Apple Inc. build 5658) (LLVM build 2336.11.00)

time: Mon Jul  1 20:19:02 2019
elapsed time: 82588 seconds (0d 22h 56m 28s)

