#
# A fatal error has been detected by the Java Runtime Environment:
#
#  SIGSEGV (0xb) at pc=0x000000010bfedbd6, pid=40913, tid=0x0000000000004603
#
# JRE version: Java(TM) SE Runtime Environment (8.0_172-b11) (build 1.8.0_172-b11)
# Java VM: Java HotSpot(TM) 64-Bit Server VM (25.172-b11 mixed mode bsd-amd64 compressed oops)
# Problematic frame:
# V  [libjvm.dylib+0x3edbd6]  MachNode::in_RegMask(unsigned int) const+0x62
#
# Failed to write core dump. Core dumps have been disabled. To enable core dumping, try "ulimit -c unlimited" before starting Java again
#
# If you would like to submit a bug report, please visit:
#   http://bugreport.java.com/bugreport/crash.jsp
#

---------------  T H R E A D  ---------------

Current thread (0x00007fca91864000):  JavaThread "C2 CompilerThread1" daemon [_thread_in_native, id=17923, stack(0x0000700010bd6000,0x0000700010cd6000)]

siginfo: si_signo: 11 (SIGSEGV), si_code: 0 (unknown), si_addr: 0x0000000000000000

Registers:
RAX=0x00007fca96efddc0, RBX=0x0000000000000002, RCX=0x000000010c4b57d0, RDX=0x0000700010cd28d8
RSP=0x0000700010cd2650, RBP=0x0000700010cd2680, RSI=0x0000000000000002, RDI=0x00407fca96efde00
R8 =0x0000000000000000, R9 =0x0000000001010101, R10=0x0000000000000001, R11=0x0000000000000001
R12=0x0000000116f10b88, R13=0x0000000116f0f4c8, R14=0x00007fca96efdd78, R15=0x0000000000000002
RIP=0x000000010bfedbd6, EFLAGS=0x0000000000010246, ERR=0x0000000000000000
  TRAPNO=0x000000000000000d

Top of Stack: (sp=0x0000700010cd2650)
0x0000700010cd2650:   0000000210cd2680 0000000000000002
0x0000700010cd2660:   0000000116f10b88 0000000116f0f4c8
0x0000700010cd2670:   0000000000000891 0000000116ed6010
0x0000700010cd2680:   0000700010cd2710 000000010bd61f13
0x0000700010cd2690:   0000000000000018 000000000000044b
0x0000700010cd26a0:   0000000a17932790 0000000000000002
0x0000700010cd26b0:   00007fcaffffffff 00007fca96efded8
0x0000700010cd26c0:   010000000000170d 00007fca91643a80
0x0000700010cd26d0:   0000000100000002 0000700010cd34e0
0x0000700010cd26e0:   00007fca96efdd78 0000700010cd34e0
0x0000700010cd26f0:   0000700010cd28d8 0000700010cd4f80
0x0000700010cd2700:   0000700010cd2998 0000700010cd2918
0x0000700010cd2710:   0000700010cd2a20 000000010bd6246d
0x0000700010cd2720:   0000700010cd2750 000000010c073cb8
0x0000700010cd2730:   00007fca92aa6ed0 00007fca92aa6ed0
0x0000700010cd2740:   0000000000000007 0000000000000029
0x0000700010cd2750:   0000700010cd2850 000000010bfb7346
0x0000700010cd2760:   0000000000000400 00007fca976e9cd0
0x0000700010cd2770:   0000000000001400 0000000000000002
0x0000700010cd2780:   0000000000000002 0000000000011800
0x0000700010cd2790:   00007fca976e008c 0000000000000000
0x0000700010cd27a0:   0000000000000000 000000010b289e00
0x0000700010cd27b0:   0000000000000000 ff80000000001002
0x0000700010cd27c0:   0000700010cdffff 0000000000000000
0x0000700010cd27d0:   0000000000000000 0000700010cd4f80
0x0000700010cd27e0:   00007fffa1108000 0000000000011800
0x0000700010cd27f0:   0000700010cd2820 00007fff98589332
0x0000700010cd2800:   0000000000011800 0000700010cd2890
0x0000700010cd2810:   000000000000000c 0000000000011800
0x0000700010cd2820:   0000700010cd2840 00007fff985882b0
0x0000700010cd2830:   0000000000000000 0000700010cd2890
0x0000700010cd2840:   0000700010cd2880 000000010c0894d2 

Instructions: (pc=0x000000010bfedbd6)
0x000000010bfedbb6:   00 4d 8b b6 88 00 00 00 4d 8b b6 88 07 00 00 49
0x000000010bfedbc6:   8b 86 b8 0a 00 00 eb 50 49 8b 46 38 48 8b 78 08
0x000000010bfedbd6:   48 8b 07 ff 50 08 42 8d 0c 38 3b 4d d4 77 0d bb
0x000000010bfedbe6:   01 00 00 00 41 bc 02 00 00 00 eb 5e bb 01 00 00 

Register to memory mapping:

RAX=0x00007fca96efddc0 is an unknown value
RBX=0x0000000000000002 is an unknown value
RCX=0x000000010c4b57d0: _ZTV10storeNNode+0x10 in /Library/Java/JavaVirtualMachines/jdk1.8.0_172.jdk/Contents/Home/jre/lib/server/libjvm.dylib at 0x000000010bc00000
RDX=0x0000700010cd28d8 is pointing into the stack for thread: 0x00007fca91864000
RSP=0x0000700010cd2650 is pointing into the stack for thread: 0x00007fca91864000
RBP=0x0000700010cd2680 is pointing into the stack for thread: 0x00007fca91864000
RSI=0x0000000000000002 is an unknown value
RDI=0x00407fca96efde00 is an unknown value
R8 =0x0000000000000000 is an unknown value
R9 =0x0000000001010101 is an unknown value
R10=0x0000000000000001 is an unknown value
R11=0x0000000000000001 is an unknown value
R12=0x0000000116f10b88 is an unknown value
R13=0x0000000116f0f4c8 is an unknown value
R14=0x00007fca96efdd78 is an unknown value
R15=0x0000000000000002 is an unknown value


Stack: [0x0000700010bd6000,0x0000700010cd6000],  sp=0x0000700010cd2650,  free space=1009k
Native frames: (J=compiled Java code, j=interpreted, Vv=VM code, C=native code)
V  [libjvm.dylib+0x3edbd6]  MachNode::in_RegMask(unsigned int) const+0x62
V  [libjvm.dylib+0x161f13]  PhaseChaitin::gather_lrg_masks(bool)+0x445
V  [libjvm.dylib+0x16246d]  PhaseChaitin::Register_Allocate()+0x2c1
V  [libjvm.dylib+0x1b1140]  Compile::Code_Gen()+0x14e
V  [libjvm.dylib+0x1b533d]  Compile::Compile(ciEnv*, C2Compiler*, ciMethod*, int, bool, bool, bool)+0x98d
V  [libjvm.dylib+0x1519e2]  C2Compiler::compile_method(ciEnv*, ciMethod*, int)+0xb2
V  [libjvm.dylib+0x1b89da]  CompileBroker::invoke_compiler_on_method(CompileTask*)+0x5b2
V  [libjvm.dylib+0x1baf21]  CompileBroker::compiler_thread_loop()+0x291
V  [libjvm.dylib+0x570a2f]  JavaThread::thread_main_inner()+0x9b
V  [libjvm.dylib+0x57212a]  JavaThread::run()+0x1c2
V  [libjvm.dylib+0x48f2f6]  java_start(Thread*)+0xf6
C  [libsystem_pthread.dylib+0x3abb]  _pthread_body+0xb4
C  [libsystem_pthread.dylib+0x3a07]  _pthread_body+0x0
C  [libsystem_pthread.dylib+0x3231]  thread_start+0xd
C  0x0000000000000000


Current CompileTask:
C2:2007231 17442       4       sun.misc.ProxyGenerator$ProxyMethod::generateMethod (733 bytes)


---------------  P R O C E S S  ---------------

Java Threads: ( => current thread )
  0x00007fca91d8a800 JavaThread "container-0" [_thread_blocked, id=30219, stack(0x0000700011c06000,0x0000700011d06000)]
  0x00007fca91d8a000 JavaThread "ContainerBackgroundProcessor[StandardEngine[Tomcat]]" daemon [_thread_blocked, id=29963, stack(0x0000700011b03000,0x0000700011c03000)]
  0x00007fca927cc800 JavaThread "Tomcat JDBC Pool Cleaner[705927765:1547658664183]" daemon [_thread_blocked, id=24847, stack(0x0000700011a00000,0x0000700011b00000)]
  0x00007fca92671800 JavaThread "localhost-startStop-1" daemon [_thread_blocked, id=25875, stack(0x00007000117fa000,0x00007000118fa000)]
  0x00007fca92670800 JavaThread "Tomcat-startStop-1" daemon [_thread_blocked, id=19991, stack(0x00007000115f4000,0x00007000116f4000)]
  0x00007fca923a0000 JavaThread "restartedMain" [_thread_in_Java, id=22295, stack(0x00007000110e5000,0x00007000111e5000)]
  0x00007fca91c91800 JavaThread "Thread-14" [_thread_blocked, id=23315, stack(0x0000700010fe2000,0x00007000110e2000)]
  0x00007fca9777a000 JavaThread "DestroyJavaVM" [_thread_blocked, id=7427, stack(0x00007000101b8000,0x00007000102b8000)]
  0x00007fca92ee4800 JavaThread "Live Reload Server" daemon [_thread_in_native, id=22795, stack(0x00007000116f7000,0x00007000117f7000)]
  0x00007fca96b55800 JavaThread "Abandoned connection cleanup thread" daemon [_thread_blocked, id=23811, stack(0x00007000118fd000,0x00007000119fd000)]
  0x00007fca91746000 JavaThread "JMX server connection timeout 18" daemon [_thread_blocked, id=15111, stack(0x00007000114f1000,0x00007000115f1000)]
  0x00007fca91746800 JavaThread "RMI Scheduler(0)" daemon [_thread_blocked, id=5383, stack(0x00007000113ee000,0x00007000114ee000)]
  0x00007fca91b0c000 JavaThread "RMI TCP Connection(2)-192.168.254.111" daemon [_thread_in_native, id=20999, stack(0x00007000111e8000,0x00007000112e8000)]
  0x00007fca92b69800 JavaThread "RMI TCP Accept-0" daemon [_thread_in_native, id=5127, stack(0x000070001002f000,0x000070001012f000)]
  0x00007fca91da1800 JavaThread "Attach Listener" daemon [_thread_blocked, id=21507, stack(0x00007000112eb000,0x00007000113eb000)]
  0x00007fca91002800 JavaThread "Service Thread" daemon [_thread_blocked, id=18947, stack(0x0000700010ddc000,0x0000700010edc000)]
  0x00007fca91864800 JavaThread "C1 CompilerThread2" daemon [_thread_blocked, id=18435, stack(0x0000700010cd9000,0x0000700010dd9000)]
=>0x00007fca91864000 JavaThread "C2 CompilerThread1" daemon [_thread_in_native, id=17923, stack(0x0000700010bd6000,0x0000700010cd6000)]
  0x00007fca91862800 JavaThread "C2 CompilerThread0" daemon [_thread_in_native, id=17411, stack(0x0000700010ad3000,0x0000700010bd3000)]
  0x00007fca91860800 JavaThread "Signal Dispatcher" daemon [_thread_blocked, id=16899, stack(0x00007000109d0000,0x0000700010ad0000)]
  0x00007fca9182b000 JavaThread "Finalizer" daemon [_thread_blocked, id=12803, stack(0x00007000108cd000,0x00007000109cd000)]
  0x00007fca9182a000 JavaThread "Reference Handler" daemon [_thread_blocked, id=12291, stack(0x00007000107ca000,0x00007000108ca000)]

Other Threads:
  0x00007fca91823800 VMThread [stack: 0x00007000106c7000,0x00007000107c7000] [id=11779]
  0x00007fca92804000 WatcherThread [stack: 0x0000700010edf000,0x0000700010fdf000] [id=19459]

VM state:not at safepoint (normal execution)

VM Mutex/Monitor currently owned by a thread: None

Heap:
 PSYoungGen      total 636928K, used 560434K [0x0000000795580000, 0x00000007c0000000, 0x00000007c0000000)
  eden space 590848K, 93% used [0x0000000795580000,0x00000007b6edfa28,0x00000007b9680000)
  from space 46080K, 22% used [0x00000007bc380000,0x00000007bcd6d118,0x00000007bf080000)
  to   space 46080K, 0% used [0x00000007b9680000,0x00000007b9680000,0x00000007bc380000)
 ParOldGen       total 152064K, used 105574K [0x0000000740000000, 0x0000000749480000, 0x0000000795580000)
  object space 152064K, 69% used [0x0000000740000000,0x0000000746719b58,0x0000000749480000)
 Metaspace       used 85570K, capacity 87516K, committed 87808K, reserved 1126400K
  class space    used 9754K, capacity 10146K, committed 10240K, reserved 1048576K

Card table byte_map: [0x000000010cf75000,0x000000010d376000] byte_map_base: 0x0000000109575000

Marking Bits: (ParMarkBitMap*) 0x000000010c4faae0
 Begin Bits: [0x000000010d621000, 0x000000010f621000)
 End Bits:   [0x000000010f621000, 0x0000000111621000)

Polling page: 0x000000010b313000

CodeCache: size=245760Kb used=49811Kb max_used=49811Kb free=195949Kb
 bounds [0x0000000118b33000, 0x000000011bc33000, 0x0000000127b33000]
 total_blobs=14414 nmethods=13618 adapters=707
 compilation: enabled

Compilation events (10 events):
Event: 2006.912 Thread 0x00007fca91864800 17496       3       org.springframework.aop.framework.autoproxy.AbstractAutoProxyCreator::postProcessBeforeInstantiation (143 bytes)
Event: 2006.914 Thread 0x00007fca91864800 nmethod 17496 0x000000011bc20e90 code [0x000000011bc210c0, 0x000000011bc21d48]
Event: 2006.916 Thread 0x00007fca91864800 17497       3       org.springframework.data.util.ParentTypeAwareTypeInformation::getSuperTypeInformation (6 bytes)
Event: 2006.916 Thread 0x00007fca91864800 nmethod 17497 0x000000011bc220d0 code [0x000000011bc22240, 0x000000011bc223c8]
Event: 2006.918 Thread 0x00007fca91864800 17499       3       org.springframework.data.jpa.repository.query.JpaQueryLookupStrategy$AbstractQueryLookupStrategy::<init> (15 bytes)
Event: 2006.918 Thread 0x00007fca91864800 nmethod 17499 0x000000011bc22450 code [0x000000011bc225c0, 0x000000011bc227b0]
Event: 2006.922 Thread 0x00007fca91864800 17500       3       sun.misc.ProxyGenerator::generateProxyClass (40 bytes)
Event: 2006.922 Thread 0x00007fca91864800 nmethod 17500 0x000000011bc22850 code [0x000000011bc229c0, 0x000000011bc22bf8]
Event: 2007.000 Thread 0x00007fca91864800 17501       3       org.springframework.beans.PropertyAccessorUtils::isNestedOrIndexedProperty (44 bytes)
Event: 2007.001 Thread 0x00007fca91864800 nmethod 17501 0x000000011bc22cd0 code [0x000000011bc22e80, 0x000000011bc23448]

GC Heap History (10 events):
Event: 1779.513 GC heap before
{Heap before GC invocations=33 (full 4):
 PSYoungGen      total 654848K, used 651225K [0x0000000795580000, 0x00000007c0000000, 0x00000007c0000000)
  eden space 617984K, 100% used [0x0000000795580000,0x00000007bb100000,0x00000007bb100000)
  from space 36864K, 90% used [0x00000007bdc00000,0x00000007bfc766e0,0x00000007c0000000)
  to   space 40448K, 0% used [0x00000007bb100000,0x00000007bb100000,0x00000007bd880000)
 ParOldGen       total 152064K, used 82020K [0x0000000740000000, 0x0000000749480000, 0x0000000795580000)
  object space 152064K, 53% used [0x0000000740000000,0x0000000745019300,0x0000000749480000)
 Metaspace       used 82293K, capacity 84172K, committed 84480K, reserved 1124352K
  class space    used 9493K, capacity 9881K, committed 9984K, reserved 1048576K
Event: 1779.710 GC heap after
Heap after GC invocations=33 (full 4):
 PSYoungGen      total 651776K, used 33430K [0x0000000795580000, 0x00000007c0000000, 0x00000007c0000000)
  eden space 617984K, 0% used [0x0000000795580000,0x0000000795580000,0x00000007bb100000)
  from space 33792K, 98% used [0x00000007bb100000,0x00000007bd1a58a0,0x00000007bd200000)
  to   space 43520K, 0% used [0x00000007bd580000,0x00000007bd580000,0x00000007c0000000)
 ParOldGen       total 152064K, used 82028K [0x0000000740000000, 0x0000000749480000, 0x0000000795580000)
  object space 152064K, 53% used [0x0000000740000000,0x000000074501b300,0x0000000749480000)
 Metaspace       used 82293K, capacity 84172K, committed 84480K, reserved 1124352K
  class space    used 9493K, capacity 9881K, committed 9984K, reserved 1048576K
}
Event: 1971.045 GC heap before
{Heap before GC invocations=34 (full 4):
 PSYoungGen      total 651776K, used 651306K [0x0000000795580000, 0x00000007c0000000, 0x00000007c0000000)
  eden space 617984K, 99% used [0x0000000795580000,0x00000007bb0e5190,0x00000007bb100000)
  from space 33792K, 98% used [0x00000007bb100000,0x00000007bd1a58a0,0x00000007bd200000)
  to   space 43520K, 0% used [0x00000007bd580000,0x00000007bd580000,0x00000007c0000000)
 ParOldGen       total 152064K, used 82028K [0x0000000740000000, 0x0000000749480000, 0x0000000795580000)
  object space 152064K, 53% used [0x0000000740000000,0x000000074501b300,0x0000000749480000)
 Metaspace       used 82379K, capacity 84260K, committed 84480K, reserved 1124352K
  class space    used 9496K, capacity 9885K, committed 9984K, reserved 1048576K
Event: 1971.376 GC heap after
Heap after GC invocations=34 (full 4):
 PSYoungGen      total 624640K, used 33782K [0x0000000795580000, 0x00000007bf680000, 0x00000007c0000000)
  eden space 590848K, 0% used [0x0000000795580000,0x0000000795580000,0x00000007b9680000)
  from space 33792K, 99% used [0x00000007bd580000,0x00000007bf67d8b0,0x00000007bf680000)
  to   space 46080K, 0% used [0x00000007b9c80000,0x00000007b9c80000,0x00000007bc980000)
 ParOldGen       total 152064K, used 82036K [0x0000000740000000, 0x0000000749480000, 0x0000000795580000)
  object space 152064K, 53% used [0x0000000740000000,0x000000074501d300,0x0000000749480000)
 Metaspace       used 82379K, capacity 84260K, committed 84480K, reserved 1124352K
  class space    used 9496K, capacity 9885K, committed 9984K, reserved 1048576K
}
Event: 1988.570 GC heap before
{Heap before GC invocations=35 (full 4):
 PSYoungGen      total 624640K, used 124372K [0x0000000795580000, 0x00000007bf680000, 0x00000007c0000000)
  eden space 590848K, 15% used [0x0000000795580000,0x000000079adf79d8,0x00000007b9680000)
  from space 33792K, 99% used [0x00000007bd580000,0x00000007bf67d8b0,0x00000007bf680000)
  to   space 46080K, 0% used [0x00000007b9c80000,0x00000007b9c80000,0x00000007bc980000)
 ParOldGen       total 152064K, used 82036K [0x0000000740000000, 0x0000000749480000, 0x0000000795580000)
  object space 152064K, 53% used [0x0000000740000000,0x000000074501d300,0x0000000749480000)
 Metaspace       used 82411K, capacity 84330K, committed 84480K, reserved 1124352K
  class space    used 9497K, capacity 9887K, committed 9984K, reserved 1048576K
Event: 1988.657 GC heap after
Heap after GC invocations=35 (full 4):
 PSYoungGen      total 620032K, used 29148K [0x0000000795580000, 0x00000007bf080000, 0x00000007c0000000)
  eden space 590848K, 0% used [0x0000000795580000,0x0000000795580000,0x00000007b9680000)
  from space 29184K, 99% used [0x00000007b9c80000,0x00000007bb8f7368,0x00000007bb900000)
  to   space 46080K, 0% used [0x00000007bc380000,0x00000007bc380000,0x00000007bf080000)
 ParOldGen       total 152064K, used 82044K [0x0000000740000000, 0x0000000749480000, 0x0000000795580000)
  object space 152064K, 53% used [0x0000000740000000,0x000000074501f300,0x0000000749480000)
 Metaspace       used 82411K, capacity 84330K, committed 84480K, reserved 1124352K
  class space    used 9497K, capacity 9887K, committed 9984K, reserved 1048576K
}
Event: 1988.657 GC heap before
{Heap before GC invocations=36 (full 5):
 PSYoungGen      total 620032K, used 29148K [0x0000000795580000, 0x00000007bf080000, 0x00000007c0000000)
  eden space 590848K, 0% used [0x0000000795580000,0x0000000795580000,0x00000007b9680000)
  from space 29184K, 99% used [0x00000007b9c80000,0x00000007bb8f7368,0x00000007bb900000)
  to   space 46080K, 0% used [0x00000007bc380000,0x00000007bc380000,0x00000007bf080000)
 ParOldGen       total 152064K, used 82044K [0x0000000740000000, 0x0000000749480000, 0x0000000795580000)
  object space 152064K, 53% used [0x0000000740000000,0x000000074501f300,0x0000000749480000)
 Metaspace       used 82411K, capacity 84330K, committed 84480K, reserved 1124352K
  class space    used 9497K, capacity 9887K, committed 9984K, reserved 1048576K
Event: 1991.207 GC heap after
Heap after GC invocations=36 (full 5):
 PSYoungGen      total 620032K, used 0K [0x0000000795580000, 0x00000007bf080000, 0x00000007c0000000)
  eden space 590848K, 0% used [0x0000000795580000,0x0000000795580000,0x00000007b9680000)
  from space 29184K, 0% used [0x00000007b9c80000,0x00000007b9c80000,0x00000007bb900000)
  to   space 46080K, 0% used [0x00000007bc380000,0x00000007bc380000,0x00000007bf080000)
 ParOldGen       total 152064K, used 105566K [0x0000000740000000, 0x0000000749480000, 0x0000000795580000)
  object space 152064K, 69% used [0x0000000740000000,0x0000000746717b58,0x0000000749480000)
 Metaspace       used 82217K, capacity 84024K, committed 84480K, reserved 1124352K
  class space    used 9466K, capacity 9832K, committed 9984K, reserved 1048576K
}
Event: 1998.879 GC heap before
{Heap before GC invocations=37 (full 5):
 PSYoungGen      total 620032K, used 590848K [0x0000000795580000, 0x00000007bf080000, 0x00000007c0000000)
  eden space 590848K, 100% used [0x0000000795580000,0x00000007b9680000,0x00000007b9680000)
  from space 29184K, 0% used [0x00000007b9c80000,0x00000007b9c80000,0x00000007bb900000)
  to   space 46080K, 0% used [0x00000007bc380000,0x00000007bc380000,0x00000007bf080000)
 ParOldGen       total 152064K, used 105566K [0x0000000740000000, 0x0000000749480000, 0x0000000795580000)
  object space 152064K, 69% used [0x0000000740000000,0x0000000746717b58,0x0000000749480000)
 Metaspace       used 82830K, capacity 84666K, committed 85120K, reserved 1124352K
  class space    used 9580K, capacity 9975K, committed 10112K, reserved 1048576K
Event: 1998.906 GC heap after
Heap after GC invocations=37 (full 5):
 PSYoungGen      total 636928K, used 10164K [0x0000000795580000, 0x00000007c0000000, 0x00000007c0000000)
  eden space 590848K, 0% used [0x0000000795580000,0x0000000795580000,0x00000007b9680000)
  from space 46080K, 22% used [0x00000007bc380000,0x00000007bcd6d118,0x00000007bf080000)
  to   space 46080K, 0% used [0x00000007b9680000,0x00000007b9680000,0x00000007bc380000)
 ParOldGen       total 152064K, used 105574K [0x0000000740000000, 0x0000000749480000, 0x0000000795580000)
  object space 152064K, 69% used [0x0000000740000000,0x0000000746719b58,0x0000000749480000)
 Metaspace       used 82830K, capacity 84666K, committed 85120K, reserved 1124352K
  class space    used 9580K, capacity 9975K, committed 10112K, reserved 1048576K
}

Deoptimization events (10 events):
Event: 1999.595 Thread 0x00007fca92671800 Uncommon trap: reason=class_check action=maybe_recompile pc=0x000000011a6c41a4 method=org.h2.result.LocalResult.getAlias(I)Ljava/lang/String; @ 6
Event: 1999.803 Thread 0x00007fca92671800 Uncommon trap: reason=unstable_if action=reinterpret pc=0x000000011b0bf668 method=org.hibernate.sql.Alias.getUnquotedAliasString(Ljava/lang/String;I)Ljava/lang/String; @ 26
Event: 1999.803 Thread 0x00007fca92671800 Uncommon trap: reason=unstable_if action=reinterpret pc=0x000000011b04326c method=org.hibernate.sql.Alias.getUnquotedAliasString(Ljava/lang/String;I)Ljava/lang/String; @ 26
Event: 2001.219 Thread 0x00007fca92671800 Uncommon trap: reason=null_check action=make_not_entrant pc=0x000000011b1939d4 method=org.hibernate.loader.plan.build.internal.AbstractLoadPlanBuildingAssociationVisitationStrategy.registeredFetchSource(Lorg/hibernate/persister/walking/spi/AssociationKey;
Event: 2001.857 Thread 0x00007fca92671800 Uncommon trap: reason=null_check action=make_not_entrant pc=0x000000011b1aec78 method=org.springframework.data.mapping.model.AbstractPersistentProperty.getGetter()Ljava/lang/reflect/Method; @ 31
Event: 2001.871 Thread 0x00007fca92671800 Uncommon trap: reason=null_check action=make_not_entrant pc=0x000000011b17c020 method=org.springframework.data.mapping.model.AbstractPersistentProperty.getSetter()Ljava/lang/reflect/Method; @ 33
Event: 2001.871 Thread 0x00007fca92671800 Uncommon trap: reason=null_check action=make_not_entrant pc=0x000000011b17c528 method=org.springframework.data.mapping.model.AbstractPersistentProperty.getGetter()Ljava/lang/reflect/Method; @ 31
Event: 2002.788 Thread 0x00007fca92671800 Uncommon trap: reason=class_check action=maybe_recompile pc=0x000000011b8e0398 method=sun.reflect.DelegatingMethodAccessorImpl.invoke(Ljava/lang/Object;[Ljava/lang/Object;)Ljava/lang/Object; @ 6
Event: 2004.682 Thread 0x00007fca923a0000 Uncommon trap: reason=class_check action=maybe_recompile pc=0x000000011b8e0398 method=sun.reflect.DelegatingMethodAccessorImpl.invoke(Ljava/lang/Object;[Ljava/lang/Object;)Ljava/lang/Object; @ 6
Event: 2004.787 Thread 0x00007fca923a0000 Uncommon trap: reason=class_check action=maybe_recompile pc=0x000000011b8e0398 method=sun.reflect.DelegatingMethodAccessorImpl.invoke(Ljava/lang/Object;[Ljava/lang/Object;)Ljava/lang/Object; @ 6

Classes redefined (0 events):
No events

Internal exceptions (10 events):
Event: 2006.387 Thread 0x00007fca923a0000 Exception <a 'java/lang/ClassNotFoundException': com/wyvernlabs/ldicp/spring/events/superadmin/data/EmployeeDataBeanInfo> (0x00000007b4c4f828) thrown at [/Users/java_re/workspace/8-2-build-macosx-x86_64/jdk8u172/10810/hotspot/src/share/vm/classfile/system
Event: 2006.388 Thread 0x00007fca923a0000 Exception <a 'java/lang/ClassNotFoundException': com/wyvernlabs/ldicp/spring/events/superadmin/data/EmployeeDataCustomizer> (0x00000007b4c732e8) thrown at [/Users/java_re/workspace/8-2-build-macosx-x86_64/jdk8u172/10810/hotspot/src/share/vm/classfile/syst
Event: 2006.432 Thread 0x00007fca923a0000 Exception <a 'java/lang/ClassNotFoundException': com/wyvernlabs/ldicp/spring/events/superadmin/data/ExecuteInitDataBeanInfo> (0x00000007b4f650f8) thrown at [/Users/java_re/workspace/8-2-build-macosx-x86_64/jdk8u172/10810/hotspot/src/share/vm/classfile/sys
Event: 2006.432 Thread 0x00007fca923a0000 Exception <a 'java/lang/ClassNotFoundException': com/wyvernlabs/ldicp/spring/events/superadmin/data/ExecuteInitDataCustomizer> (0x00000007b4f8a188) thrown at [/Users/java_re/workspace/8-2-build-macosx-x86_64/jdk8u172/10810/hotspot/src/share/vm/classfile/s
Event: 2006.444 Thread 0x00007fca923a0000 Exception <a 'java/lang/ClassNotFoundException': com/wyvernlabs/ldicp/spring/events/superadmin/data/MoInventoryDataBeanInfo> (0x00000007b4fc8cf0) thrown at [/Users/java_re/workspace/8-2-build-macosx-x86_64/jdk8u172/10810/hotspot/src/share/vm/classfile/sys
Event: 2006.445 Thread 0x00007fca923a0000 Exception <a 'java/lang/ClassNotFoundException': com/wyvernlabs/ldicp/spring/events/superadmin/data/MoInventoryDataCustomizer> (0x00000007b4fedd80) thrown at [/Users/java_re/workspace/8-2-build-macosx-x86_64/jdk8u172/10810/hotspot/src/share/vm/classfile/s
Event: 2006.870 Thread 0x00007fca923a0000 Exception <a 'java/lang/ClassNotFoundException': com/wyvernlabs/ldicp/spring/events/superadmin/data/UserDataBeanInfo> (0x00000007b5978520) thrown at [/Users/java_re/workspace/8-2-build-macosx-x86_64/jdk8u172/10810/hotspot/src/share/vm/classfile/systemDict
Event: 2006.871 Thread 0x00007fca923a0000 Exception <a 'java/lang/ClassNotFoundException': com/wyvernlabs/ldicp/spring/events/superadmin/data/UserDataCustomizer> (0x00000007b599b040) thrown at [/Users/java_re/workspace/8-2-build-macosx-x86_64/jdk8u172/10810/hotspot/src/share/vm/classfile/systemDi
Event: 2006.944 Thread 0x00007fca923a0000 Exception <a 'java/lang/ClassNotFoundException': com/wyvernlabs/ldicp/spring/events/superadmin/data/VendorDataBeanInfo> (0x00000007b5d460c8) thrown at [/Users/java_re/workspace/8-2-build-macosx-x86_64/jdk8u172/10810/hotspot/src/share/vm/classfile/systemDi
Event: 2006.945 Thread 0x00007fca923a0000 Exception <a 'java/lang/ClassNotFoundException': com/wyvernlabs/ldicp/spring/events/superadmin/data/VendorDataCustomizer> (0x00000007b5d693f0) thrown at [/Users/java_re/workspace/8-2-build-macosx-x86_64/jdk8u172/10810/hotspot/src/share/vm/classfile/system

Events (10 events):
Event: 2006.944 loading class com/wyvernlabs/ldicp/spring/events/superadmin/data/VendorDataBeanInfo
Event: 2006.944 loading class com/wyvernlabs/ldicp/spring/events/superadmin/data/VendorDataBeanInfo done
Event: 2006.945 loading class com/wyvernlabs/ldicp/spring/events/superadmin/data/VendorDataCustomizer
Event: 2006.945 loading class com/wyvernlabs/ldicp/spring/events/superadmin/data/VendorDataCustomizer done
Event: 2006.945 loading class com/wyvernlabs/ldicp/spring/events/superadmin/data/VendorDataCustomizer
Event: 2006.945 loading class com/wyvernlabs/ldicp/spring/events/superadmin/data/VendorDataCustomizer done
Event: 2006.945 loading class com/wyvernlabs/ldicp/spring/events/superadmin/data/VendorDataCustomizer
Event: 2006.945 loading class com/wyvernlabs/ldicp/spring/events/superadmin/data/VendorDataCustomizer done
Event: 2007.000 Thread 0x00007fca923a0000 DEOPT PACKING pc=0x0000000119b3c3c9 sp=0x00007000111e1aa0
Event: 2007.000 Thread 0x00007fca923a0000 DEOPT UNPACKING pc=0x0000000118b7a784 sp=0x00007000111e1808 mode 0


Dynamic libraries:
0x00007fff82ce6000 	/System/Library/Frameworks/Cocoa.framework/Versions/A/Cocoa
0x00007fff89556000 	/System/Library/Frameworks/Security.framework/Versions/A/Security
0x00007fff81c03000 	/System/Library/Frameworks/ApplicationServices.framework/Versions/A/ApplicationServices
0x00007fff9830b000 	/usr/lib/libz.1.dylib
0x00007fff96dbb000 	/usr/lib/libSystem.B.dylib
0x00007fff97ac3000 	/usr/lib/libobjc.A.dylib
0x00007fff83246000 	/System/Library/Frameworks/CoreFoundation.framework/Versions/A/CoreFoundation
0x00007fff84cc4000 	/System/Library/Frameworks/Foundation.framework/Versions/C/Foundation
0x00007fff80f1a000 	/System/Library/Frameworks/AppKit.framework/Versions/C/AppKit
0x00007fff82ebe000 	/System/Library/Frameworks/CoreData.framework/Versions/A/CoreData
0x00007fff9390e000 	/System/Library/PrivateFrameworks/RemoteViewServices.framework/Versions/A/RemoteViewServices
0x00007fff958d5000 	/System/Library/PrivateFrameworks/UIFoundation.framework/Versions/A/UIFoundation
0x00007fff97407000 	/usr/lib/libenergytrace.dylib
0x00007fff9468d000 	/System/Library/PrivateFrameworks/SkyLight.framework/Versions/A/SkyLight
0x00007fff836da000 	/System/Library/Frameworks/CoreGraphics.framework/Versions/A/CoreGraphics
0x00007fff96db7000 	/usr/lib/libScreenReader.dylib
0x00007fff7fddf000 	/System/Library/Frameworks/Accelerate.framework/Versions/A/Accelerate
0x00007fff852b6000 	/System/Library/Frameworks/IOSurface.framework/Versions/A/IOSurface
0x00007fff82122000 	/System/Library/Frameworks/AudioToolbox.framework/Versions/A/AudioToolbox
0x00007fff8232f000 	/System/Library/Frameworks/AudioUnit.framework/Versions/A/AudioUnit
0x00007fff8ef77000 	/System/Library/PrivateFrameworks/DataDetectorsCore.framework/Versions/A/DataDetectorsCore
0x00007fff8f068000 	/System/Library/PrivateFrameworks/DesktopServicesPriv.framework/Versions/A/DesktopServicesPriv
0x00007fff8283a000 	/System/Library/Frameworks/Carbon.framework/Versions/A/Frameworks/HIToolbox.framework/Versions/A/HIToolbox
0x00007fff97510000 	/usr/lib/libicucore.A.dylib
0x00007fff88df6000 	/System/Library/Frameworks/QuartzCore.framework/Versions/A/QuartzCore
0x00007fff82c00000 	/System/Library/Frameworks/Carbon.framework/Versions/A/Frameworks/SpeechRecognition.framework/Versions/A/SpeechRecognition
0x00007fff96f32000 	/usr/lib/libauto.dylib
0x00007fff981f1000 	/usr/lib/libxml2.2.dylib
0x00007fff8ec36000 	/System/Library/PrivateFrameworks/CoreUI.framework/Versions/A/CoreUI
0x00007fff82e19000 	/System/Library/Frameworks/CoreAudio.framework/Versions/A/CoreAudio
0x00007fff84b30000 	/System/Library/Frameworks/DiskArbitration.framework/Versions/A/DiskArbitration
0x00007fff9773b000 	/usr/lib/liblangid.dylib
0x00007fff9298b000 	/System/Library/PrivateFrameworks/MultitouchSupport.framework/Versions/A/MultitouchSupport
0x00007fff85220000 	/System/Library/Frameworks/IOKit.framework/Versions/A/IOKit
0x00007fff96b7d000 	/usr/lib/libDiagnosticMessagesClient.dylib
0x00007fff84115000 	/System/Library/Frameworks/CoreServices.framework/Versions/A/CoreServices
0x00007fff93209000 	/System/Library/PrivateFrameworks/PerformanceAnalysis.framework/Versions/A/PerformanceAnalysis
0x00007fff90e78000 	/System/Library/PrivateFrameworks/GenerationalStorage.framework/Versions/A/GenerationalStorage
0x00007fff880d7000 	/System/Library/Frameworks/OpenGL.framework/Versions/A/OpenGL
0x00007fff83d7b000 	/System/Library/Frameworks/CoreImage.framework/Versions/A/CoreImage
0x00007fff84842000 	/System/Library/Frameworks/CoreText.framework/Versions/A/CoreText
0x00007fff85310000 	/System/Library/Frameworks/ImageIO.framework/Versions/A/ImageIO
0x00007fff8c904000 	/System/Library/PrivateFrameworks/Backup.framework/Versions/A/Backup
0x00007fff96e28000 	/usr/lib/libarchive.2.dylib
0x00007fff82498000 	/System/Library/Frameworks/CFNetwork.framework/Versions/A/CFNetwork
0x00007fff89c9a000 	/System/Library/Frameworks/SystemConfiguration.framework/Versions/A/SystemConfiguration
0x00007fff96ac4000 	/usr/lib/libCRFSuite.dylib
0x00007fff96f53000 	/usr/lib/libc++.1.dylib
0x00007fff96faa000 	/usr/lib/libc++abi.dylib
0x00007fff9832b000 	/usr/lib/system/libcache.dylib
0x00007fff98330000 	/usr/lib/system/libcommonCrypto.dylib
0x00007fff9833b000 	/usr/lib/system/libcompiler_rt.dylib
0x00007fff98343000 	/usr/lib/system/libcopyfile.dylib
0x00007fff9834c000 	/usr/lib/system/libcorecrypto.dylib
0x00007fff983cf000 	/usr/lib/system/libdispatch.dylib
0x00007fff98402000 	/usr/lib/system/libdyld.dylib
0x00007fff98408000 	/usr/lib/system/libkeymgr.dylib
0x00007fff98416000 	/usr/lib/system/liblaunch.dylib
0x00007fff98417000 	/usr/lib/system/libmacho.dylib
0x00007fff9841d000 	/usr/lib/system/libquarantine.dylib
0x00007fff98420000 	/usr/lib/system/libremovefile.dylib
0x00007fff98422000 	/usr/lib/system/libsystem_asl.dylib
0x00007fff9843b000 	/usr/lib/system/libsystem_blocks.dylib
0x00007fff9843c000 	/usr/lib/system/libsystem_c.dylib
0x00007fff984ca000 	/usr/lib/system/libsystem_configuration.dylib
0x00007fff984ce000 	/usr/lib/system/libsystem_coreservices.dylib
0x00007fff984d2000 	/usr/lib/system/libsystem_coretls.dylib
0x00007fff984eb000 	/usr/lib/system/libsystem_dnssd.dylib
0x00007fff984f2000 	/usr/lib/system/libsystem_info.dylib
0x00007fff9851c000 	/usr/lib/system/libsystem_kernel.dylib
0x00007fff9853f000 	/usr/lib/system/libsystem_m.dylib
0x00007fff98587000 	/usr/lib/system/libsystem_malloc.dylib
0x00007fff985a6000 	/usr/lib/system/libsystem_network.dylib
0x00007fff985fd000 	/usr/lib/system/libsystem_networkextension.dylib
0x00007fff98607000 	/usr/lib/system/libsystem_notify.dylib
0x00007fff98611000 	/usr/lib/system/libsystem_platform.dylib
0x00007fff9861a000 	/usr/lib/system/libsystem_pthread.dylib
0x00007fff98625000 	/usr/lib/system/libsystem_sandbox.dylib
0x00007fff98629000 	/usr/lib/system/libsystem_secinit.dylib
0x00007fff9862b000 	/usr/lib/system/libsystem_symptoms.dylib
0x00007fff98633000 	/usr/lib/system/libsystem_trace.dylib
0x00007fff98654000 	/usr/lib/system/libunwind.dylib
0x00007fff9865a000 	/usr/lib/system/libxpc.dylib
0x00007fff96f33000 	/usr/lib/libbsm.0.dylib
0x00007fff98409000 	/usr/lib/system/libkxld.dylib
0x00007fff96ffc000 	/usr/lib/libcoretls.dylib
0x00007fff96ffd000 	/usr/lib/libcoretls_cfhelpers.dylib
0x00007fff981e0000 	/usr/lib/libxar.1.dylib
0x00007fff97f5a000 	/usr/lib/libsqlite3.dylib
0x00007fff97e9b000 	/usr/lib/libpam.2.dylib
0x00007fff96db6000 	/usr/lib/libOpenScriptingUtil.dylib
0x00007fff96f44000 	/usr/lib/libbz2.1.0.dylib
0x00007fff9773d000 	/usr/lib/liblzma.5.dylib
0x00007fff97a4a000 	/usr/lib/libnetwork.dylib
0x00007fff97ea0000 	/usr/lib/libpcap.A.dylib
0x00007fff84478000 	/System/Library/Frameworks/CoreServices.framework/Versions/A/Frameworks/FSEvents.framework/Versions/A/FSEvents
0x00007fff84168000 	/System/Library/Frameworks/CoreServices.framework/Versions/A/Frameworks/CarbonCore.framework/Versions/A/CarbonCore
0x00007fff845ed000 	/System/Library/Frameworks/CoreServices.framework/Versions/A/Frameworks/Metadata.framework/Versions/A/Metadata
0x00007fff8469e000 	/System/Library/Frameworks/CoreServices.framework/Versions/A/Frameworks/OSServices.framework/Versions/A/OSServices
0x00007fff846fe000 	/System/Library/Frameworks/CoreServices.framework/Versions/A/Frameworks/SearchKit.framework/Versions/A/SearchKit
0x00007fff84116000 	/System/Library/Frameworks/CoreServices.framework/Versions/A/Frameworks/AE.framework/Versions/A/AE
0x00007fff84481000 	/System/Library/Frameworks/CoreServices.framework/Versions/A/Frameworks/LaunchServices.framework/Versions/A/LaunchServices
0x00007fff84444000 	/System/Library/Frameworks/CoreServices.framework/Versions/A/Frameworks/DictionaryServices.framework/Versions/A/DictionaryServices
0x00007fff8476f000 	/System/Library/Frameworks/CoreServices.framework/Versions/A/Frameworks/SharedFileList.framework/Versions/A/SharedFileList
0x00007fff87139000 	/System/Library/Frameworks/NetFS.framework/Versions/A/NetFS
0x00007fff92a5e000 	/System/Library/PrivateFrameworks/NetAuth.framework/Versions/A/NetAuth
0x00007fff96a6d000 	/System/Library/PrivateFrameworks/login.framework/Versions/A/Frameworks/loginsupport.framework/Versions/A/loginsupport
0x00007fff9561a000 	/System/Library/PrivateFrameworks/TCC.framework/Versions/A/TCC
0x00007fff9776e000 	/usr/lib/libmecabra.dylib
0x00007fff81c04000 	/System/Library/Frameworks/ApplicationServices.framework/Versions/A/Frameworks/ATS.framework/Versions/A/ATS
0x00007fff81f80000 	/System/Library/Frameworks/ApplicationServices.framework/Versions/A/Frameworks/ColorSync.framework/Versions/A/ColorSync
0x00007fff8202b000 	/System/Library/Frameworks/ApplicationServices.framework/Versions/A/Frameworks/HIServices.framework/Versions/A/HIServices
0x00007fff8207c000 	/System/Library/Frameworks/ApplicationServices.framework/Versions/A/Frameworks/LangAnalysis.framework/Versions/A/LangAnalysis
0x00007fff8208c000 	/System/Library/Frameworks/ApplicationServices.framework/Versions/A/Frameworks/PrintCore.framework/Versions/A/PrintCore
0x00007fff820da000 	/System/Library/Frameworks/ApplicationServices.framework/Versions/A/Frameworks/QD.framework/Versions/A/QD
0x00007fff82116000 	/System/Library/Frameworks/ApplicationServices.framework/Versions/A/Frameworks/SpeechSynthesis.framework/Versions/A/SpeechSynthesis
0x00007fff7fdf8000 	/System/Library/Frameworks/Accelerate.framework/Versions/A/Frameworks/vImage.framework/Versions/A/vImage
0x00007fff80c5d000 	/System/Library/Frameworks/Accelerate.framework/Versions/A/Frameworks/vecLib.framework/Versions/A/vecLib
0x00007fff80a57000 	/System/Library/Frameworks/Accelerate.framework/Versions/A/Frameworks/vecLib.framework/Versions/A/libvDSP.dylib
0x00007fff80601000 	/System/Library/Frameworks/Accelerate.framework/Versions/A/Frameworks/vecLib.framework/Versions/A/libBNNS.dylib
0x00007fff80a3c000 	/System/Library/Frameworks/Accelerate.framework/Versions/A/Frameworks/vecLib.framework/Versions/A/libQuadrature.dylib
0x00007fff80ba5000 	/System/Library/Frameworks/Accelerate.framework/Versions/A/Frameworks/vecLib.framework/Versions/A/libvMisc.dylib
0x00007fff80619000 	/System/Library/Frameworks/Accelerate.framework/Versions/A/Frameworks/vecLib.framework/Versions/A/libLAPACK.dylib
0x00007fff80439000 	/System/Library/Frameworks/Accelerate.framework/Versions/A/Frameworks/vecLib.framework/Versions/A/libBLAS.dylib
0x00007fff80a25000 	/System/Library/Frameworks/Accelerate.framework/Versions/A/Frameworks/vecLib.framework/Versions/A/libLinearAlgebra.dylib
0x00007fff80a43000 	/System/Library/Frameworks/Accelerate.framework/Versions/A/Frameworks/vecLib.framework/Versions/A/libSparseBLAS.dylib
0x00007fff81d0c000 	/System/Library/Frameworks/ApplicationServices.framework/Versions/A/Frameworks/ATS.framework/Versions/A/Resources/libFontParser.dylib
0x00007fff81e3b000 	/System/Library/Frameworks/ApplicationServices.framework/Versions/A/Frameworks/ATS.framework/Versions/A/Resources/libFontRegistry.dylib
0x00007fff85561000 	/System/Library/Frameworks/ImageIO.framework/Versions/A/Resources/libJPEG.dylib
0x00007fff855af000 	/System/Library/Frameworks/ImageIO.framework/Versions/A/Resources/libTIFF.dylib
0x00007fff85585000 	/System/Library/Frameworks/ImageIO.framework/Versions/A/Resources/libPng.dylib
0x00007fff8546a000 	/System/Library/Frameworks/ImageIO.framework/Versions/A/Resources/libGIF.dylib
0x00007fff8546f000 	/System/Library/Frameworks/ImageIO.framework/Versions/A/Resources/libJP2.dylib
0x00007fff855ac000 	/System/Library/Frameworks/ImageIO.framework/Versions/A/Resources/libRadiance.dylib
0x00007fff96fe6000 	/usr/lib/libcompression.dylib
0x00007fff8c45d000 	/System/Library/PrivateFrameworks/AppleJPEG.framework/Versions/A/AppleJPEG
0x00007fff9733a000 	/usr/lib/libcups.2.dylib
0x00007fff861cf000 	/System/Library/Frameworks/Kerberos.framework/Versions/A/Kerberos
0x00007fff85097000 	/System/Library/Frameworks/GSS.framework/Versions/A/GSS
0x00007fff97eee000 	/usr/lib/libresolv.9.dylib
0x00007fff9741d000 	/usr/lib/libiconv.2.dylib
0x00007fff91586000 	/System/Library/PrivateFrameworks/Heimdal.framework/Versions/A/Heimdal
0x00007fff97417000 	/usr/lib/libheimdal-asn1.dylib
0x00007fff8754f000 	/System/Library/Frameworks/OpenDirectory.framework/Versions/A/OpenDirectory
0x00007fff8dee3000 	/System/Library/PrivateFrameworks/CommonAuth.framework/Versions/A/CommonAuth
0x00007fff87535000 	/System/Library/Frameworks/OpenDirectory.framework/Versions/A/Frameworks/CFOpenDirectory.framework/Versions/A/CFOpenDirectory
0x00007fff89872000 	/System/Library/Frameworks/SecurityFoundation.framework/Versions/A/SecurityFoundation
0x00007fff91d30000 	/System/Library/PrivateFrameworks/LanguageModeling.framework/Versions/A/LanguageModeling
0x00007fff97757000 	/usr/lib/libmarisa.dylib
0x00007fff96ae0000 	/usr/lib/libChineseTokenizer.dylib
0x00007fff96fd5000 	/usr/lib/libcmph.dylib
0x00007fff8e608000 	/System/Library/PrivateFrameworks/CoreEmoji.framework/Versions/A/CoreEmoji
0x00007fff89912000 	/System/Library/Frameworks/ServiceManagement.framework/Versions/A/ServiceManagement
0x00007fff982e1000 	/usr/lib/libxslt.1.dylib
0x00007fff82b48000 	/System/Library/Frameworks/Carbon.framework/Versions/A/Frameworks/Ink.framework/Versions/A/Ink
0x00007fff956ac000 	/System/Library/PrivateFrameworks/TextureIO.framework/Versions/A/TextureIO
0x00007fff869cc000 	/System/Library/Frameworks/Metal.framework/Versions/A/Metal
0x00007fff96e54000 	/usr/lib/libate.dylib
0x00007fff90bae000 	/System/Library/PrivateFrameworks/GPUCompiler.framework/libmetal_timestamp.dylib
0x00007fff8755e000 	/System/Library/Frameworks/OpenGL.framework/Versions/A/Libraries/libCoreFSCache.dylib
0x00007fff91c0e000 	/System/Library/PrivateFrameworks/IOAccelerator.framework/Versions/A/IOAccelerator
0x00007fff8498e000 	/System/Library/Frameworks/CoreVideo.framework/Versions/A/CoreVideo
0x00007fff96b7f000 	/usr/lib/libFosl_dynamic.dylib
0x00007fff9277a000 	/System/Library/PrivateFrameworks/MetalPerformanceShaders.framework/Versions/A/MetalPerformanceShaders
0x00007fff8f444000 	/System/Library/PrivateFrameworks/FaceCore.framework/Versions/A/FaceCore
0x00007fff874e6000 	/System/Library/Frameworks/OpenCL.framework/Versions/A/OpenCL
0x00007fff8772f000 	/System/Library/Frameworks/OpenGL.framework/Versions/A/Libraries/libGLU.dylib
0x00007fff87566000 	/System/Library/Frameworks/OpenGL.framework/Versions/A/Libraries/libGFXShared.dylib
0x00007fff8756f000 	/System/Library/Frameworks/OpenGL.framework/Versions/A/Libraries/libGL.dylib
0x00007fff8757b000 	/System/Library/Frameworks/OpenGL.framework/Versions/A/Libraries/libGLImage.dylib
0x00007fff8755b000 	/System/Library/Frameworks/OpenGL.framework/Versions/A/Libraries/libCVMSPluginSupport.dylib
0x00007fff87562000 	/System/Library/Frameworks/OpenGL.framework/Versions/A/Libraries/libCoreVMClient.dylib
0x00007fff8eec6000 	/System/Library/PrivateFrameworks/CrashReporterSupport.framework/Versions/A/CrashReporterSupport
0x00007fff945f1000 	/System/Library/PrivateFrameworks/Sharing.framework/Versions/A/Sharing
0x00007fff91c2c000 	/System/Library/PrivateFrameworks/IconServices.framework/Versions/A/IconServices
0x00007fff938da000 	/System/Library/PrivateFrameworks/ProtocolBuffer.framework/Versions/A/ProtocolBuffer
0x00007fff8c343000 	/System/Library/PrivateFrameworks/Apple80211.framework/Versions/A/Apple80211
0x00007fff849c4000 	/System/Library/Frameworks/CoreWLAN.framework/Versions/A/CoreWLAN
0x00007fff8ed71000 	/System/Library/PrivateFrameworks/CoreUtils.framework/Versions/A/CoreUtils
0x00007fff8517c000 	/System/Library/Frameworks/IOBluetooth.framework/Versions/A/IOBluetooth
0x00007fff8ee60000 	/System/Library/PrivateFrameworks/CoreWiFi.framework/Versions/A/CoreWiFi
0x00007fff82eaa000 	/System/Library/Frameworks/CoreBluetooth.framework/Versions/A/CoreBluetooth
0x00007fff831b9000 	/System/Library/Frameworks/CoreDisplay.framework/Versions/A/CoreDisplay
0x00007fff91c17000 	/System/Library/PrivateFrameworks/IOPresentment.framework/Versions/A/IOPresentment
0x00007fff8f028000 	/System/Library/PrivateFrameworks/DebugSymbols.framework/Versions/A/DebugSymbols
0x00007fff8ebab000 	/System/Library/PrivateFrameworks/CoreSymbolication.framework/Versions/A/CoreSymbolication
0x00007fff951b7000 	/System/Library/PrivateFrameworks/Symbolication.framework/Versions/A/Symbolication
0x00007fff8c366000 	/System/Library/PrivateFrameworks/AppleFSCompression.framework/Versions/A/AppleFSCompression
0x00007fff94ac8000 	/System/Library/PrivateFrameworks/SpeechRecognitionCore.framework/Versions/A/SpeechRecognitionCore
0x00007fff8d59c000 	/System/Library/PrivateFrameworks/ChunkingLibrary.framework/Versions/A/ChunkingLibrary
0x000000010bc00000 	/Library/Java/JavaVirtualMachines/jdk1.8.0_172.jdk/Contents/Home/jre/lib/server/libjvm.dylib
0x00007fff9814b000 	/usr/lib/libstdc++.6.dylib
0x000000010b2cf000 	/Library/Java/JavaVirtualMachines/jdk1.8.0_172.jdk/Contents/Home/jre/lib/libverify.dylib
0x000000010b2dd000 	/Library/Java/JavaVirtualMachines/jdk1.8.0_172.jdk/Contents/Home/jre/lib/libjava.dylib
0x000000010b31d000 	/Library/Java/JavaVirtualMachines/jdk1.8.0_172.jdk/Contents/Home/jre/lib/libzip.dylib
0x00000001151f3000 	/Library/Java/JavaVirtualMachines/jdk1.8.0_172.jdk/Contents/Home/jre/lib/libmanagement.dylib
0x0000000115201000 	/Library/Java/JavaVirtualMachines/jdk1.8.0_172.jdk/Contents/Home/jre/lib/libnet.dylib
0x000000011553c000 	/Library/Java/JavaVirtualMachines/jdk1.8.0_172.jdk/Contents/Home/jre/lib/libnio.dylib

VM Arguments:
java_command: com.wyvernlabs.ldicp.spring.events.superadmin.ApplicationProcessApplication
java_class_path (initial): /Users/a0/Documents/workspace-sts-3.9.2.RELEASE/ldilcp/superadmin/target/classes:/Users/a0/.m2/repository/org/springframework/boot/spring-boot-starter-aop/1.5.3.RELEASE/spring-boot-starter-aop-1.5.3.RELEASE.jar:/Users/a0/.m2/repository/org/jboss/logging/jboss-logging/3.3.1.Final/jboss-logging-3.3.1.Final.jar:/Users/a0/.m2/repository/org/springframework/boot/spring-boot-starter-data-jpa/1.5.3.RELEASE/spring-boot-starter-data-jpa-1.5.3.RELEASE.jar:/Users/a0/.m2/repository/aopalliance/aopalliance/1.0/aopalliance-1.0.jar:/Users/a0/.m2/repository/org/springframework/cloud/spring-cloud-starter-stream-rabbit/1.2.0.RELEASE/spring-cloud-starter-stream-rabbit-1.2.0.RELEASE.jar:/Users/a0/.m2/repository/org/hibernate/common/hibernate-commons-annotations/5.0.1.Final/hibernate-commons-annotations-5.0.1.Final.jar:/Users/a0/.m2/repository/org/springframework/boot/spring-boot-starter-web/1.5.3.RELEASE/spring-boot-starter-web-1.5.3.RELEASE.jar:/Users/a0/.m2/repository/org/springframework/spring-tx/4.3.8.RELEASE/spring-tx-4.3.8.RELEASE.jar:/Users/a0/.m2/repository/org/bouncycastle/bcpkix-jdk15on/1.47/bcpkix-jdk15on-1.47.jar:/Users/a0/.m2/repository/nz/net/ultraq/thymeleaf/thymeleaf-layout-dialect/1.4.0/thymeleaf-layout-dialect-1.4.0.jar:/Users/a0/.m2/repository/org/springframework/retry/spring-retry/1.2.0.RELEASE/spring-retry-1.2.0.RELEASE.jar:/Users/a0/.m2/repository/org/javassist/javassist/3.21.0-GA/javassist-3.21.0-GA.jar:/Users/a0/.m2/repository/org/springframework/boot/spring-boot-starter-tomcat/1.5.3.RELEASE/spring-boot-starter-tomcat-1.5.3.RELEASE.jar:/Users/a0/.m2/repository/org/apache/httpcomponents/httpcore/4.4.6/httpcore-4.4.6.jar:/Users/a0/.m2/repository/org/hibernate/hibernate-entitymanager/5.0.12.Final/hibernate-entitymanager-5.0.12.Final.jar:/Users/a0/.m2/repository/org/apache/tomcat/tomcat-jdbc/8.5.14/tomcat-jdbc-8.5.14.jar:/Users/a0/.m2/repository/com/h2database/h2/1.4.196/h2-1.4.196.jar:/Users/a0/.m2/repository/mysql/mysql-connector-java/
Launcher Type: SUN_STANDARD

Environment Variables:
JAVA_HOME=/Library/Java/JavaVirtualMachines/jdk1.8.0_172.jdk/Contents/Home
PATH=/usr/local/opt/sphinx-doc/bin:/Users/a0/.nvm/bin:/Users/a0/.nvm/versions/node/v10.14.2/bin:/Users/a0/.yarn/bin:/Users/a0/.rvm/gems/ruby-2.2.6/bin:/Users/a0/.rvm/gems/ruby-2.2.6@global/bin:/Users/a0/.rvm/rubies/ruby-2.2.6/bin:/usr/bin:/bin:/usr/sbin:/sbin:/usr/local/bin:/opt/X11/bin:/Users/a0/.rvm/bin:/Users/a0/.rvm/bin
SHELL=/bin/zsh
DISPLAY=/private/tmp/com.apple.launchd.RdP3kqBXdy/org.macosforge.xquartz:0

Signal Handlers:
SIGSEGV: [libjvm.dylib+0x5b6fd9], sa_mask[0]=11111111011111110111111111111111, sa_flags=SA_ONSTACK|SA_RESTART|SA_SIGINFO
SIGBUS: [libjvm.dylib+0x5b6fd9], sa_mask[0]=11111111011111110111111111111111, sa_flags=SA_RESTART|SA_SIGINFO
SIGFPE: [libjvm.dylib+0x48c8e8], sa_mask[0]=11111111011111110111111111111111, sa_flags=SA_RESTART|SA_SIGINFO
SIGPIPE: [libjvm.dylib+0x48c8e8], sa_mask[0]=11111111011111110111111111111111, sa_flags=SA_RESTART|SA_SIGINFO
SIGXFSZ: [libjvm.dylib+0x48c8e8], sa_mask[0]=11111111011111110111111111111111, sa_flags=SA_RESTART|SA_SIGINFO
SIGILL: [libjvm.dylib+0x48c8e8], sa_mask[0]=11111111011111110111111111111111, sa_flags=SA_RESTART|SA_SIGINFO
SIGUSR1: SIG_DFL, sa_mask[0]=11011111011111100000000111000110, sa_flags=none
SIGUSR2: [libjvm.dylib+0x48c406], sa_mask[0]=00100000000000000000000000000000, sa_flags=SA_RESTART|SA_SIGINFO
SIGHUP: [libjvm.dylib+0x48a9d1], sa_mask[0]=11111111011111110111111111111111, sa_flags=SA_RESTART|SA_SIGINFO
SIGINT: [libjvm.dylib+0x48a9d1], sa_mask[0]=11111111011111110111111111111111, sa_flags=SA_RESTART|SA_SIGINFO
SIGTERM: [libjvm.dylib+0x48a9d1], sa_mask[0]=11111111011111110111111111111111, sa_flags=SA_RESTART|SA_SIGINFO
SIGQUIT: [libjvm.dylib+0x48a9d1], sa_mask[0]=11111111011111110111111111111111, sa_flags=SA_RESTART|SA_SIGINFO


---------------  S Y S T E M  ---------------

OS:Bsduname:Darwin 16.0.0 Darwin Kernel Version 16.0.0: Mon Aug 29 17:56:20 PDT 2016; root:xnu-3789.1.32~3/RELEASE_X86_64 x86_64
rlimit: STACK 8192k, CORE 0k, NPROC 709, NOFILE 10240, AS infinity
load average:5.15 4.60 5.21

CPU:total 4 (initial active 4) (2 cores per cpu, 2 threads per core) family 6 model 42 stepping 7, cmov, cx8, fxsr, mmx, sse, sse2, sse3, ssse3, sse4.1, sse4.2, popcnt, avx, aes, clmul, ht, tsc, tscinvbit

Memory: 4k page, physical 8388608k(24656k free)

/proc/meminfo:


vm_info: Java HotSpot(TM) 64-Bit Server VM (25.172-b11) for bsd-amd64 JRE (1.8.0_172-b11), built on Mar 28 2018 15:38:02 by "java_re" with gcc 4.2.1 (Based on Apple Inc. build 5658) (LLVM build 2336.11.00)

time: Thu Jan 17 01:11:12 2019
elapsed time: 2007 seconds (0d 0h 33m 27s)

