0 info it worked if it ends with ok
1 verbose cli [ '/Users/seaver/.nvm/versions/node/v6.9.3/bin/node',
1 verbose cli   '/Users/seaver/.nvm/versions/node/v6.9.3/bin/npm',
1 verbose cli   'install' ]
2 info using npm@3.10.10
3 info using node@v6.9.3
4 silly loadCurrentTree Starting
5 silly install loadCurrentTree
6 silly install readLocalPackageData
7 silly install normalizeTree
8 silly loadCurrentTree Finishing
9 silly loadIdealTree Starting
10 silly install loadIdealTree
11 silly cloneCurrentTree Starting
12 silly install cloneCurrentTreeToIdealTree
13 silly cloneCurrentTree Finishing
14 silly loadShrinkwrap Starting
15 silly install loadShrinkwrap
16 silly loadShrinkwrap Finishing
17 silly loadAllDepsIntoIdealTree Starting
18 silly install loadAllDepsIntoIdealTree
19 silly loadAllDepsIntoIdealTree Finishing
20 silly loadIdealTree Finishing
21 silly currentTree LDI
21 silly currentTree ├── accepts@1.3.4
21 silly currentTree ├── array-flatten@1.1.1
21 silly currentTree ├── body-parser@1.18.2
21 silly currentTree ├── bytes@3.0.0
21 silly currentTree ├── content-disposition@0.5.2
21 silly currentTree ├── content-type@1.0.4
21 silly currentTree ├── cookie-signature@1.0.6
21 silly currentTree ├── cookie@0.3.1
21 silly currentTree ├── debug@2.6.9
21 silly currentTree ├── depd@1.1.2
21 silly currentTree ├── destroy@1.0.4
21 silly currentTree ├── ee-first@1.1.1
21 silly currentTree ├── encodeurl@1.0.2
21 silly currentTree ├── escape-html@1.0.3
21 silly currentTree ├── etag@1.8.1
21 silly currentTree ├── express@4.16.2
21 silly currentTree ├── finalhandler@1.1.0
21 silly currentTree ├── forwarded@0.1.2
21 silly currentTree ├── fresh@0.5.2
21 silly currentTree ├─┬ http-errors@1.6.2
21 silly currentTree │ ├── depd@1.1.1
21 silly currentTree │ └── setprototypeof@1.0.3
21 silly currentTree ├── iconv-lite@0.4.19
21 silly currentTree ├── inherits@2.0.3
21 silly currentTree ├── ipaddr.js@1.6.0
21 silly currentTree ├── media-typer@0.3.0
21 silly currentTree ├── merge-descriptors@1.0.1
21 silly currentTree ├── methods@1.1.2
21 silly currentTree ├── mime-db@1.33.0
21 silly currentTree ├── mime-types@2.1.18
21 silly currentTree ├── mime@1.4.1
21 silly currentTree ├── ms@2.0.0
21 silly currentTree ├── negotiator@0.6.1
21 silly currentTree ├── on-finished@2.3.0
21 silly currentTree ├── parseurl@1.3.2
21 silly currentTree ├── path-to-regexp@0.1.7
21 silly currentTree ├── proxy-addr@2.0.3
21 silly currentTree ├── qs@6.5.1
21 silly currentTree ├── range-parser@1.2.0
21 silly currentTree ├── raw-body@2.3.2
21 silly currentTree ├── safe-buffer@5.1.1
21 silly currentTree ├── send@0.16.1
21 silly currentTree ├── serve-static@1.13.1
21 silly currentTree ├── setprototypeof@1.1.0
21 silly currentTree ├── statuses@1.3.1
21 silly currentTree ├── type-is@1.6.16
21 silly currentTree ├── unpipe@1.0.0
21 silly currentTree ├── utils-merge@1.0.1
21 silly currentTree └── vary@1.1.2
22 silly idealTree LDI
22 silly idealTree ├── accepts@1.3.4
22 silly idealTree ├── array-flatten@1.1.1
22 silly idealTree ├── body-parser@1.18.2
22 silly idealTree ├── bytes@3.0.0
22 silly idealTree ├── content-disposition@0.5.2
22 silly idealTree ├── content-type@1.0.4
22 silly idealTree ├── cookie-signature@1.0.6
22 silly idealTree ├── cookie@0.3.1
22 silly idealTree ├── debug@2.6.9
22 silly idealTree ├── depd@1.1.2
22 silly idealTree ├── destroy@1.0.4
22 silly idealTree ├── ee-first@1.1.1
22 silly idealTree ├── encodeurl@1.0.2
22 silly idealTree ├── escape-html@1.0.3
22 silly idealTree ├── etag@1.8.1
22 silly idealTree ├── express@4.16.2
22 silly idealTree ├── finalhandler@1.1.0
22 silly idealTree ├── forwarded@0.1.2
22 silly idealTree ├── fresh@0.5.2
22 silly idealTree ├─┬ http-errors@1.6.2
22 silly idealTree │ ├── depd@1.1.1
22 silly idealTree │ └── setprototypeof@1.0.3
22 silly idealTree ├── iconv-lite@0.4.19
22 silly idealTree ├── inherits@2.0.3
22 silly idealTree ├── ipaddr.js@1.6.0
22 silly idealTree ├── media-typer@0.3.0
22 silly idealTree ├── merge-descriptors@1.0.1
22 silly idealTree ├── methods@1.1.2
22 silly idealTree ├── mime-db@1.33.0
22 silly idealTree ├── mime-types@2.1.18
22 silly idealTree ├── mime@1.4.1
22 silly idealTree ├── ms@2.0.0
22 silly idealTree ├── negotiator@0.6.1
22 silly idealTree ├── on-finished@2.3.0
22 silly idealTree ├── parseurl@1.3.2
22 silly idealTree ├── path-to-regexp@0.1.7
22 silly idealTree ├── proxy-addr@2.0.3
22 silly idealTree ├── qs@6.5.1
22 silly idealTree ├── range-parser@1.2.0
22 silly idealTree ├── raw-body@2.3.2
22 silly idealTree ├── safe-buffer@5.1.1
22 silly idealTree ├── send@0.16.1
22 silly idealTree ├── serve-static@1.13.1
22 silly idealTree ├── setprototypeof@1.1.0
22 silly idealTree ├── statuses@1.3.1
22 silly idealTree ├── type-is@1.6.16
22 silly idealTree ├── unpipe@1.0.0
22 silly idealTree ├── utils-merge@1.0.1
22 silly idealTree └── vary@1.1.2
23 silly generateActionsToTake Starting
24 silly install generateActionsToTake
25 silly generateActionsToTake Finishing
26 silly diffTrees action count 0
27 silly decomposeActions action count 0
28 silly runTopLevelLifecycles Starting
29 silly install runPreinstallTopLevelLifecycles
30 silly preinstall LDI /Users/seaver/Documents/Work/LDI/LDI-fda7f205
31 info lifecycle undefined~preinstall: undefined
32 silly lifecycle undefined~preinstall: no script for preinstall, continuing
33 silly executeActions Starting
34 silly install executeActions
35 silly doSerial global-install 0
36 silly doParallel fetch 0
37 verbose correctMkdir /Users/seaver/.npm/_locks correctMkdir not in flight; initializing
38 verbose lock using /Users/seaver/.npm/_locks/staging-aece1466cf1dac45.lock for /Users/seaver/Documents/Work/LDI/node_modules/.staging
39 silly doParallel extract 0
40 silly doParallel preinstall 0
41 silly doReverseSerial remove 0
42 silly doSerial move 0
43 silly doSerial finalize 0
44 silly doSerial build 0
45 silly doSerial global-link 0
46 silly doParallel update-linked 0
47 silly doSerial install 0
48 silly doSerial postinstall 0
49 verbose unlock done using /Users/seaver/.npm/_locks/staging-aece1466cf1dac45.lock for /Users/seaver/Documents/Work/LDI/node_modules/.staging
50 silly executeActions Finishing
51 silly rollbackFailedOptional Starting
52 silly rollbackFailedOptional Finishing
53 silly install runPostinstallTopLevelLifecycles
54 silly build LDI
55 info linkStuff !invalid#1
56 silly linkStuff !invalid#1 has /Users/seaver/Documents/Work as its parent node_modules
57 verbose linkBins !invalid#1
58 verbose linkMans !invalid#1
59 silly install LDI /Users/seaver/Documents/Work/LDI/LDI-fda7f205
60 info lifecycle undefined~install: undefined
61 silly lifecycle undefined~install: no script for install, continuing
62 silly postinstall LDI /Users/seaver/Documents/Work/LDI/LDI-fda7f205
63 info lifecycle undefined~postinstall: undefined
64 verbose lifecycle undefined~postinstall: unsafe-perm in lifecycle true
65 verbose lifecycle undefined~postinstall: PATH: /Users/seaver/.nvm/versions/node/v6.9.3/lib/node_modules/npm/bin/node-gyp-bin:/Users/seaver/Documents/Work/LDI/node_modules/.bin:/Users/seaver/.nvm/versions/node/v6.9.3/bin:/usr/local/opt/php@7.1/sbin:/usr/local/opt/php@7.1/bin:/usr/local/bin:/usr/bin:/bin:/usr/sbin:/sbin:/Library/TeX/texbin:/usr/local/share/dotnet:/opt/X11/bin:/Library/Frameworks/Mono.framework/Versions/Current/Commands:/Applications/Xamarin Workbooks.app/Contents/SharedSupport/path-bin:/Users/seaver/Library/Android/sdk/emulator:/Users/seaver/Library/Android/sdk/tools:/Users/seaver/Library/Android/sdk/tools/bin:/Users/seaver/Library/Android/sdk/platform-tools
66 verbose lifecycle undefined~postinstall: CWD: /Users/seaver/Documents/Work/LDI
67 silly lifecycle undefined~postinstall: Args: [ '-c',
67 silly lifecycle   'cd app-ui && npm install && ./node_modules/gulp/bin/gulp.js build' ]
68 silly lifecycle undefined~postinstall: Returned: code: 126  signal: null
69 info lifecycle undefined~postinstall: Failed to exec postinstall script
70 warn LDI No repository field.
71 verbose If you need help, you may report this error at:
71 verbose     <https://github.com/npm/npm/issues>
72 warn LDI No license field.
73 verbose If you need help, you may report this error at:
73 verbose     <https://github.com/npm/npm/issues>
74 verbose stack Error: undefined postinstall: `cd app-ui && npm install && ./node_modules/gulp/bin/gulp.js build`
74 verbose stack Exit status 126
74 verbose stack     at EventEmitter.<anonymous> (/Users/seaver/.nvm/versions/node/v6.9.3/lib/node_modules/npm/lib/utils/lifecycle.js:255:16)
74 verbose stack     at emitTwo (events.js:106:13)
74 verbose stack     at EventEmitter.emit (events.js:191:7)
74 verbose stack     at ChildProcess.<anonymous> (/Users/seaver/.nvm/versions/node/v6.9.3/lib/node_modules/npm/lib/utils/spawn.js:40:14)
74 verbose stack     at emitTwo (events.js:106:13)
74 verbose stack     at ChildProcess.emit (events.js:191:7)
74 verbose stack     at maybeClose (internal/child_process.js:877:16)
74 verbose stack     at Process.ChildProcess._handle.onexit (internal/child_process.js:226:5)
75 verbose cwd /Users/seaver/Documents/Work/LDI/superadmin
76 error Darwin 19.2.0
77 error argv "/Users/seaver/.nvm/versions/node/v6.9.3/bin/node" "/Users/seaver/.nvm/versions/node/v6.9.3/bin/npm" "install"
78 error node v6.9.3
79 error npm  v3.10.10
80 error code ELIFECYCLE
81 error undefined postinstall: `cd app-ui && npm install && ./node_modules/gulp/bin/gulp.js build`
81 error Exit status 126
82 error Failed at the undefined postinstall script 'cd app-ui && npm install && ./node_modules/gulp/bin/gulp.js build'.
82 error Make sure you have the latest version of node.js and npm installed.
82 error If you do, this is most likely a problem with the  package,
82 error not with npm itself.
82 error Tell the author that this fails on your system:
82 error     cd app-ui && npm install && ./node_modules/gulp/bin/gulp.js build
82 error You can get information on how to open an issue for this project with:
82 error     npm bugs
82 error Or if that isn't available, you can get their info via:
82 error     npm owner ls
82 error There is likely additional logging output above.
83 verbose exit [ 1, true ]
